2023-05-26 09:19:50,654 ERROR [xxl-job, executor ExecutorRegistryThread][XxlJobRemotingUtil.java:143] - Connection refused: connect
java.net.ConnectException: Connection refused: connect
	at java.net.DualStackPlainSocketImpl.waitForConnect(Native Method)
	at java.net.DualStackPlainSocketImpl.socketConnect(DualStackPlainSocketImpl.java:81)
	at java.net.AbstractPlainSocketImpl.doConnect(AbstractPlainSocketImpl.java:476)
	at java.net.AbstractPlainSocketImpl.connectToAddress(AbstractPlainSocketImpl.java:218)
	at java.net.AbstractPlainSocketImpl.connect(AbstractPlainSocketImpl.java:200)
	at java.net.PlainSocketImpl.connect(PlainSocketImpl.java:162)
	at java.net.SocksSocketImpl.connect(SocksSocketImpl.java:394)
	at java.net.Socket.connect(Socket.java:606)
	at sun.net.NetworkClient.doConnect(NetworkClient.java:175)
	at sun.net.www.http.HttpClient.openServer(HttpClient.java:463)
	at sun.net.www.http.HttpClient.openServer(HttpClient.java:558)
	at sun.net.www.http.HttpClient.<init>(HttpClient.java:242)
	at sun.net.www.http.HttpClient.New(HttpClient.java:339)
	at sun.net.www.http.HttpClient.New(HttpClient.java:357)
	at sun.net.www.protocol.http.HttpURLConnection.getNewHttpClient(HttpURLConnection.java:1226)
	at sun.net.www.protocol.http.HttpURLConnection.plainConnect0(HttpURLConnection.java:1162)
	at sun.net.www.protocol.http.HttpURLConnection.plainConnect(HttpURLConnection.java:1056)
	at sun.net.www.protocol.http.HttpURLConnection.connect(HttpURLConnection.java:990)
	at com.xxl.job.core.util.XxlJobRemotingUtil.postBody(XxlJobRemotingUtil.java:99)
	at com.xxl.job.core.biz.client.AdminBizClient.registry(AdminBizClient.java:42)
	at com.xxl.job.core.thread.ExecutorRegistryThread$1.run(ExecutorRegistryThread.java:48)
	at java.lang.Thread.run(Thread.java:748)
2023-05-26 09:19:52,697 ERROR [xxl-job, executor ExecutorRegistryThread][XxlJobRemotingUtil.java:143] - Connection refused: connect
java.net.ConnectException: Connection refused: connect
	at java.net.DualStackPlainSocketImpl.waitForConnect(Native Method)
	at java.net.DualStackPlainSocketImpl.socketConnect(DualStackPlainSocketImpl.java:81)
	at java.net.AbstractPlainSocketImpl.doConnect(AbstractPlainSocketImpl.java:476)
	at java.net.AbstractPlainSocketImpl.connectToAddress(AbstractPlainSocketImpl.java:218)
	at java.net.AbstractPlainSocketImpl.connect(AbstractPlainSocketImpl.java:200)
	at java.net.PlainSocketImpl.connect(PlainSocketImpl.java:162)
	at java.net.SocksSocketImpl.connect(SocksSocketImpl.java:394)
	at java.net.Socket.connect(Socket.java:606)
	at sun.net.NetworkClient.doConnect(NetworkClient.java:175)
	at sun.net.www.http.HttpClient.openServer(HttpClient.java:463)
	at sun.net.www.http.HttpClient.openServer(HttpClient.java:558)
	at sun.net.www.http.HttpClient.<init>(HttpClient.java:242)
	at sun.net.www.http.HttpClient.New(HttpClient.java:339)
	at sun.net.www.http.HttpClient.New(HttpClient.java:357)
	at sun.net.www.protocol.http.HttpURLConnection.getNewHttpClient(HttpURLConnection.java:1226)
	at sun.net.www.protocol.http.HttpURLConnection.plainConnect0(HttpURLConnection.java:1162)
	at sun.net.www.protocol.http.HttpURLConnection.plainConnect(HttpURLConnection.java:1056)
	at sun.net.www.protocol.http.HttpURLConnection.connect(HttpURLConnection.java:990)
	at com.xxl.job.core.util.XxlJobRemotingUtil.postBody(XxlJobRemotingUtil.java:99)
	at com.xxl.job.core.biz.client.AdminBizClient.registryRemove(AdminBizClient.java:47)
	at com.xxl.job.core.thread.ExecutorRegistryThread$1.run(ExecutorRegistryThread.java:84)
	at java.lang.Thread.run(Thread.java:748)
2023-05-26 09:20:24,136 ERROR [xxl-job, executor ExecutorRegistryThread][XxlJobRemotingUtil.java:143] - Connection refused: connect
java.net.ConnectException: Connection refused: connect
	at java.net.DualStackPlainSocketImpl.waitForConnect(Native Method)
	at java.net.DualStackPlainSocketImpl.socketConnect(DualStackPlainSocketImpl.java:81)
	at java.net.AbstractPlainSocketImpl.doConnect(AbstractPlainSocketImpl.java:476)
	at java.net.AbstractPlainSocketImpl.connectToAddress(AbstractPlainSocketImpl.java:218)
	at java.net.AbstractPlainSocketImpl.connect(AbstractPlainSocketImpl.java:200)
	at java.net.PlainSocketImpl.connect(PlainSocketImpl.java:162)
	at java.net.SocksSocketImpl.connect(SocksSocketImpl.java:394)
	at java.net.Socket.connect(Socket.java:606)
	at sun.net.NetworkClient.doConnect(NetworkClient.java:175)
	at sun.net.www.http.HttpClient.openServer(HttpClient.java:463)
	at sun.net.www.http.HttpClient.openServer(HttpClient.java:558)
	at sun.net.www.http.HttpClient.<init>(HttpClient.java:242)
	at sun.net.www.http.HttpClient.New(HttpClient.java:339)
	at sun.net.www.http.HttpClient.New(HttpClient.java:357)
	at sun.net.www.protocol.http.HttpURLConnection.getNewHttpClient(HttpURLConnection.java:1226)
	at sun.net.www.protocol.http.HttpURLConnection.plainConnect0(HttpURLConnection.java:1162)
	at sun.net.www.protocol.http.HttpURLConnection.plainConnect(HttpURLConnection.java:1056)
	at sun.net.www.protocol.http.HttpURLConnection.connect(HttpURLConnection.java:990)
	at com.xxl.job.core.util.XxlJobRemotingUtil.postBody(XxlJobRemotingUtil.java:99)
	at com.xxl.job.core.biz.client.AdminBizClient.registry(AdminBizClient.java:42)
	at com.xxl.job.core.thread.ExecutorRegistryThread$1.run(ExecutorRegistryThread.java:48)
	at java.lang.Thread.run(Thread.java:748)
2023-05-26 09:20:26,178 ERROR [xxl-job, executor ExecutorRegistryThread][XxlJobRemotingUtil.java:143] - Connection refused: connect
java.net.ConnectException: Connection refused: connect
	at java.net.DualStackPlainSocketImpl.waitForConnect(Native Method)
	at java.net.DualStackPlainSocketImpl.socketConnect(DualStackPlainSocketImpl.java:81)
	at java.net.AbstractPlainSocketImpl.doConnect(AbstractPlainSocketImpl.java:476)
	at java.net.AbstractPlainSocketImpl.connectToAddress(AbstractPlainSocketImpl.java:218)
	at java.net.AbstractPlainSocketImpl.connect(AbstractPlainSocketImpl.java:200)
	at java.net.PlainSocketImpl.connect(PlainSocketImpl.java:162)
	at java.net.SocksSocketImpl.connect(SocksSocketImpl.java:394)
	at java.net.Socket.connect(Socket.java:606)
	at sun.net.NetworkClient.doConnect(NetworkClient.java:175)
	at sun.net.www.http.HttpClient.openServer(HttpClient.java:463)
	at sun.net.www.http.HttpClient.openServer(HttpClient.java:558)
	at sun.net.www.http.HttpClient.<init>(HttpClient.java:242)
	at sun.net.www.http.HttpClient.New(HttpClient.java:339)
	at sun.net.www.http.HttpClient.New(HttpClient.java:357)
	at sun.net.www.protocol.http.HttpURLConnection.getNewHttpClient(HttpURLConnection.java:1226)
	at sun.net.www.protocol.http.HttpURLConnection.plainConnect0(HttpURLConnection.java:1162)
	at sun.net.www.protocol.http.HttpURLConnection.plainConnect(HttpURLConnection.java:1056)
	at sun.net.www.protocol.http.HttpURLConnection.connect(HttpURLConnection.java:990)
	at com.xxl.job.core.util.XxlJobRemotingUtil.postBody(XxlJobRemotingUtil.java:99)
	at com.xxl.job.core.biz.client.AdminBizClient.registryRemove(AdminBizClient.java:47)
	at com.xxl.job.core.thread.ExecutorRegistryThread$1.run(ExecutorRegistryThread.java:84)
	at java.lang.Thread.run(Thread.java:748)
2023-05-26 09:30:18,190 ERROR [Thread-13][EmbedServer.java:93] - >>>>>>>>>>> xxl-job remoting server error.
java.net.BindException: Address already in use: bind
	at sun.nio.ch.Net.bind0(Native Method)
	at sun.nio.ch.Net.bind(Net.java:438)
	at sun.nio.ch.Net.bind(Net.java:430)
	at sun.nio.ch.ServerSocketChannelImpl.bind(ServerSocketChannelImpl.java:225)
	at io.netty.channel.socket.nio.NioServerSocketChannel.doBind(NioServerSocketChannel.java:130)
	at io.netty.channel.AbstractChannel$AbstractUnsafe.bind(AbstractChannel.java:558)
	at io.netty.channel.DefaultChannelPipeline$HeadContext.bind(DefaultChannelPipeline.java:1358)
	at io.netty.channel.AbstractChannelHandlerContext.invokeBind(AbstractChannelHandlerContext.java:501)
	at io.netty.channel.AbstractChannelHandlerContext.bind(AbstractChannelHandlerContext.java:486)
	at io.netty.channel.DefaultChannelPipeline.bind(DefaultChannelPipeline.java:1019)
	at io.netty.channel.AbstractChannel.bind(AbstractChannel.java:254)
	at io.netty.bootstrap.AbstractBootstrap$2.run(AbstractBootstrap.java:366)
	at io.netty.util.concurrent.AbstractEventExecutor.safeExecute(AbstractEventExecutor.java:163)
	at io.netty.util.concurrent.SingleThreadEventExecutor.runAllTasks(SingleThreadEventExecutor.java:404)
	at io.netty.channel.nio.NioEventLoop.run(NioEventLoop.java:446)
	at io.netty.util.concurrent.SingleThreadEventExecutor$5.run(SingleThreadEventExecutor.java:884)
	at io.netty.util.concurrent.FastThreadLocalRunnable.run(FastThreadLocalRunnable.java:30)
	at java.lang.Thread.run(Thread.java:748)
2023-05-26 09:30:18,253 ERROR [hystrix-media-api-1][HostReactor.java:275] - [NA] failed to update serviceName: DEFAULT_GROUP@@media-api
java.lang.IllegalArgumentException: no server available
	at com.alibaba.nacos.client.naming.net.NamingProxy.reqAPI(NamingProxy.java:438)
	at com.alibaba.nacos.client.naming.net.NamingProxy.reqAPI(NamingProxy.java:386)
	at com.alibaba.nacos.client.naming.net.NamingProxy.queryList(NamingProxy.java:297)
	at com.alibaba.nacos.client.naming.core.HostReactor.updateServiceNow(HostReactor.java:270)
	at com.alibaba.nacos.client.naming.core.HostReactor.getServiceInfo(HostReactor.java:229)
	at com.alibaba.nacos.client.naming.NacosNamingService.selectInstances(NacosNamingService.java:342)
	at com.alibaba.nacos.client.naming.NacosNamingService.selectInstances(NacosNamingService.java:334)
	at com.alibaba.nacos.client.naming.NacosNamingService.selectInstances(NacosNamingService.java:323)
	at com.alibaba.nacos.client.naming.NacosNamingService.selectInstances(NacosNamingService.java:301)
	at com.alibaba.cloud.nacos.ribbon.NacosServerList.getServers(NacosServerList.java:55)
	at com.alibaba.cloud.nacos.ribbon.NacosServerList.getUpdatedListOfServers(NacosServerList.java:49)
	at com.netflix.loadbalancer.DynamicServerListLoadBalancer.updateListOfServers(DynamicServerListLoadBalancer.java:240)
	at com.netflix.loadbalancer.DynamicServerListLoadBalancer.restOfInit(DynamicServerListLoadBalancer.java:144)
	at com.netflix.loadbalancer.DynamicServerListLoadBalancer.<init>(DynamicServerListLoadBalancer.java:95)
	at com.netflix.loadbalancer.ZoneAwareLoadBalancer.<init>(ZoneAwareLoadBalancer.java:82)
	at org.springframework.cloud.netflix.ribbon.RibbonClientConfiguration.ribbonLoadBalancer(RibbonClientConfiguration.java:139)
	at org.springframework.cloud.netflix.ribbon.RibbonClientConfiguration$$EnhancerBySpringCGLIB$$ae0648ea.CGLIB$ribbonLoadBalancer$3(<generated>)
	at org.springframework.cloud.netflix.ribbon.RibbonClientConfiguration$$EnhancerBySpringCGLIB$$ae0648ea$$FastClassBySpringCGLIB$$9bd40eea.invoke(<generated>)
	at org.springframework.cglib.proxy.MethodProxy.invokeSuper(MethodProxy.java:244)
	at org.springframework.context.annotation.ConfigurationClassEnhancer$BeanMethodInterceptor.intercept(ConfigurationClassEnhancer.java:363)
	at org.springframework.cloud.netflix.ribbon.RibbonClientConfiguration$$EnhancerBySpringCGLIB$$ae0648ea.ribbonLoadBalancer(<generated>)
	at sun.reflect.NativeMethodAccessorImpl.invoke0(Native Method)
	at sun.reflect.NativeMethodAccessorImpl.invoke(NativeMethodAccessorImpl.java:62)
	at sun.reflect.DelegatingMethodAccessorImpl.invoke(DelegatingMethodAccessorImpl.java:43)
	at java.lang.reflect.Method.invoke(Method.java:498)
	at org.springframework.beans.factory.support.SimpleInstantiationStrategy.instantiate(SimpleInstantiationStrategy.java:154)
	at org.springframework.beans.factory.support.ConstructorResolver.instantiate(ConstructorResolver.java:620)
	at org.springframework.beans.factory.support.ConstructorResolver.instantiateUsingFactoryMethod(ConstructorResolver.java:605)
	at org.springframework.beans.factory.support.AbstractAutowireCapableBeanFactory.instantiateUsingFactoryMethod(AbstractAutowireCapableBeanFactory.java:1288)
	at org.springframework.beans.factory.support.AbstractAutowireCapableBeanFactory.createBeanInstance(AbstractAutowireCapableBeanFactory.java:1127)
	at org.springframework.beans.factory.support.AbstractAutowireCapableBeanFactory.doCreateBean(AbstractAutowireCapableBeanFactory.java:538)
	at org.springframework.beans.factory.support.AbstractAutowireCapableBeanFactory.createBean(AbstractAutowireCapableBeanFactory.java:498)
	at org.springframework.beans.factory.support.AbstractBeanFactory.lambda$doGetBean$0(AbstractBeanFactory.java:320)
	at org.springframework.beans.factory.support.DefaultSingletonBeanRegistry.getSingleton(DefaultSingletonBeanRegistry.java:222)
	at org.springframework.beans.factory.support.AbstractBeanFactory.doGetBean(AbstractBeanFactory.java:318)
	at org.springframework.beans.factory.support.AbstractBeanFactory.getBean(AbstractBeanFactory.java:199)
	at org.springframework.beans.factory.config.DependencyDescriptor.resolveCandidate(DependencyDescriptor.java:273)
	at org.springframework.beans.factory.support.DefaultListableBeanFactory.doResolveDependency(DefaultListableBeanFactory.java:1239)
	at org.springframework.beans.factory.support.DefaultListableBeanFactory.resolveDependency(DefaultListableBeanFactory.java:1166)
	at org.springframework.beans.factory.support.ConstructorResolver.resolveAutowiredArgument(ConstructorResolver.java:855)
	at org.springframework.beans.factory.support.ConstructorResolver.createArgumentArray(ConstructorResolver.java:758)
	at org.springframework.beans.factory.support.ConstructorResolver.instantiateUsingFactoryMethod(ConstructorResolver.java:508)
	at org.springframework.beans.factory.support.AbstractAutowireCapableBeanFactory.instantiateUsingFactoryMethod(AbstractAutowireCapableBeanFactory.java:1288)
	at org.springframework.beans.factory.support.AbstractAutowireCapableBeanFactory.createBeanInstance(AbstractAutowireCapableBeanFactory.java:1127)
	at org.springframework.beans.factory.support.AbstractAutowireCapableBeanFactory.doCreateBean(AbstractAutowireCapableBeanFactory.java:538)
	at org.springframework.beans.factory.support.AbstractAutowireCapableBeanFactory.createBean(AbstractAutowireCapableBeanFactory.java:498)
	at org.springframework.beans.factory.support.AbstractBeanFactory.lambda$doGetBean$0(AbstractBeanFactory.java:320)
	at org.springframework.beans.factory.support.DefaultSingletonBeanRegistry.getSingleton(DefaultSingletonBeanRegistry.java:222)
	at org.springframework.beans.factory.support.AbstractBeanFactory.doGetBean(AbstractBeanFactory.java:318)
	at org.springframework.beans.factory.support.AbstractBeanFactory.getBean(AbstractBeanFactory.java:199)
	at org.springframework.beans.factory.support.DefaultListableBeanFactory.preInstantiateSingletons(DefaultListableBeanFactory.java:846)
	at org.springframework.context.support.AbstractApplicationContext.finishBeanFactoryInitialization(AbstractApplicationContext.java:863)
	at org.springframework.context.support.AbstractApplicationContext.refresh(AbstractApplicationContext.java:546)
	at org.springframework.cloud.context.named.NamedContextFactory.createContext(NamedContextFactory.java:120)
	at org.springframework.cloud.context.named.NamedContextFactory.getContext(NamedContextFactory.java:88)
	at org.springframework.cloud.netflix.ribbon.SpringClientFactory.getContext(SpringClientFactory.java:118)
	at org.springframework.cloud.context.named.NamedContextFactory.getInstance(NamedContextFactory.java:129)
	at org.springframework.cloud.netflix.ribbon.SpringClientFactory.getInstance(SpringClientFactory.java:108)
	at org.springframework.cloud.netflix.ribbon.SpringClientFactory.getClientConfig(SpringClientFactory.java:65)
	at org.springframework.cloud.openfeign.ribbon.LoadBalancerFeignClient.getClientConfig(LoadBalancerFeignClient.java:80)
	at org.springframework.cloud.openfeign.ribbon.LoadBalancerFeignClient.execute(LoadBalancerFeignClient.java:64)
	at feign.SynchronousMethodHandler.executeAndDecode(SynchronousMethodHandler.java:108)
	at feign.SynchronousMethodHandler.invoke(SynchronousMethodHandler.java:78)
	at feign.hystrix.HystrixInvocationHandler$1.run(HystrixInvocationHandler.java:106)
	at com.netflix.hystrix.HystrixCommand$2.call(HystrixCommand.java:302)
	at com.netflix.hystrix.HystrixCommand$2.call(HystrixCommand.java:298)
	at rx.internal.operators.OnSubscribeDefer.call(OnSubscribeDefer.java:46)
	at rx.internal.operators.OnSubscribeDefer.call(OnSubscribeDefer.java:35)
	at rx.internal.operators.OnSubscribeLift.call(OnSubscribeLift.java:48)
	at rx.internal.operators.OnSubscribeLift.call(OnSubscribeLift.java:30)
	at rx.internal.operators.OnSubscribeLift.call(OnSubscribeLift.java:48)
	at rx.internal.operators.OnSubscribeLift.call(OnSubscribeLift.java:30)
	at rx.internal.operators.OnSubscribeLift.call(OnSubscribeLift.java:48)
	at rx.internal.operators.OnSubscribeLift.call(OnSubscribeLift.java:30)
	at rx.Observable.unsafeSubscribe(Observable.java:10151)
	at rx.internal.operators.OnSubscribeDefer.call(OnSubscribeDefer.java:51)
	at rx.internal.operators.OnSubscribeDefer.call(OnSubscribeDefer.java:35)
	at rx.Observable.unsafeSubscribe(Observable.java:10151)
	at rx.internal.operators.OnSubscribeDoOnEach.call(OnSubscribeDoOnEach.java:41)
	at rx.internal.operators.OnSubscribeDoOnEach.call(OnSubscribeDoOnEach.java:30)
	at rx.internal.operators.OnSubscribeLift.call(OnSubscribeLift.java:48)
	at rx.internal.operators.OnSubscribeLift.call(OnSubscribeLift.java:30)
	at rx.Observable.unsafeSubscribe(Observable.java:10151)
	at rx.internal.operators.OperatorSubscribeOn$1.call(OperatorSubscribeOn.java:94)
	at com.netflix.hystrix.strategy.concurrency.HystrixContexSchedulerAction$1.call(HystrixContexSchedulerAction.java:56)
	at com.netflix.hystrix.strategy.concurrency.HystrixContexSchedulerAction$1.call(HystrixContexSchedulerAction.java:47)
	at com.netflix.hystrix.strategy.concurrency.HystrixContexSchedulerAction.call(HystrixContexSchedulerAction.java:69)
	at rx.internal.schedulers.ScheduledAction.run(ScheduledAction.java:55)
	at java.util.concurrent.Executors$RunnableAdapter.call(Executors.java:511)
	at java.util.concurrent.FutureTask.run(FutureTask.java:266)
	at java.util.concurrent.ThreadPoolExecutor.runWorker(ThreadPoolExecutor.java:1149)
	at java.util.concurrent.ThreadPoolExecutor$Worker.run(ThreadPoolExecutor.java:624)
	at java.lang.Thread.run(Thread.java:748)
2023-05-26 09:33:16,660 ERROR [Thread-13][EmbedServer.java:93] - >>>>>>>>>>> xxl-job remoting server error.
java.net.BindException: Address already in use: bind
	at sun.nio.ch.Net.bind0(Native Method)
	at sun.nio.ch.Net.bind(Net.java:438)
	at sun.nio.ch.Net.bind(Net.java:430)
	at sun.nio.ch.ServerSocketChannelImpl.bind(ServerSocketChannelImpl.java:225)
	at io.netty.channel.socket.nio.NioServerSocketChannel.doBind(NioServerSocketChannel.java:130)
	at io.netty.channel.AbstractChannel$AbstractUnsafe.bind(AbstractChannel.java:558)
	at io.netty.channel.DefaultChannelPipeline$HeadContext.bind(DefaultChannelPipeline.java:1358)
	at io.netty.channel.AbstractChannelHandlerContext.invokeBind(AbstractChannelHandlerContext.java:501)
	at io.netty.channel.AbstractChannelHandlerContext.bind(AbstractChannelHandlerContext.java:486)
	at io.netty.channel.DefaultChannelPipeline.bind(DefaultChannelPipeline.java:1019)
	at io.netty.channel.AbstractChannel.bind(AbstractChannel.java:254)
	at io.netty.bootstrap.AbstractBootstrap$2.run(AbstractBootstrap.java:366)
	at io.netty.util.concurrent.AbstractEventExecutor.safeExecute(AbstractEventExecutor.java:163)
	at io.netty.util.concurrent.SingleThreadEventExecutor.runAllTasks(SingleThreadEventExecutor.java:404)
	at io.netty.channel.nio.NioEventLoop.run(NioEventLoop.java:446)
	at io.netty.util.concurrent.SingleThreadEventExecutor$5.run(SingleThreadEventExecutor.java:884)
	at io.netty.util.concurrent.FastThreadLocalRunnable.run(FastThreadLocalRunnable.java:30)
	at java.lang.Thread.run(Thread.java:748)
2023-05-26 09:33:16,683 ERROR [hystrix-media-api-1][HostReactor.java:275] - [NA] failed to update serviceName: DEFAULT_GROUP@@media-api
java.lang.IllegalArgumentException: no server available
	at com.alibaba.nacos.client.naming.net.NamingProxy.reqAPI(NamingProxy.java:438)
	at com.alibaba.nacos.client.naming.net.NamingProxy.reqAPI(NamingProxy.java:386)
	at com.alibaba.nacos.client.naming.net.NamingProxy.queryList(NamingProxy.java:297)
	at com.alibaba.nacos.client.naming.core.HostReactor.updateServiceNow(HostReactor.java:270)
	at com.alibaba.nacos.client.naming.core.HostReactor.getServiceInfo(HostReactor.java:229)
	at com.alibaba.nacos.client.naming.NacosNamingService.selectInstances(NacosNamingService.java:342)
	at com.alibaba.nacos.client.naming.NacosNamingService.selectInstances(NacosNamingService.java:334)
	at com.alibaba.nacos.client.naming.NacosNamingService.selectInstances(NacosNamingService.java:323)
	at com.alibaba.nacos.client.naming.NacosNamingService.selectInstances(NacosNamingService.java:301)
	at com.alibaba.cloud.nacos.ribbon.NacosServerList.getServers(NacosServerList.java:55)
	at com.alibaba.cloud.nacos.ribbon.NacosServerList.getUpdatedListOfServers(NacosServerList.java:49)
	at com.netflix.loadbalancer.DynamicServerListLoadBalancer.updateListOfServers(DynamicServerListLoadBalancer.java:240)
	at com.netflix.loadbalancer.DynamicServerListLoadBalancer.restOfInit(DynamicServerListLoadBalancer.java:144)
	at com.netflix.loadbalancer.DynamicServerListLoadBalancer.<init>(DynamicServerListLoadBalancer.java:95)
	at com.netflix.loadbalancer.ZoneAwareLoadBalancer.<init>(ZoneAwareLoadBalancer.java:82)
	at org.springframework.cloud.netflix.ribbon.RibbonClientConfiguration.ribbonLoadBalancer(RibbonClientConfiguration.java:139)
	at org.springframework.cloud.netflix.ribbon.RibbonClientConfiguration$$EnhancerBySpringCGLIB$$ae0648ea.CGLIB$ribbonLoadBalancer$4(<generated>)
	at org.springframework.cloud.netflix.ribbon.RibbonClientConfiguration$$EnhancerBySpringCGLIB$$ae0648ea$$FastClassBySpringCGLIB$$9bd40eea.invoke(<generated>)
	at org.springframework.cglib.proxy.MethodProxy.invokeSuper(MethodProxy.java:244)
	at org.springframework.context.annotation.ConfigurationClassEnhancer$BeanMethodInterceptor.intercept(ConfigurationClassEnhancer.java:363)
	at org.springframework.cloud.netflix.ribbon.RibbonClientConfiguration$$EnhancerBySpringCGLIB$$ae0648ea.ribbonLoadBalancer(<generated>)
	at sun.reflect.NativeMethodAccessorImpl.invoke0(Native Method)
	at sun.reflect.NativeMethodAccessorImpl.invoke(NativeMethodAccessorImpl.java:62)
	at sun.reflect.DelegatingMethodAccessorImpl.invoke(DelegatingMethodAccessorImpl.java:43)
	at java.lang.reflect.Method.invoke(Method.java:498)
	at org.springframework.beans.factory.support.SimpleInstantiationStrategy.instantiate(SimpleInstantiationStrategy.java:154)
	at org.springframework.beans.factory.support.ConstructorResolver.instantiate(ConstructorResolver.java:620)
	at org.springframework.beans.factory.support.ConstructorResolver.instantiateUsingFactoryMethod(ConstructorResolver.java:605)
	at org.springframework.beans.factory.support.AbstractAutowireCapableBeanFactory.instantiateUsingFactoryMethod(AbstractAutowireCapableBeanFactory.java:1288)
	at org.springframework.beans.factory.support.AbstractAutowireCapableBeanFactory.createBeanInstance(AbstractAutowireCapableBeanFactory.java:1127)
	at org.springframework.beans.factory.support.AbstractAutowireCapableBeanFactory.doCreateBean(AbstractAutowireCapableBeanFactory.java:538)
	at org.springframework.beans.factory.support.AbstractAutowireCapableBeanFactory.createBean(AbstractAutowireCapableBeanFactory.java:498)
	at org.springframework.beans.factory.support.AbstractBeanFactory.lambda$doGetBean$0(AbstractBeanFactory.java:320)
	at org.springframework.beans.factory.support.DefaultSingletonBeanRegistry.getSingleton(DefaultSingletonBeanRegistry.java:222)
	at org.springframework.beans.factory.support.AbstractBeanFactory.doGetBean(AbstractBeanFactory.java:318)
	at org.springframework.beans.factory.support.AbstractBeanFactory.getBean(AbstractBeanFactory.java:199)
	at org.springframework.beans.factory.config.DependencyDescriptor.resolveCandidate(DependencyDescriptor.java:273)
	at org.springframework.beans.factory.support.DefaultListableBeanFactory.doResolveDependency(DefaultListableBeanFactory.java:1239)
	at org.springframework.beans.factory.support.DefaultListableBeanFactory.resolveDependency(DefaultListableBeanFactory.java:1166)
	at org.springframework.beans.factory.support.ConstructorResolver.resolveAutowiredArgument(ConstructorResolver.java:855)
	at org.springframework.beans.factory.support.ConstructorResolver.createArgumentArray(ConstructorResolver.java:758)
	at org.springframework.beans.factory.support.ConstructorResolver.instantiateUsingFactoryMethod(ConstructorResolver.java:508)
	at org.springframework.beans.factory.support.AbstractAutowireCapableBeanFactory.instantiateUsingFactoryMethod(AbstractAutowireCapableBeanFactory.java:1288)
	at org.springframework.beans.factory.support.AbstractAutowireCapableBeanFactory.createBeanInstance(AbstractAutowireCapableBeanFactory.java:1127)
	at org.springframework.beans.factory.support.AbstractAutowireCapableBeanFactory.doCreateBean(AbstractAutowireCapableBeanFactory.java:538)
	at org.springframework.beans.factory.support.AbstractAutowireCapableBeanFactory.createBean(AbstractAutowireCapableBeanFactory.java:498)
	at org.springframework.beans.factory.support.AbstractBeanFactory.lambda$doGetBean$0(AbstractBeanFactory.java:320)
	at org.springframework.beans.factory.support.DefaultSingletonBeanRegistry.getSingleton(DefaultSingletonBeanRegistry.java:222)
	at org.springframework.beans.factory.support.AbstractBeanFactory.doGetBean(AbstractBeanFactory.java:318)
	at org.springframework.beans.factory.support.AbstractBeanFactory.getBean(AbstractBeanFactory.java:199)
	at org.springframework.beans.factory.support.DefaultListableBeanFactory.preInstantiateSingletons(DefaultListableBeanFactory.java:846)
	at org.springframework.context.support.AbstractApplicationContext.finishBeanFactoryInitialization(AbstractApplicationContext.java:863)
	at org.springframework.context.support.AbstractApplicationContext.refresh(AbstractApplicationContext.java:546)
	at org.springframework.cloud.context.named.NamedContextFactory.createContext(NamedContextFactory.java:120)
	at org.springframework.cloud.context.named.NamedContextFactory.getContext(NamedContextFactory.java:88)
	at org.springframework.cloud.netflix.ribbon.SpringClientFactory.getContext(SpringClientFactory.java:118)
	at org.springframework.cloud.context.named.NamedContextFactory.getInstance(NamedContextFactory.java:129)
	at org.springframework.cloud.netflix.ribbon.SpringClientFactory.getInstance(SpringClientFactory.java:108)
	at org.springframework.cloud.netflix.ribbon.SpringClientFactory.getClientConfig(SpringClientFactory.java:65)
	at org.springframework.cloud.openfeign.ribbon.LoadBalancerFeignClient.getClientConfig(LoadBalancerFeignClient.java:80)
	at org.springframework.cloud.openfeign.ribbon.LoadBalancerFeignClient.execute(LoadBalancerFeignClient.java:64)
	at feign.SynchronousMethodHandler.executeAndDecode(SynchronousMethodHandler.java:108)
	at feign.SynchronousMethodHandler.invoke(SynchronousMethodHandler.java:78)
	at feign.hystrix.HystrixInvocationHandler$1.run(HystrixInvocationHandler.java:106)
	at com.netflix.hystrix.HystrixCommand$2.call(HystrixCommand.java:302)
	at com.netflix.hystrix.HystrixCommand$2.call(HystrixCommand.java:298)
	at rx.internal.operators.OnSubscribeDefer.call(OnSubscribeDefer.java:46)
	at rx.internal.operators.OnSubscribeDefer.call(OnSubscribeDefer.java:35)
	at rx.internal.operators.OnSubscribeLift.call(OnSubscribeLift.java:48)
	at rx.internal.operators.OnSubscribeLift.call(OnSubscribeLift.java:30)
	at rx.internal.operators.OnSubscribeLift.call(OnSubscribeLift.java:48)
	at rx.internal.operators.OnSubscribeLift.call(OnSubscribeLift.java:30)
	at rx.internal.operators.OnSubscribeLift.call(OnSubscribeLift.java:48)
	at rx.internal.operators.OnSubscribeLift.call(OnSubscribeLift.java:30)
	at rx.Observable.unsafeSubscribe(Observable.java:10151)
	at rx.internal.operators.OnSubscribeDefer.call(OnSubscribeDefer.java:51)
	at rx.internal.operators.OnSubscribeDefer.call(OnSubscribeDefer.java:35)
	at rx.Observable.unsafeSubscribe(Observable.java:10151)
	at rx.internal.operators.OnSubscribeDoOnEach.call(OnSubscribeDoOnEach.java:41)
	at rx.internal.operators.OnSubscribeDoOnEach.call(OnSubscribeDoOnEach.java:30)
	at rx.internal.operators.OnSubscribeLift.call(OnSubscribeLift.java:48)
	at rx.internal.operators.OnSubscribeLift.call(OnSubscribeLift.java:30)
	at rx.Observable.unsafeSubscribe(Observable.java:10151)
	at rx.internal.operators.OperatorSubscribeOn$1.call(OperatorSubscribeOn.java:94)
	at com.netflix.hystrix.strategy.concurrency.HystrixContexSchedulerAction$1.call(HystrixContexSchedulerAction.java:56)
	at com.netflix.hystrix.strategy.concurrency.HystrixContexSchedulerAction$1.call(HystrixContexSchedulerAction.java:47)
	at com.netflix.hystrix.strategy.concurrency.HystrixContexSchedulerAction.call(HystrixContexSchedulerAction.java:69)
	at rx.internal.schedulers.ScheduledAction.run(ScheduledAction.java:55)
	at java.util.concurrent.Executors$RunnableAdapter.call(Executors.java:511)
	at java.util.concurrent.FutureTask.run(FutureTask.java:266)
	at java.util.concurrent.ThreadPoolExecutor.runWorker(ThreadPoolExecutor.java:1149)
	at java.util.concurrent.ThreadPoolExecutor$Worker.run(ThreadPoolExecutor.java:624)
	at java.lang.Thread.run(Thread.java:748)
2023-05-26 09:35:34,449 ERROR [Thread-13][EmbedServer.java:93] - >>>>>>>>>>> xxl-job remoting server error.
java.net.BindException: Address already in use: bind
	at sun.nio.ch.Net.bind0(Native Method)
	at sun.nio.ch.Net.bind(Net.java:438)
	at sun.nio.ch.Net.bind(Net.java:430)
	at sun.nio.ch.ServerSocketChannelImpl.bind(ServerSocketChannelImpl.java:225)
	at io.netty.channel.socket.nio.NioServerSocketChannel.doBind(NioServerSocketChannel.java:130)
	at io.netty.channel.AbstractChannel$AbstractUnsafe.bind(AbstractChannel.java:558)
	at io.netty.channel.DefaultChannelPipeline$HeadContext.bind(DefaultChannelPipeline.java:1358)
	at io.netty.channel.AbstractChannelHandlerContext.invokeBind(AbstractChannelHandlerContext.java:501)
	at io.netty.channel.AbstractChannelHandlerContext.bind(AbstractChannelHandlerContext.java:486)
	at io.netty.channel.DefaultChannelPipeline.bind(DefaultChannelPipeline.java:1019)
	at io.netty.channel.AbstractChannel.bind(AbstractChannel.java:254)
	at io.netty.bootstrap.AbstractBootstrap$2.run(AbstractBootstrap.java:366)
	at io.netty.util.concurrent.AbstractEventExecutor.safeExecute(AbstractEventExecutor.java:163)
	at io.netty.util.concurrent.SingleThreadEventExecutor.runAllTasks(SingleThreadEventExecutor.java:404)
	at io.netty.channel.nio.NioEventLoop.run(NioEventLoop.java:446)
	at io.netty.util.concurrent.SingleThreadEventExecutor$5.run(SingleThreadEventExecutor.java:884)
	at io.netty.util.concurrent.FastThreadLocalRunnable.run(FastThreadLocalRunnable.java:30)
	at java.lang.Thread.run(Thread.java:748)
2023-05-26 09:35:34,494 ERROR [hystrix-media-api-1][HostReactor.java:275] - [NA] failed to update serviceName: DEFAULT_GROUP@@media-api
java.lang.IllegalArgumentException: no server available
	at com.alibaba.nacos.client.naming.net.NamingProxy.reqAPI(NamingProxy.java:438)
	at com.alibaba.nacos.client.naming.net.NamingProxy.reqAPI(NamingProxy.java:386)
	at com.alibaba.nacos.client.naming.net.NamingProxy.queryList(NamingProxy.java:297)
	at com.alibaba.nacos.client.naming.core.HostReactor.updateServiceNow(HostReactor.java:270)
	at com.alibaba.nacos.client.naming.core.HostReactor.getServiceInfo(HostReactor.java:229)
	at com.alibaba.nacos.client.naming.NacosNamingService.selectInstances(NacosNamingService.java:342)
	at com.alibaba.nacos.client.naming.NacosNamingService.selectInstances(NacosNamingService.java:334)
	at com.alibaba.nacos.client.naming.NacosNamingService.selectInstances(NacosNamingService.java:323)
	at com.alibaba.nacos.client.naming.NacosNamingService.selectInstances(NacosNamingService.java:301)
	at com.alibaba.cloud.nacos.ribbon.NacosServerList.getServers(NacosServerList.java:55)
	at com.alibaba.cloud.nacos.ribbon.NacosServerList.getUpdatedListOfServers(NacosServerList.java:49)
	at com.netflix.loadbalancer.DynamicServerListLoadBalancer.updateListOfServers(DynamicServerListLoadBalancer.java:240)
	at com.netflix.loadbalancer.DynamicServerListLoadBalancer.restOfInit(DynamicServerListLoadBalancer.java:144)
	at com.netflix.loadbalancer.DynamicServerListLoadBalancer.<init>(DynamicServerListLoadBalancer.java:95)
	at com.netflix.loadbalancer.ZoneAwareLoadBalancer.<init>(ZoneAwareLoadBalancer.java:82)
	at org.springframework.cloud.netflix.ribbon.RibbonClientConfiguration.ribbonLoadBalancer(RibbonClientConfiguration.java:139)
	at org.springframework.cloud.netflix.ribbon.RibbonClientConfiguration$$EnhancerBySpringCGLIB$$aeab7b0e.CGLIB$ribbonLoadBalancer$4(<generated>)
	at org.springframework.cloud.netflix.ribbon.RibbonClientConfiguration$$EnhancerBySpringCGLIB$$aeab7b0e$$FastClassBySpringCGLIB$$f1df83e5.invoke(<generated>)
	at org.springframework.cglib.proxy.MethodProxy.invokeSuper(MethodProxy.java:244)
	at org.springframework.context.annotation.ConfigurationClassEnhancer$BeanMethodInterceptor.intercept(ConfigurationClassEnhancer.java:363)
	at org.springframework.cloud.netflix.ribbon.RibbonClientConfiguration$$EnhancerBySpringCGLIB$$aeab7b0e.ribbonLoadBalancer(<generated>)
	at sun.reflect.NativeMethodAccessorImpl.invoke0(Native Method)
	at sun.reflect.NativeMethodAccessorImpl.invoke(NativeMethodAccessorImpl.java:62)
	at sun.reflect.DelegatingMethodAccessorImpl.invoke(DelegatingMethodAccessorImpl.java:43)
	at java.lang.reflect.Method.invoke(Method.java:498)
	at org.springframework.beans.factory.support.SimpleInstantiationStrategy.instantiate(SimpleInstantiationStrategy.java:154)
	at org.springframework.beans.factory.support.ConstructorResolver.instantiate(ConstructorResolver.java:620)
	at org.springframework.beans.factory.support.ConstructorResolver.instantiateUsingFactoryMethod(ConstructorResolver.java:605)
	at org.springframework.beans.factory.support.AbstractAutowireCapableBeanFactory.instantiateUsingFactoryMethod(AbstractAutowireCapableBeanFactory.java:1288)
	at org.springframework.beans.factory.support.AbstractAutowireCapableBeanFactory.createBeanInstance(AbstractAutowireCapableBeanFactory.java:1127)
	at org.springframework.beans.factory.support.AbstractAutowireCapableBeanFactory.doCreateBean(AbstractAutowireCapableBeanFactory.java:538)
	at org.springframework.beans.factory.support.AbstractAutowireCapableBeanFactory.createBean(AbstractAutowireCapableBeanFactory.java:498)
	at org.springframework.beans.factory.support.AbstractBeanFactory.lambda$doGetBean$0(AbstractBeanFactory.java:320)
	at org.springframework.beans.factory.support.DefaultSingletonBeanRegistry.getSingleton(DefaultSingletonBeanRegistry.java:222)
	at org.springframework.beans.factory.support.AbstractBeanFactory.doGetBean(AbstractBeanFactory.java:318)
	at org.springframework.beans.factory.support.AbstractBeanFactory.getBean(AbstractBeanFactory.java:199)
	at org.springframework.beans.factory.config.DependencyDescriptor.resolveCandidate(DependencyDescriptor.java:273)
	at org.springframework.beans.factory.support.DefaultListableBeanFactory.doResolveDependency(DefaultListableBeanFactory.java:1239)
	at org.springframework.beans.factory.support.DefaultListableBeanFactory.resolveDependency(DefaultListableBeanFactory.java:1166)
	at org.springframework.beans.factory.support.ConstructorResolver.resolveAutowiredArgument(ConstructorResolver.java:855)
	at org.springframework.beans.factory.support.ConstructorResolver.createArgumentArray(ConstructorResolver.java:758)
	at org.springframework.beans.factory.support.ConstructorResolver.instantiateUsingFactoryMethod(ConstructorResolver.java:508)
	at org.springframework.beans.factory.support.AbstractAutowireCapableBeanFactory.instantiateUsingFactoryMethod(AbstractAutowireCapableBeanFactory.java:1288)
	at org.springframework.beans.factory.support.AbstractAutowireCapableBeanFactory.createBeanInstance(AbstractAutowireCapableBeanFactory.java:1127)
	at org.springframework.beans.factory.support.AbstractAutowireCapableBeanFactory.doCreateBean(AbstractAutowireCapableBeanFactory.java:538)
	at org.springframework.beans.factory.support.AbstractAutowireCapableBeanFactory.createBean(AbstractAutowireCapableBeanFactory.java:498)
	at org.springframework.beans.factory.support.AbstractBeanFactory.lambda$doGetBean$0(AbstractBeanFactory.java:320)
	at org.springframework.beans.factory.support.DefaultSingletonBeanRegistry.getSingleton(DefaultSingletonBeanRegistry.java:222)
	at org.springframework.beans.factory.support.AbstractBeanFactory.doGetBean(AbstractBeanFactory.java:318)
	at org.springframework.beans.factory.support.AbstractBeanFactory.getBean(AbstractBeanFactory.java:199)
	at org.springframework.beans.factory.support.DefaultListableBeanFactory.preInstantiateSingletons(DefaultListableBeanFactory.java:846)
	at org.springframework.context.support.AbstractApplicationContext.finishBeanFactoryInitialization(AbstractApplicationContext.java:863)
	at org.springframework.context.support.AbstractApplicationContext.refresh(AbstractApplicationContext.java:546)
	at org.springframework.cloud.context.named.NamedContextFactory.createContext(NamedContextFactory.java:120)
	at org.springframework.cloud.context.named.NamedContextFactory.getContext(NamedContextFactory.java:88)
	at org.springframework.cloud.netflix.ribbon.SpringClientFactory.getContext(SpringClientFactory.java:118)
	at org.springframework.cloud.context.named.NamedContextFactory.getInstance(NamedContextFactory.java:129)
	at org.springframework.cloud.netflix.ribbon.SpringClientFactory.getInstance(SpringClientFactory.java:108)
	at org.springframework.cloud.netflix.ribbon.SpringClientFactory.getClientConfig(SpringClientFactory.java:65)
	at org.springframework.cloud.openfeign.ribbon.LoadBalancerFeignClient.getClientConfig(LoadBalancerFeignClient.java:80)
	at org.springframework.cloud.openfeign.ribbon.LoadBalancerFeignClient.execute(LoadBalancerFeignClient.java:64)
	at feign.SynchronousMethodHandler.executeAndDecode(SynchronousMethodHandler.java:108)
	at feign.SynchronousMethodHandler.invoke(SynchronousMethodHandler.java:78)
	at feign.hystrix.HystrixInvocationHandler$1.run(HystrixInvocationHandler.java:106)
	at com.netflix.hystrix.HystrixCommand$2.call(HystrixCommand.java:302)
	at com.netflix.hystrix.HystrixCommand$2.call(HystrixCommand.java:298)
	at rx.internal.operators.OnSubscribeDefer.call(OnSubscribeDefer.java:46)
	at rx.internal.operators.OnSubscribeDefer.call(OnSubscribeDefer.java:35)
	at rx.internal.operators.OnSubscribeLift.call(OnSubscribeLift.java:48)
	at rx.internal.operators.OnSubscribeLift.call(OnSubscribeLift.java:30)
	at rx.internal.operators.OnSubscribeLift.call(OnSubscribeLift.java:48)
	at rx.internal.operators.OnSubscribeLift.call(OnSubscribeLift.java:30)
	at rx.internal.operators.OnSubscribeLift.call(OnSubscribeLift.java:48)
	at rx.internal.operators.OnSubscribeLift.call(OnSubscribeLift.java:30)
	at rx.Observable.unsafeSubscribe(Observable.java:10151)
	at rx.internal.operators.OnSubscribeDefer.call(OnSubscribeDefer.java:51)
	at rx.internal.operators.OnSubscribeDefer.call(OnSubscribeDefer.java:35)
	at rx.Observable.unsafeSubscribe(Observable.java:10151)
	at rx.internal.operators.OnSubscribeDoOnEach.call(OnSubscribeDoOnEach.java:41)
	at rx.internal.operators.OnSubscribeDoOnEach.call(OnSubscribeDoOnEach.java:30)
	at rx.internal.operators.OnSubscribeLift.call(OnSubscribeLift.java:48)
	at rx.internal.operators.OnSubscribeLift.call(OnSubscribeLift.java:30)
	at rx.Observable.unsafeSubscribe(Observable.java:10151)
	at rx.internal.operators.OperatorSubscribeOn$1.call(OperatorSubscribeOn.java:94)
	at com.netflix.hystrix.strategy.concurrency.HystrixContexSchedulerAction$1.call(HystrixContexSchedulerAction.java:56)
	at com.netflix.hystrix.strategy.concurrency.HystrixContexSchedulerAction$1.call(HystrixContexSchedulerAction.java:47)
	at com.netflix.hystrix.strategy.concurrency.HystrixContexSchedulerAction.call(HystrixContexSchedulerAction.java:69)
	at rx.internal.schedulers.ScheduledAction.run(ScheduledAction.java:55)
	at java.util.concurrent.Executors$RunnableAdapter.call(Executors.java:511)
	at java.util.concurrent.FutureTask.run(FutureTask.java:266)
	at java.util.concurrent.ThreadPoolExecutor.runWorker(ThreadPoolExecutor.java:1149)
	at java.util.concurrent.ThreadPoolExecutor$Worker.run(ThreadPoolExecutor.java:624)
	at java.lang.Thread.run(Thread.java:748)
2023-05-26 09:58:50,674 ERROR [Thread-13][EmbedServer.java:93] - >>>>>>>>>>> xxl-job remoting server error.
java.net.BindException: Address already in use: bind
	at sun.nio.ch.Net.bind0(Native Method)
	at sun.nio.ch.Net.bind(Net.java:438)
	at sun.nio.ch.Net.bind(Net.java:430)
	at sun.nio.ch.ServerSocketChannelImpl.bind(ServerSocketChannelImpl.java:225)
	at io.netty.channel.socket.nio.NioServerSocketChannel.doBind(NioServerSocketChannel.java:130)
	at io.netty.channel.AbstractChannel$AbstractUnsafe.bind(AbstractChannel.java:558)
	at io.netty.channel.DefaultChannelPipeline$HeadContext.bind(DefaultChannelPipeline.java:1358)
	at io.netty.channel.AbstractChannelHandlerContext.invokeBind(AbstractChannelHandlerContext.java:501)
	at io.netty.channel.AbstractChannelHandlerContext.bind(AbstractChannelHandlerContext.java:486)
	at io.netty.channel.DefaultChannelPipeline.bind(DefaultChannelPipeline.java:1019)
	at io.netty.channel.AbstractChannel.bind(AbstractChannel.java:254)
	at io.netty.bootstrap.AbstractBootstrap$2.run(AbstractBootstrap.java:366)
	at io.netty.util.concurrent.AbstractEventExecutor.safeExecute$$$capture(AbstractEventExecutor.java:163)
	at io.netty.util.concurrent.AbstractEventExecutor.safeExecute(AbstractEventExecutor.java)
	at io.netty.util.concurrent.SingleThreadEventExecutor.runAllTasks(SingleThreadEventExecutor.java:404)
	at io.netty.channel.nio.NioEventLoop.run(NioEventLoop.java:446)
	at io.netty.util.concurrent.SingleThreadEventExecutor$5.run(SingleThreadEventExecutor.java:884)
	at io.netty.util.concurrent.FastThreadLocalRunnable.run(FastThreadLocalRunnable.java:30)
	at java.lang.Thread.run(Thread.java:748)
2023-05-26 09:58:50,933 ERROR [hystrix-media-api-1][HostReactor.java:275] - [NA] failed to update serviceName: DEFAULT_GROUP@@media-api
java.lang.IllegalArgumentException: no server available
	at com.alibaba.nacos.client.naming.net.NamingProxy.reqAPI(NamingProxy.java:438)
	at com.alibaba.nacos.client.naming.net.NamingProxy.reqAPI(NamingProxy.java:386)
	at com.alibaba.nacos.client.naming.net.NamingProxy.queryList(NamingProxy.java:297)
	at com.alibaba.nacos.client.naming.core.HostReactor.updateServiceNow(HostReactor.java:270)
	at com.alibaba.nacos.client.naming.core.HostReactor.getServiceInfo(HostReactor.java:229)
	at com.alibaba.nacos.client.naming.NacosNamingService.selectInstances(NacosNamingService.java:342)
	at com.alibaba.nacos.client.naming.NacosNamingService.selectInstances(NacosNamingService.java:334)
	at com.alibaba.nacos.client.naming.NacosNamingService.selectInstances(NacosNamingService.java:323)
	at com.alibaba.nacos.client.naming.NacosNamingService.selectInstances(NacosNamingService.java:301)
	at com.alibaba.cloud.nacos.ribbon.NacosServerList.getServers(NacosServerList.java:55)
	at com.alibaba.cloud.nacos.ribbon.NacosServerList.getUpdatedListOfServers(NacosServerList.java:49)
	at com.netflix.loadbalancer.DynamicServerListLoadBalancer.updateListOfServers(DynamicServerListLoadBalancer.java:240)
	at com.netflix.loadbalancer.DynamicServerListLoadBalancer.restOfInit(DynamicServerListLoadBalancer.java:144)
	at com.netflix.loadbalancer.DynamicServerListLoadBalancer.<init>(DynamicServerListLoadBalancer.java:95)
	at com.netflix.loadbalancer.ZoneAwareLoadBalancer.<init>(ZoneAwareLoadBalancer.java:82)
	at org.springframework.cloud.netflix.ribbon.RibbonClientConfiguration.ribbonLoadBalancer(RibbonClientConfiguration.java:139)
	at org.springframework.cloud.netflix.ribbon.RibbonClientConfiguration$$EnhancerBySpringCGLIB$$6e5ad9a9.CGLIB$ribbonLoadBalancer$6(<generated>)
	at org.springframework.cloud.netflix.ribbon.RibbonClientConfiguration$$EnhancerBySpringCGLIB$$6e5ad9a9$$FastClassBySpringCGLIB$$33fd8828.invoke(<generated>)
	at org.springframework.cglib.proxy.MethodProxy.invokeSuper(MethodProxy.java:244)
	at org.springframework.context.annotation.ConfigurationClassEnhancer$BeanMethodInterceptor.intercept(ConfigurationClassEnhancer.java:363)
	at org.springframework.cloud.netflix.ribbon.RibbonClientConfiguration$$EnhancerBySpringCGLIB$$6e5ad9a9.ribbonLoadBalancer(<generated>)
	at sun.reflect.NativeMethodAccessorImpl.invoke0(Native Method)
	at sun.reflect.NativeMethodAccessorImpl.invoke(NativeMethodAccessorImpl.java:62)
	at sun.reflect.DelegatingMethodAccessorImpl.invoke(DelegatingMethodAccessorImpl.java:43)
	at java.lang.reflect.Method.invoke(Method.java:498)
	at org.springframework.beans.factory.support.SimpleInstantiationStrategy.instantiate(SimpleInstantiationStrategy.java:154)
	at org.springframework.beans.factory.support.ConstructorResolver.instantiate(ConstructorResolver.java:620)
	at org.springframework.beans.factory.support.ConstructorResolver.instantiateUsingFactoryMethod(ConstructorResolver.java:605)
	at org.springframework.beans.factory.support.AbstractAutowireCapableBeanFactory.instantiateUsingFactoryMethod(AbstractAutowireCapableBeanFactory.java:1288)
	at org.springframework.beans.factory.support.AbstractAutowireCapableBeanFactory.createBeanInstance(AbstractAutowireCapableBeanFactory.java:1127)
	at org.springframework.beans.factory.support.AbstractAutowireCapableBeanFactory.doCreateBean(AbstractAutowireCapableBeanFactory.java:538)
	at org.springframework.beans.factory.support.AbstractAutowireCapableBeanFactory.createBean(AbstractAutowireCapableBeanFactory.java:498)
	at org.springframework.beans.factory.support.AbstractBeanFactory.lambda$doGetBean$0(AbstractBeanFactory.java:320)
	at org.springframework.beans.factory.support.DefaultSingletonBeanRegistry.getSingleton(DefaultSingletonBeanRegistry.java:222)
	at org.springframework.beans.factory.support.AbstractBeanFactory.doGetBean(AbstractBeanFactory.java:318)
	at org.springframework.beans.factory.support.AbstractBeanFactory.getBean(AbstractBeanFactory.java:199)
	at org.springframework.beans.factory.config.DependencyDescriptor.resolveCandidate(DependencyDescriptor.java:273)
	at org.springframework.beans.factory.support.DefaultListableBeanFactory.doResolveDependency(DefaultListableBeanFactory.java:1239)
	at org.springframework.beans.factory.support.DefaultListableBeanFactory.resolveDependency(DefaultListableBeanFactory.java:1166)
	at org.springframework.beans.factory.support.ConstructorResolver.resolveAutowiredArgument(ConstructorResolver.java:855)
	at org.springframework.beans.factory.support.ConstructorResolver.createArgumentArray(ConstructorResolver.java:758)
	at org.springframework.beans.factory.support.ConstructorResolver.instantiateUsingFactoryMethod(ConstructorResolver.java:508)
	at org.springframework.beans.factory.support.AbstractAutowireCapableBeanFactory.instantiateUsingFactoryMethod(AbstractAutowireCapableBeanFactory.java:1288)
	at org.springframework.beans.factory.support.AbstractAutowireCapableBeanFactory.createBeanInstance(AbstractAutowireCapableBeanFactory.java:1127)
	at org.springframework.beans.factory.support.AbstractAutowireCapableBeanFactory.doCreateBean(AbstractAutowireCapableBeanFactory.java:538)
	at org.springframework.beans.factory.support.AbstractAutowireCapableBeanFactory.createBean(AbstractAutowireCapableBeanFactory.java:498)
	at org.springframework.beans.factory.support.AbstractBeanFactory.lambda$doGetBean$0(AbstractBeanFactory.java:320)
	at org.springframework.beans.factory.support.DefaultSingletonBeanRegistry.getSingleton(DefaultSingletonBeanRegistry.java:222)
	at org.springframework.beans.factory.support.AbstractBeanFactory.doGetBean(AbstractBeanFactory.java:318)
	at org.springframework.beans.factory.support.AbstractBeanFactory.getBean(AbstractBeanFactory.java:199)
	at org.springframework.beans.factory.support.DefaultListableBeanFactory.preInstantiateSingletons(DefaultListableBeanFactory.java:846)
	at org.springframework.context.support.AbstractApplicationContext.finishBeanFactoryInitialization(AbstractApplicationContext.java:863)
	at org.springframework.context.support.AbstractApplicationContext.refresh(AbstractApplicationContext.java:546)
	at org.springframework.cloud.context.named.NamedContextFactory.createContext(NamedContextFactory.java:120)
	at org.springframework.cloud.context.named.NamedContextFactory.getContext(NamedContextFactory.java:88)
	at org.springframework.cloud.netflix.ribbon.SpringClientFactory.getContext(SpringClientFactory.java:118)
	at org.springframework.cloud.context.named.NamedContextFactory.getInstance(NamedContextFactory.java:129)
	at org.springframework.cloud.netflix.ribbon.SpringClientFactory.getInstance(SpringClientFactory.java:108)
	at org.springframework.cloud.netflix.ribbon.SpringClientFactory.getClientConfig(SpringClientFactory.java:65)
	at org.springframework.cloud.openfeign.ribbon.LoadBalancerFeignClient.getClientConfig(LoadBalancerFeignClient.java:80)
	at org.springframework.cloud.openfeign.ribbon.LoadBalancerFeignClient.execute(LoadBalancerFeignClient.java:64)
	at feign.SynchronousMethodHandler.executeAndDecode(SynchronousMethodHandler.java:108)
	at feign.SynchronousMethodHandler.invoke(SynchronousMethodHandler.java:78)
	at feign.hystrix.HystrixInvocationHandler$1.run(HystrixInvocationHandler.java:106)
	at com.netflix.hystrix.HystrixCommand$2.call(HystrixCommand.java:302)
	at com.netflix.hystrix.HystrixCommand$2.call(HystrixCommand.java:298)
	at rx.internal.operators.OnSubscribeDefer.call(OnSubscribeDefer.java:46)
	at rx.internal.operators.OnSubscribeDefer.call(OnSubscribeDefer.java:35)
	at rx.internal.operators.OnSubscribeLift.call(OnSubscribeLift.java:48)
	at rx.internal.operators.OnSubscribeLift.call(OnSubscribeLift.java:30)
	at rx.internal.operators.OnSubscribeLift.call(OnSubscribeLift.java:48)
	at rx.internal.operators.OnSubscribeLift.call(OnSubscribeLift.java:30)
	at rx.internal.operators.OnSubscribeLift.call(OnSubscribeLift.java:48)
	at rx.internal.operators.OnSubscribeLift.call(OnSubscribeLift.java:30)
	at rx.Observable.unsafeSubscribe(Observable.java:10151)
	at rx.internal.operators.OnSubscribeDefer.call(OnSubscribeDefer.java:51)
	at rx.internal.operators.OnSubscribeDefer.call(OnSubscribeDefer.java:35)
	at rx.Observable.unsafeSubscribe(Observable.java:10151)
	at rx.internal.operators.OnSubscribeDoOnEach.call(OnSubscribeDoOnEach.java:41)
	at rx.internal.operators.OnSubscribeDoOnEach.call(OnSubscribeDoOnEach.java:30)
	at rx.internal.operators.OnSubscribeLift.call(OnSubscribeLift.java:48)
	at rx.internal.operators.OnSubscribeLift.call(OnSubscribeLift.java:30)
	at rx.Observable.unsafeSubscribe(Observable.java:10151)
	at rx.internal.operators.OperatorSubscribeOn$1.call(OperatorSubscribeOn.java:94)
	at com.netflix.hystrix.strategy.concurrency.HystrixContexSchedulerAction$1.call(HystrixContexSchedulerAction.java:56)
	at com.netflix.hystrix.strategy.concurrency.HystrixContexSchedulerAction$1.call(HystrixContexSchedulerAction.java:47)
	at com.netflix.hystrix.strategy.concurrency.HystrixContexSchedulerAction.call(HystrixContexSchedulerAction.java:69)
	at rx.internal.schedulers.ScheduledAction.run(ScheduledAction.java:55)
	at java.util.concurrent.Executors$RunnableAdapter.call(Executors.java:511)
	at java.util.concurrent.FutureTask.run$$$capture(FutureTask.java:266)
	at java.util.concurrent.FutureTask.run(FutureTask.java)
	at java.util.concurrent.ThreadPoolExecutor.runWorker(ThreadPoolExecutor.java:1149)
	at java.util.concurrent.ThreadPoolExecutor$Worker.run(ThreadPoolExecutor.java:624)
	at java.lang.Thread.run(Thread.java:748)
