2023-04-20 10:20:19,459 WARN [http-nio-63110-exec-5][DruidAbstractDataSource.java:1494] - discard long time none received connection. , jdbcUrl : jdbc:mysql://localhost:3307/xc_system?serverTimezone=UTC&userUnicode=true&useSSL=false&, version : 1.2.8, lastPacketReceivedIdleMillis : 1402645
2023-04-20 10:20:19,459 WARN [http-nio-63110-exec-5][DruidAbstractDataSource.java:1494] - discard long time none received connection. , jdbcUrl : jdbc:mysql://localhost:3307/xc_system?serverTimezone=UTC&userUnicode=true&useSSL=false&, version : 1.2.8, lastPacketReceivedIdleMillis : 1402645
2023-04-20 10:20:19,471 DEBUG [http-nio-63110-exec-5][DruidDataSource.java:1485] - skip not validate connection.
2023-04-20 10:20:19,471 DEBUG [http-nio-63110-exec-5][DruidDataSource.java:1485] - skip not validate connection.
2023-04-20 10:20:19,473 DEBUG [http-nio-63110-exec-5][BaseJdbcLogger.java:137] - ==>  Preparing: SELECT id,name,code,item_values FROM dictionary
2023-04-20 10:20:19,473 DEBUG [http-nio-63110-exec-5][BaseJdbcLogger.java:137] - ==>  Preparing: SELECT id,name,code,item_values FROM dictionary
2023-04-20 10:20:19,473 DEBUG [http-nio-63110-exec-5][BaseJdbcLogger.java:137] - ==> Parameters: 
2023-04-20 10:20:19,473 DEBUG [http-nio-63110-exec-5][BaseJdbcLogger.java:137] - ==> Parameters: 
2023-04-20 10:20:19,477 DEBUG [http-nio-63110-exec-5][BaseJdbcLogger.java:137] - <==      Total: 17
2023-04-20 10:20:19,477 DEBUG [http-nio-63110-exec-5][BaseJdbcLogger.java:137] - <==      Total: 17
2023-04-20 10:26:28,340 WARN [http-nio-63110-exec-7][DruidAbstractDataSource.java:1494] - discard long time none received connection. , jdbcUrl : jdbc:mysql://localhost:3307/xc_system?serverTimezone=UTC&userUnicode=true&useSSL=false&, version : 1.2.8, lastPacketReceivedIdleMillis : 368864
2023-04-20 10:26:28,340 WARN [http-nio-63110-exec-7][DruidAbstractDataSource.java:1494] - discard long time none received connection. , jdbcUrl : jdbc:mysql://localhost:3307/xc_system?serverTimezone=UTC&userUnicode=true&useSSL=false&, version : 1.2.8, lastPacketReceivedIdleMillis : 368864
2023-04-20 10:26:28,340 DEBUG [http-nio-63110-exec-7][DruidDataSource.java:1485] - skip not validate connection.
2023-04-20 10:26:28,340 DEBUG [http-nio-63110-exec-7][DruidDataSource.java:1485] - skip not validate connection.
2023-04-20 10:26:28,344 DEBUG [http-nio-63110-exec-7][BaseJdbcLogger.java:137] - ==>  Preparing: SELECT id,name,code,item_values FROM dictionary
2023-04-20 10:26:28,344 DEBUG [http-nio-63110-exec-7][BaseJdbcLogger.java:137] - ==>  Preparing: SELECT id,name,code,item_values FROM dictionary
2023-04-20 10:26:28,345 DEBUG [http-nio-63110-exec-7][BaseJdbcLogger.java:137] - ==> Parameters: 
2023-04-20 10:26:28,345 DEBUG [http-nio-63110-exec-7][BaseJdbcLogger.java:137] - ==> Parameters: 
2023-04-20 10:26:28,347 DEBUG [http-nio-63110-exec-7][BaseJdbcLogger.java:137] - <==      Total: 17
2023-04-20 10:26:28,347 DEBUG [http-nio-63110-exec-7][BaseJdbcLogger.java:137] - <==      Total: 17
