2023-05-20 08:56:27,602 INFO [main][SpringApplication.java:679] - The following profiles are active: dev
2023-05-20 08:56:27,602 INFO [main][SpringApplication.java:679] - The following profiles are active: dev
2023-05-20 08:56:28,311 DEBUG [main][LogFactory.java:105] - Logging initialized using 'class org.apache.ibatis.logging.slf4j.Slf4jImpl' adapter.
2023-05-20 08:56:28,311 DEBUG [main][LogFactory.java:105] - Logging initialized using 'class org.apache.ibatis.logging.slf4j.Slf4jImpl' adapter.
2023-05-20 08:56:28,402 INFO [main][GenericScope.java:294] - BeanFactory id=c41c4e61-4de4-30ef-80ff-27c056d3546f
2023-05-20 08:56:28,402 INFO [main][GenericScope.java:294] - BeanFactory id=c41c4e61-4de4-30ef-80ff-27c056d3546f
2023-05-20 08:56:28,417 INFO [main][PostProcessorRegistrationDelegate.java:330] - Bean 'com.x.content.feignclient.MediaServiceClient' of type [org.springframework.cloud.openfeign.FeignClientFactoryBean] is not eligible for getting processed by all BeanPostProcessors (for example: not eligible for auto-proxying)
2023-05-20 08:56:28,417 INFO [main][PostProcessorRegistrationDelegate.java:330] - Bean 'com.x.content.feignclient.MediaServiceClient' of type [org.springframework.cloud.openfeign.FeignClientFactoryBean] is not eligible for getting processed by all BeanPostProcessors (for example: not eligible for auto-proxying)
2023-05-20 08:56:28,556 INFO [main][PostProcessorRegistrationDelegate.java:330] - Bean 'org.springframework.transaction.annotation.ProxyTransactionManagementConfiguration' of type [org.springframework.transaction.annotation.ProxyTransactionManagementConfiguration$$EnhancerBySpringCGLIB$$5e76d401] is not eligible for getting processed by all BeanPostProcessors (for example: not eligible for auto-proxying)
2023-05-20 08:56:28,556 INFO [main][PostProcessorRegistrationDelegate.java:330] - Bean 'org.springframework.transaction.annotation.ProxyTransactionManagementConfiguration' of type [org.springframework.transaction.annotation.ProxyTransactionManagementConfiguration$$EnhancerBySpringCGLIB$$5e76d401] is not eligible for getting processed by all BeanPostProcessors (for example: not eligible for auto-proxying)
2023-05-20 08:56:28,569 INFO [main][PostProcessorRegistrationDelegate.java:330] - Bean 'org.springframework.cloud.autoconfigure.ConfigurationPropertiesRebinderAutoConfiguration' of type [org.springframework.cloud.autoconfigure.ConfigurationPropertiesRebinderAutoConfiguration$$EnhancerBySpringCGLIB$$7a90d6fe] is not eligible for getting processed by all BeanPostProcessors (for example: not eligible for auto-proxying)
2023-05-20 08:56:28,569 INFO [main][PostProcessorRegistrationDelegate.java:330] - Bean 'org.springframework.cloud.autoconfigure.ConfigurationPropertiesRebinderAutoConfiguration' of type [org.springframework.cloud.autoconfigure.ConfigurationPropertiesRebinderAutoConfiguration$$EnhancerBySpringCGLIB$$7a90d6fe] is not eligible for getting processed by all BeanPostProcessors (for example: not eligible for auto-proxying)
2023-05-20 08:56:28,804 INFO [main][TomcatWebServer.java:90] - Tomcat initialized with port(s): 63040 (http)
2023-05-20 08:56:28,804 INFO [main][TomcatWebServer.java:90] - Tomcat initialized with port(s): 63040 (http)
2023-05-20 08:56:28,818 INFO [main][DirectJDKLog.java:173] - Initializing ProtocolHandler ["http-nio-63040"]
2023-05-20 08:56:28,818 INFO [main][DirectJDKLog.java:173] - Initializing ProtocolHandler ["http-nio-63040"]
2023-05-20 08:56:28,828 INFO [main][DirectJDKLog.java:173] - Starting service [Tomcat]
2023-05-20 08:56:28,828 INFO [main][DirectJDKLog.java:173] - Starting service [Tomcat]
2023-05-20 08:56:28,829 INFO [main][DirectJDKLog.java:173] - Starting Servlet Engine: Apache Tomcat/9.0.12
2023-05-20 08:56:28,829 INFO [main][DirectJDKLog.java:173] - Starting Servlet Engine: Apache Tomcat/9.0.12
2023-05-20 08:56:28,835 INFO [main][DirectJDKLog.java:173] - The APR based Apache Tomcat Native library which allows optimal performance in production environments was not found on the java.library.path: [D:\software\tools\Java\jdk8\bin;C:\WINDOWS\Sun\Java\bin;C:\WINDOWS\system32;C:\WINDOWS;C:\Program Files (x86)\Common Files\Oracle\Java\javapath;D:\software\tools\python\env\Scripts\;D:\software\tools\python\env\;D:\software\Vmware\bin\;C:\WINDOWS\system32;C:\WINDOWS;C:\WINDOWS\System32\Wbem;C:\WINDOWS\System32\WindowsPowerShell\v1.0\;C:\WINDOWS\System32\OpenSSH\;D:\software\Bandizip\;D:\software\tools\Java\jdk8\bin;D:\software\tools\Java\jdk8\jre\bin;D:\software\tools\apache-maven-3.8.6\bin;D:\software\Git\cmd;D:\software\mysql5.7\bin;D:\software\mysql8\bin;D:\software\Microsoft VS Code\bin;D:\software\tools\apache-jmeter-5.5\bin;D:\software\tools\Redis3;D:\software\tools\nodeJs\;D:\software\tools\ffmpeg\bin;C:\Users\hp\AppData\Local\Microsoft\WindowsApps;;D:\software\Microsoft VS Code\bin;C:\Users\hp\AppData\Roaming\npm;.]
2023-05-20 08:56:28,835 INFO [main][DirectJDKLog.java:173] - The APR based Apache Tomcat Native library which allows optimal performance in production environments was not found on the java.library.path: [D:\software\tools\Java\jdk8\bin;C:\WINDOWS\Sun\Java\bin;C:\WINDOWS\system32;C:\WINDOWS;C:\Program Files (x86)\Common Files\Oracle\Java\javapath;D:\software\tools\python\env\Scripts\;D:\software\tools\python\env\;D:\software\Vmware\bin\;C:\WINDOWS\system32;C:\WINDOWS;C:\WINDOWS\System32\Wbem;C:\WINDOWS\System32\WindowsPowerShell\v1.0\;C:\WINDOWS\System32\OpenSSH\;D:\software\Bandizip\;D:\software\tools\Java\jdk8\bin;D:\software\tools\Java\jdk8\jre\bin;D:\software\tools\apache-maven-3.8.6\bin;D:\software\Git\cmd;D:\software\mysql5.7\bin;D:\software\mysql8\bin;D:\software\Microsoft VS Code\bin;D:\software\tools\apache-jmeter-5.5\bin;D:\software\tools\Redis3;D:\software\tools\nodeJs\;D:\software\tools\ffmpeg\bin;C:\Users\hp\AppData\Local\Microsoft\WindowsApps;;D:\software\Microsoft VS Code\bin;C:\Users\hp\AppData\Roaming\npm;.]
2023-05-20 08:56:28,937 INFO [main][DirectJDKLog.java:173] - Initializing Spring embedded WebApplicationContext
2023-05-20 08:56:28,937 INFO [main][DirectJDKLog.java:173] - Initializing Spring embedded WebApplicationContext
2023-05-20 08:56:28,938 INFO [main][ServletWebServerApplicationContext.java:285] - Root WebApplicationContext: initialization completed in 1321 ms
2023-05-20 08:56:28,938 INFO [main][ServletWebServerApplicationContext.java:285] - Root WebApplicationContext: initialization completed in 1321 ms
2023-05-20 08:56:28,966 INFO [main][ServletRegistrationBean.java:186] - Servlet dispatcherServlet mapped to [/]
2023-05-20 08:56:28,966 INFO [main][ServletRegistrationBean.java:186] - Servlet dispatcherServlet mapped to [/]
2023-05-20 08:56:28,970 INFO [main][AbstractFilterRegistrationBean.java:248] - Mapping filter: 'characterEncodingFilter' to: [/*]
2023-05-20 08:56:28,970 INFO [main][AbstractFilterRegistrationBean.java:248] - Mapping filter: 'characterEncodingFilter' to: [/*]
2023-05-20 08:56:28,971 INFO [main][AbstractFilterRegistrationBean.java:248] - Mapping filter: 'hiddenHttpMethodFilter' to: [/*]
2023-05-20 08:56:28,971 INFO [main][AbstractFilterRegistrationBean.java:248] - Mapping filter: 'hiddenHttpMethodFilter' to: [/*]
2023-05-20 08:56:28,971 INFO [main][AbstractFilterRegistrationBean.java:248] - Mapping filter: 'formContentFilter' to: [/*]
2023-05-20 08:56:28,971 INFO [main][AbstractFilterRegistrationBean.java:248] - Mapping filter: 'formContentFilter' to: [/*]
2023-05-20 08:56:28,971 INFO [main][AbstractFilterRegistrationBean.java:248] - Mapping filter: 'requestContextFilter' to: [/*]
2023-05-20 08:56:28,971 INFO [main][AbstractFilterRegistrationBean.java:248] - Mapping filter: 'requestContextFilter' to: [/*]
2023-05-20 08:56:28,971 INFO [main][AbstractFilterRegistrationBean.java:248] - Mapping filter: 'corsFilter' to: [/*]
2023-05-20 08:56:28,971 INFO [main][AbstractFilterRegistrationBean.java:248] - Mapping filter: 'corsFilter' to: [/*]
2023-05-20 08:56:29,034 INFO [main][DruidDataSourceAutoConfigure.java:56] - Init DruidDataSource
2023-05-20 08:56:29,034 INFO [main][DruidDataSourceAutoConfigure.java:56] - Init DruidDataSource
2023-05-20 08:56:29,115 INFO [main][DruidDataSource.java:998] - {dataSource-1} inited
2023-05-20 08:56:29,115 INFO [main][DruidDataSource.java:998] - {dataSource-1} inited
2023-05-20 08:56:29,167 DEBUG [main][Logger.java:49] - Registered plugin: 'com.baomidou.mybatisplus.extension.plugins.MybatisPlusInterceptor@19c1820d'
2023-05-20 08:56:29,167 DEBUG [main][Logger.java:49] - Registered plugin: 'com.baomidou.mybatisplus.extension.plugins.MybatisPlusInterceptor@19c1820d'
2023-05-20 08:56:29,168 DEBUG [main][Logger.java:49] - Property 'mapperLocations' was not specified.
2023-05-20 08:56:29,168 DEBUG [main][Logger.java:49] - Property 'mapperLocations' was not specified.
2023-05-20 08:56:29,597 DEBUG [main][MybatisConfiguration.java:128] - addMappedStatement: com.x.content.mapper.CourseBaseMapper.insert
2023-05-20 08:56:29,597 DEBUG [main][MybatisConfiguration.java:128] - addMappedStatement: com.x.content.mapper.CourseBaseMapper.insert
2023-05-20 08:56:29,603 DEBUG [main][MybatisConfiguration.java:128] - addMappedStatement: com.x.content.mapper.CourseBaseMapper.delete
2023-05-20 08:56:29,603 DEBUG [main][MybatisConfiguration.java:128] - addMappedStatement: com.x.content.mapper.CourseBaseMapper.delete
2023-05-20 08:56:29,607 DEBUG [main][MybatisConfiguration.java:128] - addMappedStatement: com.x.content.mapper.CourseBaseMapper.deleteByMap
2023-05-20 08:56:29,607 DEBUG [main][MybatisConfiguration.java:128] - addMappedStatement: com.x.content.mapper.CourseBaseMapper.deleteByMap
2023-05-20 08:56:29,635 DEBUG [main][MybatisConfiguration.java:128] - addMappedStatement: com.x.content.mapper.CourseBaseMapper.deleteById
2023-05-20 08:56:29,635 DEBUG [main][MybatisConfiguration.java:128] - addMappedStatement: com.x.content.mapper.CourseBaseMapper.deleteById
2023-05-20 08:56:29,638 DEBUG [main][MybatisConfiguration.java:128] - addMappedStatement: com.x.content.mapper.CourseBaseMapper.deleteBatchIds
2023-05-20 08:56:29,638 DEBUG [main][MybatisConfiguration.java:128] - addMappedStatement: com.x.content.mapper.CourseBaseMapper.deleteBatchIds
2023-05-20 08:56:29,645 DEBUG [main][MybatisConfiguration.java:128] - addMappedStatement: com.x.content.mapper.CourseBaseMapper.update
2023-05-20 08:56:29,645 DEBUG [main][MybatisConfiguration.java:128] - addMappedStatement: com.x.content.mapper.CourseBaseMapper.update
2023-05-20 08:56:29,651 DEBUG [main][MybatisConfiguration.java:128] - addMappedStatement: com.x.content.mapper.CourseBaseMapper.updateById
2023-05-20 08:56:29,651 DEBUG [main][MybatisConfiguration.java:128] - addMappedStatement: com.x.content.mapper.CourseBaseMapper.updateById
2023-05-20 08:56:29,654 DEBUG [main][MybatisConfiguration.java:128] - addMappedStatement: com.x.content.mapper.CourseBaseMapper.selectById
2023-05-20 08:56:29,654 DEBUG [main][MybatisConfiguration.java:128] - addMappedStatement: com.x.content.mapper.CourseBaseMapper.selectById
2023-05-20 08:56:29,657 DEBUG [main][MybatisConfiguration.java:128] - addMappedStatement: com.x.content.mapper.CourseBaseMapper.selectBatchIds
2023-05-20 08:56:29,657 DEBUG [main][MybatisConfiguration.java:128] - addMappedStatement: com.x.content.mapper.CourseBaseMapper.selectBatchIds
2023-05-20 08:56:29,660 DEBUG [main][MybatisConfiguration.java:128] - addMappedStatement: com.x.content.mapper.CourseBaseMapper.selectByMap
2023-05-20 08:56:29,660 DEBUG [main][MybatisConfiguration.java:128] - addMappedStatement: com.x.content.mapper.CourseBaseMapper.selectByMap
2023-05-20 08:56:29,666 DEBUG [main][MybatisConfiguration.java:128] - addMappedStatement: com.x.content.mapper.CourseBaseMapper.selectOne
2023-05-20 08:56:29,666 DEBUG [main][MybatisConfiguration.java:128] - addMappedStatement: com.x.content.mapper.CourseBaseMapper.selectOne
2023-05-20 08:56:29,672 DEBUG [main][MybatisConfiguration.java:128] - addMappedStatement: com.x.content.mapper.CourseBaseMapper.selectCount
2023-05-20 08:56:29,672 DEBUG [main][MybatisConfiguration.java:128] - addMappedStatement: com.x.content.mapper.CourseBaseMapper.selectCount
2023-05-20 08:56:29,677 DEBUG [main][MybatisConfiguration.java:128] - addMappedStatement: com.x.content.mapper.CourseBaseMapper.selectMaps
2023-05-20 08:56:29,677 DEBUG [main][MybatisConfiguration.java:128] - addMappedStatement: com.x.content.mapper.CourseBaseMapper.selectMaps
2023-05-20 08:56:29,685 DEBUG [main][MybatisConfiguration.java:128] - addMappedStatement: com.x.content.mapper.CourseBaseMapper.selectMapsPage
2023-05-20 08:56:29,685 DEBUG [main][MybatisConfiguration.java:128] - addMappedStatement: com.x.content.mapper.CourseBaseMapper.selectMapsPage
2023-05-20 08:56:29,692 DEBUG [main][MybatisConfiguration.java:128] - addMappedStatement: com.x.content.mapper.CourseBaseMapper.selectObjs
2023-05-20 08:56:29,692 DEBUG [main][MybatisConfiguration.java:128] - addMappedStatement: com.x.content.mapper.CourseBaseMapper.selectObjs
2023-05-20 08:56:29,697 DEBUG [main][MybatisConfiguration.java:128] - addMappedStatement: com.x.content.mapper.CourseBaseMapper.selectList
2023-05-20 08:56:29,697 DEBUG [main][MybatisConfiguration.java:128] - addMappedStatement: com.x.content.mapper.CourseBaseMapper.selectList
2023-05-20 08:56:29,701 DEBUG [main][MybatisConfiguration.java:128] - addMappedStatement: com.x.content.mapper.CourseBaseMapper.selectPage
2023-05-20 08:56:29,701 DEBUG [main][MybatisConfiguration.java:128] - addMappedStatement: com.x.content.mapper.CourseBaseMapper.selectPage
2023-05-20 08:56:29,727 DEBUG [main][MybatisConfiguration.java:128] - addMappedStatement: com.x.content.mapper.CourseMarketMapper.insert
2023-05-20 08:56:29,727 DEBUG [main][MybatisConfiguration.java:128] - addMappedStatement: com.x.content.mapper.CourseMarketMapper.insert
2023-05-20 08:56:29,731 DEBUG [main][MybatisConfiguration.java:128] - addMappedStatement: com.x.content.mapper.CourseMarketMapper.delete
2023-05-20 08:56:29,731 DEBUG [main][MybatisConfiguration.java:128] - addMappedStatement: com.x.content.mapper.CourseMarketMapper.delete
2023-05-20 08:56:29,733 DEBUG [main][MybatisConfiguration.java:128] - addMappedStatement: com.x.content.mapper.CourseMarketMapper.deleteByMap
2023-05-20 08:56:29,733 DEBUG [main][MybatisConfiguration.java:128] - addMappedStatement: com.x.content.mapper.CourseMarketMapper.deleteByMap
2023-05-20 08:56:29,736 DEBUG [main][MybatisConfiguration.java:128] - addMappedStatement: com.x.content.mapper.CourseMarketMapper.deleteById
2023-05-20 08:56:29,736 DEBUG [main][MybatisConfiguration.java:128] - addMappedStatement: com.x.content.mapper.CourseMarketMapper.deleteById
2023-05-20 08:56:29,739 DEBUG [main][MybatisConfiguration.java:128] - addMappedStatement: com.x.content.mapper.CourseMarketMapper.deleteBatchIds
2023-05-20 08:56:29,739 DEBUG [main][MybatisConfiguration.java:128] - addMappedStatement: com.x.content.mapper.CourseMarketMapper.deleteBatchIds
2023-05-20 08:56:29,742 DEBUG [main][MybatisConfiguration.java:128] - addMappedStatement: com.x.content.mapper.CourseMarketMapper.update
2023-05-20 08:56:29,742 DEBUG [main][MybatisConfiguration.java:128] - addMappedStatement: com.x.content.mapper.CourseMarketMapper.update
2023-05-20 08:56:29,747 DEBUG [main][MybatisConfiguration.java:128] - addMappedStatement: com.x.content.mapper.CourseMarketMapper.updateById
2023-05-20 08:56:29,747 DEBUG [main][MybatisConfiguration.java:128] - addMappedStatement: com.x.content.mapper.CourseMarketMapper.updateById
2023-05-20 08:56:29,748 DEBUG [main][MybatisConfiguration.java:128] - addMappedStatement: com.x.content.mapper.CourseMarketMapper.selectById
2023-05-20 08:56:29,748 DEBUG [main][MybatisConfiguration.java:128] - addMappedStatement: com.x.content.mapper.CourseMarketMapper.selectById
2023-05-20 08:56:29,753 DEBUG [main][MybatisConfiguration.java:128] - addMappedStatement: com.x.content.mapper.CourseMarketMapper.selectBatchIds
2023-05-20 08:56:29,753 DEBUG [main][MybatisConfiguration.java:128] - addMappedStatement: com.x.content.mapper.CourseMarketMapper.selectBatchIds
2023-05-20 08:56:29,756 DEBUG [main][MybatisConfiguration.java:128] - addMappedStatement: com.x.content.mapper.CourseMarketMapper.selectByMap
2023-05-20 08:56:29,756 DEBUG [main][MybatisConfiguration.java:128] - addMappedStatement: com.x.content.mapper.CourseMarketMapper.selectByMap
2023-05-20 08:56:29,759 DEBUG [main][MybatisConfiguration.java:128] - addMappedStatement: com.x.content.mapper.CourseMarketMapper.selectOne
2023-05-20 08:56:29,759 DEBUG [main][MybatisConfiguration.java:128] - addMappedStatement: com.x.content.mapper.CourseMarketMapper.selectOne
2023-05-20 08:56:29,764 DEBUG [main][MybatisConfiguration.java:128] - addMappedStatement: com.x.content.mapper.CourseMarketMapper.selectCount
2023-05-20 08:56:29,764 DEBUG [main][MybatisConfiguration.java:128] - addMappedStatement: com.x.content.mapper.CourseMarketMapper.selectCount
2023-05-20 08:56:29,767 DEBUG [main][MybatisConfiguration.java:128] - addMappedStatement: com.x.content.mapper.CourseMarketMapper.selectMaps
2023-05-20 08:56:29,767 DEBUG [main][MybatisConfiguration.java:128] - addMappedStatement: com.x.content.mapper.CourseMarketMapper.selectMaps
2023-05-20 08:56:29,771 DEBUG [main][MybatisConfiguration.java:128] - addMappedStatement: com.x.content.mapper.CourseMarketMapper.selectMapsPage
2023-05-20 08:56:29,771 DEBUG [main][MybatisConfiguration.java:128] - addMappedStatement: com.x.content.mapper.CourseMarketMapper.selectMapsPage
2023-05-20 08:56:29,773 DEBUG [main][MybatisConfiguration.java:128] - addMappedStatement: com.x.content.mapper.CourseMarketMapper.selectObjs
2023-05-20 08:56:29,773 DEBUG [main][MybatisConfiguration.java:128] - addMappedStatement: com.x.content.mapper.CourseMarketMapper.selectObjs
2023-05-20 08:56:29,779 DEBUG [main][MybatisConfiguration.java:128] - addMappedStatement: com.x.content.mapper.CourseMarketMapper.selectList
2023-05-20 08:56:29,779 DEBUG [main][MybatisConfiguration.java:128] - addMappedStatement: com.x.content.mapper.CourseMarketMapper.selectList
2023-05-20 08:56:29,815 DEBUG [main][MybatisConfiguration.java:128] - addMappedStatement: com.x.content.mapper.CourseMarketMapper.selectPage
2023-05-20 08:56:29,815 DEBUG [main][MybatisConfiguration.java:128] - addMappedStatement: com.x.content.mapper.CourseMarketMapper.selectPage
2023-05-20 08:56:29,827 DEBUG [main][MybatisConfiguration.java:128] - addMappedStatement: com.x.content.mapper.CourseCategoryMapper.selectTreeNodes
2023-05-20 08:56:29,827 DEBUG [main][MybatisConfiguration.java:128] - addMappedStatement: com.x.content.mapper.CourseCategoryMapper.selectTreeNodes
2023-05-20 08:56:29,831 DEBUG [main][MybatisConfiguration.java:128] - addMappedStatement: com.x.content.mapper.CourseCategoryMapper.insert
2023-05-20 08:56:29,831 DEBUG [main][MybatisConfiguration.java:128] - addMappedStatement: com.x.content.mapper.CourseCategoryMapper.insert
2023-05-20 08:56:29,834 DEBUG [main][MybatisConfiguration.java:128] - addMappedStatement: com.x.content.mapper.CourseCategoryMapper.delete
2023-05-20 08:56:29,834 DEBUG [main][MybatisConfiguration.java:128] - addMappedStatement: com.x.content.mapper.CourseCategoryMapper.delete
2023-05-20 08:56:29,835 DEBUG [main][MybatisConfiguration.java:128] - addMappedStatement: com.x.content.mapper.CourseCategoryMapper.deleteByMap
2023-05-20 08:56:29,835 DEBUG [main][MybatisConfiguration.java:128] - addMappedStatement: com.x.content.mapper.CourseCategoryMapper.deleteByMap
2023-05-20 08:56:29,837 DEBUG [main][MybatisConfiguration.java:128] - addMappedStatement: com.x.content.mapper.CourseCategoryMapper.deleteById
2023-05-20 08:56:29,837 DEBUG [main][MybatisConfiguration.java:128] - addMappedStatement: com.x.content.mapper.CourseCategoryMapper.deleteById
2023-05-20 08:56:29,838 DEBUG [main][MybatisConfiguration.java:128] - addMappedStatement: com.x.content.mapper.CourseCategoryMapper.deleteBatchIds
2023-05-20 08:56:29,838 DEBUG [main][MybatisConfiguration.java:128] - addMappedStatement: com.x.content.mapper.CourseCategoryMapper.deleteBatchIds
2023-05-20 08:56:29,841 DEBUG [main][MybatisConfiguration.java:128] - addMappedStatement: com.x.content.mapper.CourseCategoryMapper.update
2023-05-20 08:56:29,841 DEBUG [main][MybatisConfiguration.java:128] - addMappedStatement: com.x.content.mapper.CourseCategoryMapper.update
2023-05-20 08:56:29,842 DEBUG [main][MybatisConfiguration.java:128] - addMappedStatement: com.x.content.mapper.CourseCategoryMapper.updateById
2023-05-20 08:56:29,842 DEBUG [main][MybatisConfiguration.java:128] - addMappedStatement: com.x.content.mapper.CourseCategoryMapper.updateById
2023-05-20 08:56:29,842 DEBUG [main][MybatisConfiguration.java:128] - addMappedStatement: com.x.content.mapper.CourseCategoryMapper.selectById
2023-05-20 08:56:29,842 DEBUG [main][MybatisConfiguration.java:128] - addMappedStatement: com.x.content.mapper.CourseCategoryMapper.selectById
2023-05-20 08:56:29,844 DEBUG [main][MybatisConfiguration.java:128] - addMappedStatement: com.x.content.mapper.CourseCategoryMapper.selectBatchIds
2023-05-20 08:56:29,844 DEBUG [main][MybatisConfiguration.java:128] - addMappedStatement: com.x.content.mapper.CourseCategoryMapper.selectBatchIds
2023-05-20 08:56:29,846 DEBUG [main][MybatisConfiguration.java:128] - addMappedStatement: com.x.content.mapper.CourseCategoryMapper.selectByMap
2023-05-20 08:56:29,846 DEBUG [main][MybatisConfiguration.java:128] - addMappedStatement: com.x.content.mapper.CourseCategoryMapper.selectByMap
2023-05-20 08:56:29,849 DEBUG [main][MybatisConfiguration.java:128] - addMappedStatement: com.x.content.mapper.CourseCategoryMapper.selectOne
2023-05-20 08:56:29,849 DEBUG [main][MybatisConfiguration.java:128] - addMappedStatement: com.x.content.mapper.CourseCategoryMapper.selectOne
2023-05-20 08:56:29,853 DEBUG [main][MybatisConfiguration.java:128] - addMappedStatement: com.x.content.mapper.CourseCategoryMapper.selectCount
2023-05-20 08:56:29,853 DEBUG [main][MybatisConfiguration.java:128] - addMappedStatement: com.x.content.mapper.CourseCategoryMapper.selectCount
2023-05-20 08:56:29,854 DEBUG [main][MybatisConfiguration.java:128] - addMappedStatement: com.x.content.mapper.CourseCategoryMapper.selectMaps
2023-05-20 08:56:29,854 DEBUG [main][MybatisConfiguration.java:128] - addMappedStatement: com.x.content.mapper.CourseCategoryMapper.selectMaps
2023-05-20 08:56:29,856 DEBUG [main][MybatisConfiguration.java:128] - addMappedStatement: com.x.content.mapper.CourseCategoryMapper.selectMapsPage
2023-05-20 08:56:29,856 DEBUG [main][MybatisConfiguration.java:128] - addMappedStatement: com.x.content.mapper.CourseCategoryMapper.selectMapsPage
2023-05-20 08:56:29,857 DEBUG [main][MybatisConfiguration.java:128] - addMappedStatement: com.x.content.mapper.CourseCategoryMapper.selectObjs
2023-05-20 08:56:29,857 DEBUG [main][MybatisConfiguration.java:128] - addMappedStatement: com.x.content.mapper.CourseCategoryMapper.selectObjs
2023-05-20 08:56:29,858 DEBUG [main][MybatisConfiguration.java:128] - addMappedStatement: com.x.content.mapper.CourseCategoryMapper.selectList
2023-05-20 08:56:29,858 DEBUG [main][MybatisConfiguration.java:128] - addMappedStatement: com.x.content.mapper.CourseCategoryMapper.selectList
2023-05-20 08:56:29,859 DEBUG [main][MybatisConfiguration.java:128] - addMappedStatement: com.x.content.mapper.CourseCategoryMapper.selectPage
2023-05-20 08:56:29,859 DEBUG [main][MybatisConfiguration.java:128] - addMappedStatement: com.x.content.mapper.CourseCategoryMapper.selectPage
2023-05-20 08:56:29,921 DEBUG [main][MybatisConfiguration.java:128] - addMappedStatement: com.x.content.mapper.TeachplanMapper.selectTreeNodes
2023-05-20 08:56:29,921 DEBUG [main][MybatisConfiguration.java:128] - addMappedStatement: com.x.content.mapper.TeachplanMapper.selectTreeNodes
2023-05-20 08:56:29,925 DEBUG [main][MybatisConfiguration.java:128] - addMappedStatement: com.x.content.mapper.TeachplanMapper.insert
2023-05-20 08:56:29,925 DEBUG [main][MybatisConfiguration.java:128] - addMappedStatement: com.x.content.mapper.TeachplanMapper.insert
2023-05-20 08:56:29,926 DEBUG [main][MybatisConfiguration.java:128] - addMappedStatement: com.x.content.mapper.TeachplanMapper.delete
2023-05-20 08:56:29,926 DEBUG [main][MybatisConfiguration.java:128] - addMappedStatement: com.x.content.mapper.TeachplanMapper.delete
2023-05-20 08:56:29,928 DEBUG [main][MybatisConfiguration.java:128] - addMappedStatement: com.x.content.mapper.TeachplanMapper.deleteByMap
2023-05-20 08:56:29,928 DEBUG [main][MybatisConfiguration.java:128] - addMappedStatement: com.x.content.mapper.TeachplanMapper.deleteByMap
2023-05-20 08:56:29,929 DEBUG [main][MybatisConfiguration.java:128] - addMappedStatement: com.x.content.mapper.TeachplanMapper.deleteById
2023-05-20 08:56:29,929 DEBUG [main][MybatisConfiguration.java:128] - addMappedStatement: com.x.content.mapper.TeachplanMapper.deleteById
2023-05-20 08:56:29,931 DEBUG [main][MybatisConfiguration.java:128] - addMappedStatement: com.x.content.mapper.TeachplanMapper.deleteBatchIds
2023-05-20 08:56:29,931 DEBUG [main][MybatisConfiguration.java:128] - addMappedStatement: com.x.content.mapper.TeachplanMapper.deleteBatchIds
2023-05-20 08:56:29,933 DEBUG [main][MybatisConfiguration.java:128] - addMappedStatement: com.x.content.mapper.TeachplanMapper.update
2023-05-20 08:56:29,933 DEBUG [main][MybatisConfiguration.java:128] - addMappedStatement: com.x.content.mapper.TeachplanMapper.update
2023-05-20 08:56:29,934 DEBUG [main][MybatisConfiguration.java:128] - addMappedStatement: com.x.content.mapper.TeachplanMapper.updateById
2023-05-20 08:56:29,934 DEBUG [main][MybatisConfiguration.java:128] - addMappedStatement: com.x.content.mapper.TeachplanMapper.updateById
2023-05-20 08:56:29,934 DEBUG [main][MybatisConfiguration.java:128] - addMappedStatement: com.x.content.mapper.TeachplanMapper.selectById
2023-05-20 08:56:29,934 DEBUG [main][MybatisConfiguration.java:128] - addMappedStatement: com.x.content.mapper.TeachplanMapper.selectById
2023-05-20 08:56:29,935 DEBUG [main][MybatisConfiguration.java:128] - addMappedStatement: com.x.content.mapper.TeachplanMapper.selectBatchIds
2023-05-20 08:56:29,935 DEBUG [main][MybatisConfiguration.java:128] - addMappedStatement: com.x.content.mapper.TeachplanMapper.selectBatchIds
2023-05-20 08:56:29,937 DEBUG [main][MybatisConfiguration.java:128] - addMappedStatement: com.x.content.mapper.TeachplanMapper.selectByMap
2023-05-20 08:56:29,937 DEBUG [main][MybatisConfiguration.java:128] - addMappedStatement: com.x.content.mapper.TeachplanMapper.selectByMap
2023-05-20 08:56:29,938 DEBUG [main][MybatisConfiguration.java:128] - addMappedStatement: com.x.content.mapper.TeachplanMapper.selectOne
2023-05-20 08:56:29,938 DEBUG [main][MybatisConfiguration.java:128] - addMappedStatement: com.x.content.mapper.TeachplanMapper.selectOne
2023-05-20 08:56:29,940 DEBUG [main][MybatisConfiguration.java:128] - addMappedStatement: com.x.content.mapper.TeachplanMapper.selectCount
2023-05-20 08:56:29,940 DEBUG [main][MybatisConfiguration.java:128] - addMappedStatement: com.x.content.mapper.TeachplanMapper.selectCount
2023-05-20 08:56:29,941 DEBUG [main][MybatisConfiguration.java:128] - addMappedStatement: com.x.content.mapper.TeachplanMapper.selectMaps
2023-05-20 08:56:29,941 DEBUG [main][MybatisConfiguration.java:128] - addMappedStatement: com.x.content.mapper.TeachplanMapper.selectMaps
2023-05-20 08:56:29,944 DEBUG [main][MybatisConfiguration.java:128] - addMappedStatement: com.x.content.mapper.TeachplanMapper.selectMapsPage
2023-05-20 08:56:29,944 DEBUG [main][MybatisConfiguration.java:128] - addMappedStatement: com.x.content.mapper.TeachplanMapper.selectMapsPage
2023-05-20 08:56:29,945 DEBUG [main][MybatisConfiguration.java:128] - addMappedStatement: com.x.content.mapper.TeachplanMapper.selectObjs
2023-05-20 08:56:29,945 DEBUG [main][MybatisConfiguration.java:128] - addMappedStatement: com.x.content.mapper.TeachplanMapper.selectObjs
2023-05-20 08:56:29,949 DEBUG [main][MybatisConfiguration.java:128] - addMappedStatement: com.x.content.mapper.TeachplanMapper.selectList
2023-05-20 08:56:29,949 DEBUG [main][MybatisConfiguration.java:128] - addMappedStatement: com.x.content.mapper.TeachplanMapper.selectList
2023-05-20 08:56:29,953 DEBUG [main][MybatisConfiguration.java:128] - addMappedStatement: com.x.content.mapper.TeachplanMapper.selectPage
2023-05-20 08:56:29,953 DEBUG [main][MybatisConfiguration.java:128] - addMappedStatement: com.x.content.mapper.TeachplanMapper.selectPage
2023-05-20 08:56:29,968 DEBUG [main][MybatisConfiguration.java:128] - addMappedStatement: com.x.content.mapper.TeachplanMediaMapper.insert
2023-05-20 08:56:29,968 DEBUG [main][MybatisConfiguration.java:128] - addMappedStatement: com.x.content.mapper.TeachplanMediaMapper.insert
2023-05-20 08:56:29,971 DEBUG [main][MybatisConfiguration.java:128] - addMappedStatement: com.x.content.mapper.TeachplanMediaMapper.delete
2023-05-20 08:56:29,971 DEBUG [main][MybatisConfiguration.java:128] - addMappedStatement: com.x.content.mapper.TeachplanMediaMapper.delete
2023-05-20 08:56:29,974 DEBUG [main][MybatisConfiguration.java:128] - addMappedStatement: com.x.content.mapper.TeachplanMediaMapper.deleteByMap
2023-05-20 08:56:29,974 DEBUG [main][MybatisConfiguration.java:128] - addMappedStatement: com.x.content.mapper.TeachplanMediaMapper.deleteByMap
2023-05-20 08:56:29,978 DEBUG [main][MybatisConfiguration.java:128] - addMappedStatement: com.x.content.mapper.TeachplanMediaMapper.deleteById
2023-05-20 08:56:29,978 DEBUG [main][MybatisConfiguration.java:128] - addMappedStatement: com.x.content.mapper.TeachplanMediaMapper.deleteById
2023-05-20 08:56:29,982 DEBUG [main][MybatisConfiguration.java:128] - addMappedStatement: com.x.content.mapper.TeachplanMediaMapper.deleteBatchIds
2023-05-20 08:56:29,982 DEBUG [main][MybatisConfiguration.java:128] - addMappedStatement: com.x.content.mapper.TeachplanMediaMapper.deleteBatchIds
2023-05-20 08:56:29,988 DEBUG [main][MybatisConfiguration.java:128] - addMappedStatement: com.x.content.mapper.TeachplanMediaMapper.update
2023-05-20 08:56:29,988 DEBUG [main][MybatisConfiguration.java:128] - addMappedStatement: com.x.content.mapper.TeachplanMediaMapper.update
2023-05-20 08:56:29,991 DEBUG [main][MybatisConfiguration.java:128] - addMappedStatement: com.x.content.mapper.TeachplanMediaMapper.updateById
2023-05-20 08:56:29,991 DEBUG [main][MybatisConfiguration.java:128] - addMappedStatement: com.x.content.mapper.TeachplanMediaMapper.updateById
2023-05-20 08:56:29,994 DEBUG [main][MybatisConfiguration.java:128] - addMappedStatement: com.x.content.mapper.TeachplanMediaMapper.selectById
2023-05-20 08:56:29,994 DEBUG [main][MybatisConfiguration.java:128] - addMappedStatement: com.x.content.mapper.TeachplanMediaMapper.selectById
2023-05-20 08:56:29,997 DEBUG [main][MybatisConfiguration.java:128] - addMappedStatement: com.x.content.mapper.TeachplanMediaMapper.selectBatchIds
2023-05-20 08:56:29,997 DEBUG [main][MybatisConfiguration.java:128] - addMappedStatement: com.x.content.mapper.TeachplanMediaMapper.selectBatchIds
2023-05-20 08:56:29,999 DEBUG [main][MybatisConfiguration.java:128] - addMappedStatement: com.x.content.mapper.TeachplanMediaMapper.selectByMap
2023-05-20 08:56:29,999 DEBUG [main][MybatisConfiguration.java:128] - addMappedStatement: com.x.content.mapper.TeachplanMediaMapper.selectByMap
2023-05-20 08:56:30,002 DEBUG [main][MybatisConfiguration.java:128] - addMappedStatement: com.x.content.mapper.TeachplanMediaMapper.selectOne
2023-05-20 08:56:30,002 DEBUG [main][MybatisConfiguration.java:128] - addMappedStatement: com.x.content.mapper.TeachplanMediaMapper.selectOne
2023-05-20 08:56:30,005 DEBUG [main][MybatisConfiguration.java:128] - addMappedStatement: com.x.content.mapper.TeachplanMediaMapper.selectCount
2023-05-20 08:56:30,005 DEBUG [main][MybatisConfiguration.java:128] - addMappedStatement: com.x.content.mapper.TeachplanMediaMapper.selectCount
2023-05-20 08:56:30,008 DEBUG [main][MybatisConfiguration.java:128] - addMappedStatement: com.x.content.mapper.TeachplanMediaMapper.selectMaps
2023-05-20 08:56:30,008 DEBUG [main][MybatisConfiguration.java:128] - addMappedStatement: com.x.content.mapper.TeachplanMediaMapper.selectMaps
2023-05-20 08:56:30,012 DEBUG [main][MybatisConfiguration.java:128] - addMappedStatement: com.x.content.mapper.TeachplanMediaMapper.selectMapsPage
2023-05-20 08:56:30,012 DEBUG [main][MybatisConfiguration.java:128] - addMappedStatement: com.x.content.mapper.TeachplanMediaMapper.selectMapsPage
2023-05-20 08:56:30,019 DEBUG [main][MybatisConfiguration.java:128] - addMappedStatement: com.x.content.mapper.TeachplanMediaMapper.selectObjs
2023-05-20 08:56:30,019 DEBUG [main][MybatisConfiguration.java:128] - addMappedStatement: com.x.content.mapper.TeachplanMediaMapper.selectObjs
2023-05-20 08:56:30,024 DEBUG [main][MybatisConfiguration.java:128] - addMappedStatement: com.x.content.mapper.TeachplanMediaMapper.selectList
2023-05-20 08:56:30,024 DEBUG [main][MybatisConfiguration.java:128] - addMappedStatement: com.x.content.mapper.TeachplanMediaMapper.selectList
2023-05-20 08:56:30,029 DEBUG [main][MybatisConfiguration.java:128] - addMappedStatement: com.x.content.mapper.TeachplanMediaMapper.selectPage
2023-05-20 08:56:30,029 DEBUG [main][MybatisConfiguration.java:128] - addMappedStatement: com.x.content.mapper.TeachplanMediaMapper.selectPage
2023-05-20 08:56:30,067 DEBUG [main][MybatisConfiguration.java:128] - addMappedStatement: com.x.content.mapper.CoursePublishPreMapper.insert
2023-05-20 08:56:30,067 DEBUG [main][MybatisConfiguration.java:128] - addMappedStatement: com.x.content.mapper.CoursePublishPreMapper.insert
2023-05-20 08:56:30,069 DEBUG [main][MybatisConfiguration.java:128] - addMappedStatement: com.x.content.mapper.CoursePublishPreMapper.delete
2023-05-20 08:56:30,069 DEBUG [main][MybatisConfiguration.java:128] - addMappedStatement: com.x.content.mapper.CoursePublishPreMapper.delete
2023-05-20 08:56:30,072 DEBUG [main][MybatisConfiguration.java:128] - addMappedStatement: com.x.content.mapper.CoursePublishPreMapper.deleteByMap
2023-05-20 08:56:30,072 DEBUG [main][MybatisConfiguration.java:128] - addMappedStatement: com.x.content.mapper.CoursePublishPreMapper.deleteByMap
2023-05-20 08:56:30,074 DEBUG [main][MybatisConfiguration.java:128] - addMappedStatement: com.x.content.mapper.CoursePublishPreMapper.deleteById
2023-05-20 08:56:30,074 DEBUG [main][MybatisConfiguration.java:128] - addMappedStatement: com.x.content.mapper.CoursePublishPreMapper.deleteById
2023-05-20 08:56:30,078 DEBUG [main][MybatisConfiguration.java:128] - addMappedStatement: com.x.content.mapper.CoursePublishPreMapper.deleteBatchIds
2023-05-20 08:56:30,078 DEBUG [main][MybatisConfiguration.java:128] - addMappedStatement: com.x.content.mapper.CoursePublishPreMapper.deleteBatchIds
2023-05-20 08:56:30,086 DEBUG [main][MybatisConfiguration.java:128] - addMappedStatement: com.x.content.mapper.CoursePublishPreMapper.update
2023-05-20 08:56:30,086 DEBUG [main][MybatisConfiguration.java:128] - addMappedStatement: com.x.content.mapper.CoursePublishPreMapper.update
2023-05-20 08:56:30,089 DEBUG [main][MybatisConfiguration.java:128] - addMappedStatement: com.x.content.mapper.CoursePublishPreMapper.updateById
2023-05-20 08:56:30,089 DEBUG [main][MybatisConfiguration.java:128] - addMappedStatement: com.x.content.mapper.CoursePublishPreMapper.updateById
2023-05-20 08:56:30,089 DEBUG [main][MybatisConfiguration.java:128] - addMappedStatement: com.x.content.mapper.CoursePublishPreMapper.selectById
2023-05-20 08:56:30,089 DEBUG [main][MybatisConfiguration.java:128] - addMappedStatement: com.x.content.mapper.CoursePublishPreMapper.selectById
2023-05-20 08:56:30,092 DEBUG [main][MybatisConfiguration.java:128] - addMappedStatement: com.x.content.mapper.CoursePublishPreMapper.selectBatchIds
2023-05-20 08:56:30,092 DEBUG [main][MybatisConfiguration.java:128] - addMappedStatement: com.x.content.mapper.CoursePublishPreMapper.selectBatchIds
2023-05-20 08:56:30,094 DEBUG [main][MybatisConfiguration.java:128] - addMappedStatement: com.x.content.mapper.CoursePublishPreMapper.selectByMap
2023-05-20 08:56:30,094 DEBUG [main][MybatisConfiguration.java:128] - addMappedStatement: com.x.content.mapper.CoursePublishPreMapper.selectByMap
2023-05-20 08:56:30,096 DEBUG [main][MybatisConfiguration.java:128] - addMappedStatement: com.x.content.mapper.CoursePublishPreMapper.selectOne
2023-05-20 08:56:30,096 DEBUG [main][MybatisConfiguration.java:128] - addMappedStatement: com.x.content.mapper.CoursePublishPreMapper.selectOne
2023-05-20 08:56:30,099 DEBUG [main][MybatisConfiguration.java:128] - addMappedStatement: com.x.content.mapper.CoursePublishPreMapper.selectCount
2023-05-20 08:56:30,099 DEBUG [main][MybatisConfiguration.java:128] - addMappedStatement: com.x.content.mapper.CoursePublishPreMapper.selectCount
2023-05-20 08:56:30,102 DEBUG [main][MybatisConfiguration.java:128] - addMappedStatement: com.x.content.mapper.CoursePublishPreMapper.selectMaps
2023-05-20 08:56:30,102 DEBUG [main][MybatisConfiguration.java:128] - addMappedStatement: com.x.content.mapper.CoursePublishPreMapper.selectMaps
2023-05-20 08:56:30,105 DEBUG [main][MybatisConfiguration.java:128] - addMappedStatement: com.x.content.mapper.CoursePublishPreMapper.selectMapsPage
2023-05-20 08:56:30,105 DEBUG [main][MybatisConfiguration.java:128] - addMappedStatement: com.x.content.mapper.CoursePublishPreMapper.selectMapsPage
2023-05-20 08:56:30,110 DEBUG [main][MybatisConfiguration.java:128] - addMappedStatement: com.x.content.mapper.CoursePublishPreMapper.selectObjs
2023-05-20 08:56:30,110 DEBUG [main][MybatisConfiguration.java:128] - addMappedStatement: com.x.content.mapper.CoursePublishPreMapper.selectObjs
2023-05-20 08:56:30,116 DEBUG [main][MybatisConfiguration.java:128] - addMappedStatement: com.x.content.mapper.CoursePublishPreMapper.selectList
2023-05-20 08:56:30,116 DEBUG [main][MybatisConfiguration.java:128] - addMappedStatement: com.x.content.mapper.CoursePublishPreMapper.selectList
2023-05-20 08:56:30,121 DEBUG [main][MybatisConfiguration.java:128] - addMappedStatement: com.x.content.mapper.CoursePublishPreMapper.selectPage
2023-05-20 08:56:30,121 DEBUG [main][MybatisConfiguration.java:128] - addMappedStatement: com.x.content.mapper.CoursePublishPreMapper.selectPage
2023-05-20 08:56:30,141 DEBUG [main][MybatisConfiguration.java:128] - addMappedStatement: com.x.content.mapper.CoursePublishMapper.insert
2023-05-20 08:56:30,141 DEBUG [main][MybatisConfiguration.java:128] - addMappedStatement: com.x.content.mapper.CoursePublishMapper.insert
2023-05-20 08:56:30,143 DEBUG [main][MybatisConfiguration.java:128] - addMappedStatement: com.x.content.mapper.CoursePublishMapper.delete
2023-05-20 08:56:30,143 DEBUG [main][MybatisConfiguration.java:128] - addMappedStatement: com.x.content.mapper.CoursePublishMapper.delete
2023-05-20 08:56:30,148 DEBUG [main][MybatisConfiguration.java:128] - addMappedStatement: com.x.content.mapper.CoursePublishMapper.deleteByMap
2023-05-20 08:56:30,148 DEBUG [main][MybatisConfiguration.java:128] - addMappedStatement: com.x.content.mapper.CoursePublishMapper.deleteByMap
2023-05-20 08:56:30,152 DEBUG [main][MybatisConfiguration.java:128] - addMappedStatement: com.x.content.mapper.CoursePublishMapper.deleteById
2023-05-20 08:56:30,152 DEBUG [main][MybatisConfiguration.java:128] - addMappedStatement: com.x.content.mapper.CoursePublishMapper.deleteById
2023-05-20 08:56:30,156 DEBUG [main][MybatisConfiguration.java:128] - addMappedStatement: com.x.content.mapper.CoursePublishMapper.deleteBatchIds
2023-05-20 08:56:30,156 DEBUG [main][MybatisConfiguration.java:128] - addMappedStatement: com.x.content.mapper.CoursePublishMapper.deleteBatchIds
2023-05-20 08:56:30,161 DEBUG [main][MybatisConfiguration.java:128] - addMappedStatement: com.x.content.mapper.CoursePublishMapper.update
2023-05-20 08:56:30,161 DEBUG [main][MybatisConfiguration.java:128] - addMappedStatement: com.x.content.mapper.CoursePublishMapper.update
2023-05-20 08:56:30,163 DEBUG [main][MybatisConfiguration.java:128] - addMappedStatement: com.x.content.mapper.CoursePublishMapper.updateById
2023-05-20 08:56:30,163 DEBUG [main][MybatisConfiguration.java:128] - addMappedStatement: com.x.content.mapper.CoursePublishMapper.updateById
2023-05-20 08:56:30,164 DEBUG [main][MybatisConfiguration.java:128] - addMappedStatement: com.x.content.mapper.CoursePublishMapper.selectById
2023-05-20 08:56:30,164 DEBUG [main][MybatisConfiguration.java:128] - addMappedStatement: com.x.content.mapper.CoursePublishMapper.selectById
2023-05-20 08:56:30,167 DEBUG [main][MybatisConfiguration.java:128] - addMappedStatement: com.x.content.mapper.CoursePublishMapper.selectBatchIds
2023-05-20 08:56:30,167 DEBUG [main][MybatisConfiguration.java:128] - addMappedStatement: com.x.content.mapper.CoursePublishMapper.selectBatchIds
2023-05-20 08:56:30,169 DEBUG [main][MybatisConfiguration.java:128] - addMappedStatement: com.x.content.mapper.CoursePublishMapper.selectByMap
2023-05-20 08:56:30,169 DEBUG [main][MybatisConfiguration.java:128] - addMappedStatement: com.x.content.mapper.CoursePublishMapper.selectByMap
2023-05-20 08:56:30,173 DEBUG [main][MybatisConfiguration.java:128] - addMappedStatement: com.x.content.mapper.CoursePublishMapper.selectOne
2023-05-20 08:56:30,173 DEBUG [main][MybatisConfiguration.java:128] - addMappedStatement: com.x.content.mapper.CoursePublishMapper.selectOne
2023-05-20 08:56:30,175 DEBUG [main][MybatisConfiguration.java:128] - addMappedStatement: com.x.content.mapper.CoursePublishMapper.selectCount
2023-05-20 08:56:30,175 DEBUG [main][MybatisConfiguration.java:128] - addMappedStatement: com.x.content.mapper.CoursePublishMapper.selectCount
2023-05-20 08:56:30,178 DEBUG [main][MybatisConfiguration.java:128] - addMappedStatement: com.x.content.mapper.CoursePublishMapper.selectMaps
2023-05-20 08:56:30,178 DEBUG [main][MybatisConfiguration.java:128] - addMappedStatement: com.x.content.mapper.CoursePublishMapper.selectMaps
2023-05-20 08:56:30,183 DEBUG [main][MybatisConfiguration.java:128] - addMappedStatement: com.x.content.mapper.CoursePublishMapper.selectMapsPage
2023-05-20 08:56:30,183 DEBUG [main][MybatisConfiguration.java:128] - addMappedStatement: com.x.content.mapper.CoursePublishMapper.selectMapsPage
2023-05-20 08:56:30,188 DEBUG [main][MybatisConfiguration.java:128] - addMappedStatement: com.x.content.mapper.CoursePublishMapper.selectObjs
2023-05-20 08:56:30,188 DEBUG [main][MybatisConfiguration.java:128] - addMappedStatement: com.x.content.mapper.CoursePublishMapper.selectObjs
2023-05-20 08:56:30,191 DEBUG [main][MybatisConfiguration.java:128] - addMappedStatement: com.x.content.mapper.CoursePublishMapper.selectList
2023-05-20 08:56:30,191 DEBUG [main][MybatisConfiguration.java:128] - addMappedStatement: com.x.content.mapper.CoursePublishMapper.selectList
2023-05-20 08:56:30,194 DEBUG [main][MybatisConfiguration.java:128] - addMappedStatement: com.x.content.mapper.CoursePublishMapper.selectPage
2023-05-20 08:56:30,194 DEBUG [main][MybatisConfiguration.java:128] - addMappedStatement: com.x.content.mapper.CoursePublishMapper.selectPage
2023-05-20 08:56:30,237 DEBUG [main][MybatisConfiguration.java:128] - addMappedStatement: com.x.messagesdk.mapper.MqMessageMapper.selectListByShardIndex
2023-05-20 08:56:30,237 DEBUG [main][MybatisConfiguration.java:128] - addMappedStatement: com.x.messagesdk.mapper.MqMessageMapper.selectListByShardIndex
2023-05-20 08:56:30,242 DEBUG [main][MybatisConfiguration.java:128] - addMappedStatement: com.x.messagesdk.mapper.MqMessageMapper.insert
2023-05-20 08:56:30,242 DEBUG [main][MybatisConfiguration.java:128] - addMappedStatement: com.x.messagesdk.mapper.MqMessageMapper.insert
2023-05-20 08:56:30,245 DEBUG [main][MybatisConfiguration.java:128] - addMappedStatement: com.x.messagesdk.mapper.MqMessageMapper.delete
2023-05-20 08:56:30,245 DEBUG [main][MybatisConfiguration.java:128] - addMappedStatement: com.x.messagesdk.mapper.MqMessageMapper.delete
2023-05-20 08:56:30,249 DEBUG [main][MybatisConfiguration.java:128] - addMappedStatement: com.x.messagesdk.mapper.MqMessageMapper.deleteByMap
2023-05-20 08:56:30,249 DEBUG [main][MybatisConfiguration.java:128] - addMappedStatement: com.x.messagesdk.mapper.MqMessageMapper.deleteByMap
2023-05-20 08:56:30,253 DEBUG [main][MybatisConfiguration.java:128] - addMappedStatement: com.x.messagesdk.mapper.MqMessageMapper.deleteById
2023-05-20 08:56:30,253 DEBUG [main][MybatisConfiguration.java:128] - addMappedStatement: com.x.messagesdk.mapper.MqMessageMapper.deleteById
2023-05-20 08:56:30,256 DEBUG [main][MybatisConfiguration.java:128] - addMappedStatement: com.x.messagesdk.mapper.MqMessageMapper.deleteBatchIds
2023-05-20 08:56:30,256 DEBUG [main][MybatisConfiguration.java:128] - addMappedStatement: com.x.messagesdk.mapper.MqMessageMapper.deleteBatchIds
2023-05-20 08:56:30,258 DEBUG [main][MybatisConfiguration.java:128] - addMappedStatement: com.x.messagesdk.mapper.MqMessageMapper.update
2023-05-20 08:56:30,258 DEBUG [main][MybatisConfiguration.java:128] - addMappedStatement: com.x.messagesdk.mapper.MqMessageMapper.update
2023-05-20 08:56:30,261 DEBUG [main][MybatisConfiguration.java:128] - addMappedStatement: com.x.messagesdk.mapper.MqMessageMapper.updateById
2023-05-20 08:56:30,261 DEBUG [main][MybatisConfiguration.java:128] - addMappedStatement: com.x.messagesdk.mapper.MqMessageMapper.updateById
2023-05-20 08:56:30,262 DEBUG [main][MybatisConfiguration.java:128] - addMappedStatement: com.x.messagesdk.mapper.MqMessageMapper.selectById
2023-05-20 08:56:30,262 DEBUG [main][MybatisConfiguration.java:128] - addMappedStatement: com.x.messagesdk.mapper.MqMessageMapper.selectById
2023-05-20 08:56:30,264 DEBUG [main][MybatisConfiguration.java:128] - addMappedStatement: com.x.messagesdk.mapper.MqMessageMapper.selectBatchIds
2023-05-20 08:56:30,264 DEBUG [main][MybatisConfiguration.java:128] - addMappedStatement: com.x.messagesdk.mapper.MqMessageMapper.selectBatchIds
2023-05-20 08:56:30,266 DEBUG [main][MybatisConfiguration.java:128] - addMappedStatement: com.x.messagesdk.mapper.MqMessageMapper.selectByMap
2023-05-20 08:56:30,266 DEBUG [main][MybatisConfiguration.java:128] - addMappedStatement: com.x.messagesdk.mapper.MqMessageMapper.selectByMap
2023-05-20 08:56:30,268 DEBUG [main][MybatisConfiguration.java:128] - addMappedStatement: com.x.messagesdk.mapper.MqMessageMapper.selectOne
2023-05-20 08:56:30,268 DEBUG [main][MybatisConfiguration.java:128] - addMappedStatement: com.x.messagesdk.mapper.MqMessageMapper.selectOne
2023-05-20 08:56:30,270 DEBUG [main][MybatisConfiguration.java:128] - addMappedStatement: com.x.messagesdk.mapper.MqMessageMapper.selectCount
2023-05-20 08:56:30,270 DEBUG [main][MybatisConfiguration.java:128] - addMappedStatement: com.x.messagesdk.mapper.MqMessageMapper.selectCount
2023-05-20 08:56:30,272 DEBUG [main][MybatisConfiguration.java:128] - addMappedStatement: com.x.messagesdk.mapper.MqMessageMapper.selectMaps
2023-05-20 08:56:30,272 DEBUG [main][MybatisConfiguration.java:128] - addMappedStatement: com.x.messagesdk.mapper.MqMessageMapper.selectMaps
2023-05-20 08:56:30,274 DEBUG [main][MybatisConfiguration.java:128] - addMappedStatement: com.x.messagesdk.mapper.MqMessageMapper.selectMapsPage
2023-05-20 08:56:30,274 DEBUG [main][MybatisConfiguration.java:128] - addMappedStatement: com.x.messagesdk.mapper.MqMessageMapper.selectMapsPage
2023-05-20 08:56:30,283 DEBUG [main][MybatisConfiguration.java:128] - addMappedStatement: com.x.messagesdk.mapper.MqMessageMapper.selectObjs
2023-05-20 08:56:30,283 DEBUG [main][MybatisConfiguration.java:128] - addMappedStatement: com.x.messagesdk.mapper.MqMessageMapper.selectObjs
2023-05-20 08:56:30,286 DEBUG [main][MybatisConfiguration.java:128] - addMappedStatement: com.x.messagesdk.mapper.MqMessageMapper.selectList
2023-05-20 08:56:30,286 DEBUG [main][MybatisConfiguration.java:128] - addMappedStatement: com.x.messagesdk.mapper.MqMessageMapper.selectList
2023-05-20 08:56:30,289 DEBUG [main][MybatisConfiguration.java:128] - addMappedStatement: com.x.messagesdk.mapper.MqMessageMapper.selectPage
2023-05-20 08:56:30,289 DEBUG [main][MybatisConfiguration.java:128] - addMappedStatement: com.x.messagesdk.mapper.MqMessageMapper.selectPage
2023-05-20 08:56:30,304 DEBUG [main][MybatisConfiguration.java:128] - addMappedStatement: com.x.messagesdk.mapper.MqMessageHistoryMapper.insert
2023-05-20 08:56:30,304 DEBUG [main][MybatisConfiguration.java:128] - addMappedStatement: com.x.messagesdk.mapper.MqMessageHistoryMapper.insert
2023-05-20 08:56:30,307 DEBUG [main][MybatisConfiguration.java:128] - addMappedStatement: com.x.messagesdk.mapper.MqMessageHistoryMapper.delete
2023-05-20 08:56:30,307 DEBUG [main][MybatisConfiguration.java:128] - addMappedStatement: com.x.messagesdk.mapper.MqMessageHistoryMapper.delete
2023-05-20 08:56:30,310 DEBUG [main][MybatisConfiguration.java:128] - addMappedStatement: com.x.messagesdk.mapper.MqMessageHistoryMapper.deleteByMap
2023-05-20 08:56:30,310 DEBUG [main][MybatisConfiguration.java:128] - addMappedStatement: com.x.messagesdk.mapper.MqMessageHistoryMapper.deleteByMap
2023-05-20 08:56:30,314 DEBUG [main][MybatisConfiguration.java:128] - addMappedStatement: com.x.messagesdk.mapper.MqMessageHistoryMapper.deleteById
2023-05-20 08:56:30,314 DEBUG [main][MybatisConfiguration.java:128] - addMappedStatement: com.x.messagesdk.mapper.MqMessageHistoryMapper.deleteById
2023-05-20 08:56:30,317 DEBUG [main][MybatisConfiguration.java:128] - addMappedStatement: com.x.messagesdk.mapper.MqMessageHistoryMapper.deleteBatchIds
2023-05-20 08:56:30,317 DEBUG [main][MybatisConfiguration.java:128] - addMappedStatement: com.x.messagesdk.mapper.MqMessageHistoryMapper.deleteBatchIds
2023-05-20 08:56:30,319 DEBUG [main][MybatisConfiguration.java:128] - addMappedStatement: com.x.messagesdk.mapper.MqMessageHistoryMapper.update
2023-05-20 08:56:30,319 DEBUG [main][MybatisConfiguration.java:128] - addMappedStatement: com.x.messagesdk.mapper.MqMessageHistoryMapper.update
2023-05-20 08:56:30,321 DEBUG [main][MybatisConfiguration.java:128] - addMappedStatement: com.x.messagesdk.mapper.MqMessageHistoryMapper.updateById
2023-05-20 08:56:30,321 DEBUG [main][MybatisConfiguration.java:128] - addMappedStatement: com.x.messagesdk.mapper.MqMessageHistoryMapper.updateById
2023-05-20 08:56:30,323 DEBUG [main][MybatisConfiguration.java:128] - addMappedStatement: com.x.messagesdk.mapper.MqMessageHistoryMapper.selectById
2023-05-20 08:56:30,323 DEBUG [main][MybatisConfiguration.java:128] - addMappedStatement: com.x.messagesdk.mapper.MqMessageHistoryMapper.selectById
2023-05-20 08:56:30,325 DEBUG [main][MybatisConfiguration.java:128] - addMappedStatement: com.x.messagesdk.mapper.MqMessageHistoryMapper.selectBatchIds
2023-05-20 08:56:30,325 DEBUG [main][MybatisConfiguration.java:128] - addMappedStatement: com.x.messagesdk.mapper.MqMessageHistoryMapper.selectBatchIds
2023-05-20 08:56:30,326 DEBUG [main][MybatisConfiguration.java:128] - addMappedStatement: com.x.messagesdk.mapper.MqMessageHistoryMapper.selectByMap
2023-05-20 08:56:30,326 DEBUG [main][MybatisConfiguration.java:128] - addMappedStatement: com.x.messagesdk.mapper.MqMessageHistoryMapper.selectByMap
2023-05-20 08:56:30,328 DEBUG [main][MybatisConfiguration.java:128] - addMappedStatement: com.x.messagesdk.mapper.MqMessageHistoryMapper.selectOne
2023-05-20 08:56:30,328 DEBUG [main][MybatisConfiguration.java:128] - addMappedStatement: com.x.messagesdk.mapper.MqMessageHistoryMapper.selectOne
2023-05-20 08:56:30,332 DEBUG [main][MybatisConfiguration.java:128] - addMappedStatement: com.x.messagesdk.mapper.MqMessageHistoryMapper.selectCount
2023-05-20 08:56:30,332 DEBUG [main][MybatisConfiguration.java:128] - addMappedStatement: com.x.messagesdk.mapper.MqMessageHistoryMapper.selectCount
2023-05-20 08:56:30,333 DEBUG [main][MybatisConfiguration.java:128] - addMappedStatement: com.x.messagesdk.mapper.MqMessageHistoryMapper.selectMaps
2023-05-20 08:56:30,333 DEBUG [main][MybatisConfiguration.java:128] - addMappedStatement: com.x.messagesdk.mapper.MqMessageHistoryMapper.selectMaps
2023-05-20 08:56:30,336 DEBUG [main][MybatisConfiguration.java:128] - addMappedStatement: com.x.messagesdk.mapper.MqMessageHistoryMapper.selectMapsPage
2023-05-20 08:56:30,336 DEBUG [main][MybatisConfiguration.java:128] - addMappedStatement: com.x.messagesdk.mapper.MqMessageHistoryMapper.selectMapsPage
2023-05-20 08:56:30,339 DEBUG [main][MybatisConfiguration.java:128] - addMappedStatement: com.x.messagesdk.mapper.MqMessageHistoryMapper.selectObjs
2023-05-20 08:56:30,339 DEBUG [main][MybatisConfiguration.java:128] - addMappedStatement: com.x.messagesdk.mapper.MqMessageHistoryMapper.selectObjs
2023-05-20 08:56:30,342 DEBUG [main][MybatisConfiguration.java:128] - addMappedStatement: com.x.messagesdk.mapper.MqMessageHistoryMapper.selectList
2023-05-20 08:56:30,342 DEBUG [main][MybatisConfiguration.java:128] - addMappedStatement: com.x.messagesdk.mapper.MqMessageHistoryMapper.selectList
2023-05-20 08:56:30,345 DEBUG [main][MybatisConfiguration.java:128] - addMappedStatement: com.x.messagesdk.mapper.MqMessageHistoryMapper.selectPage
2023-05-20 08:56:30,345 DEBUG [main][MybatisConfiguration.java:128] - addMappedStatement: com.x.messagesdk.mapper.MqMessageHistoryMapper.selectPage
2023-05-20 08:56:30,804 INFO [main][PropertySourcedRequestMappingHandlerMapping.java:69] - Mapped URL path [/v2/api-docs] onto method [public org.springframework.http.ResponseEntity<springfox.documentation.spring.web.json.Json> springfox.documentation.swagger2.web.Swagger2Controller.getDocumentation(java.lang.String,javax.servlet.http.HttpServletRequest)]
2023-05-20 08:56:30,804 INFO [main][PropertySourcedRequestMappingHandlerMapping.java:69] - Mapped URL path [/v2/api-docs] onto method [public org.springframework.http.ResponseEntity<springfox.documentation.spring.web.json.Json> springfox.documentation.swagger2.web.Swagger2Controller.getDocumentation(java.lang.String,javax.servlet.http.HttpServletRequest)]
2023-05-20 08:56:30,844 INFO [main][XxlJobConfig.java:46] - >>>>>>>>>>> xxl-job config init.
2023-05-20 08:56:30,844 INFO [main][XxlJobConfig.java:46] - >>>>>>>>>>> xxl-job config init.
2023-05-20 08:56:30,868 WARN [main][URLConfigurationSource.java:121] - No URLs will be polled as dynamic configuration sources.
2023-05-20 08:56:30,868 WARN [main][URLConfigurationSource.java:121] - No URLs will be polled as dynamic configuration sources.
2023-05-20 08:56:30,869 INFO [main][URLConfigurationSource.java:122] - To enable URLs as dynamic configuration sources, define System property archaius.configurationSource.additionalUrls or make config.properties available on classpath.
2023-05-20 08:56:30,869 INFO [main][URLConfigurationSource.java:122] - To enable URLs as dynamic configuration sources, define System property archaius.configurationSource.additionalUrls or make config.properties available on classpath.
2023-05-20 08:56:30,881 WARN [main][URLConfigurationSource.java:121] - No URLs will be polled as dynamic configuration sources.
2023-05-20 08:56:30,881 WARN [main][URLConfigurationSource.java:121] - No URLs will be polled as dynamic configuration sources.
2023-05-20 08:56:30,881 INFO [main][URLConfigurationSource.java:122] - To enable URLs as dynamic configuration sources, define System property archaius.configurationSource.additionalUrls or make config.properties available on classpath.
2023-05-20 08:56:30,881 INFO [main][URLConfigurationSource.java:122] - To enable URLs as dynamic configuration sources, define System property archaius.configurationSource.additionalUrls or make config.properties available on classpath.
2023-05-20 08:56:30,915 DEBUG [main][TraversableResolvers.java:60] - Cannot find javax.persistence.Persistence on classpath. Assuming non JPA 2 environment. All properties will per default be traversable.
2023-05-20 08:56:30,915 DEBUG [main][TraversableResolvers.java:60] - Cannot find javax.persistence.Persistence on classpath. Assuming non JPA 2 environment. All properties will per default be traversable.
2023-05-20 08:56:30,917 DEBUG [main][ResourceBundleMessageInterpolator.java:89] - Loaded expression factory via original TCCL
2023-05-20 08:56:30,917 DEBUG [main][ResourceBundleMessageInterpolator.java:89] - Loaded expression factory via original TCCL
2023-05-20 08:56:30,919 DEBUG [main][TraversableResolvers.java:60] - Cannot find javax.persistence.Persistence on classpath. Assuming non JPA 2 environment. All properties will per default be traversable.
2023-05-20 08:56:30,919 DEBUG [main][TraversableResolvers.java:60] - Cannot find javax.persistence.Persistence on classpath. Assuming non JPA 2 environment. All properties will per default be traversable.
2023-05-20 08:56:30,921 DEBUG [main][ConfigurationImpl.java:148] - Setting custom MessageInterpolator of type org.springframework.validation.beanvalidation.LocaleContextMessageInterpolator
2023-05-20 08:56:30,921 DEBUG [main][ConfigurationImpl.java:148] - Setting custom MessageInterpolator of type org.springframework.validation.beanvalidation.LocaleContextMessageInterpolator
2023-05-20 08:56:30,921 DEBUG [main][ConfigurationImpl.java:180] - Setting custom ConstraintValidatorFactory of type org.springframework.validation.beanvalidation.SpringConstraintValidatorFactory
2023-05-20 08:56:30,921 DEBUG [main][ConfigurationImpl.java:180] - Setting custom ConstraintValidatorFactory of type org.springframework.validation.beanvalidation.SpringConstraintValidatorFactory
2023-05-20 08:56:30,921 DEBUG [main][ConfigurationImpl.java:194] - Setting custom ParameterNameProvider of type org.springframework.validation.beanvalidation.LocalValidatorFactoryBean$1
2023-05-20 08:56:30,921 DEBUG [main][ConfigurationImpl.java:194] - Setting custom ParameterNameProvider of type org.springframework.validation.beanvalidation.LocalValidatorFactoryBean$1
2023-05-20 08:56:30,924 DEBUG [main][ValidationXmlParser.java:120] - Trying to load META-INF/validation.xml for XML based Validator configuration.
2023-05-20 08:56:30,924 DEBUG [main][ValidationXmlParser.java:120] - Trying to load META-INF/validation.xml for XML based Validator configuration.
2023-05-20 08:56:30,924 DEBUG [main][ResourceLoaderHelper.java:53] - Trying to load META-INF/validation.xml via user class loader
2023-05-20 08:56:30,924 DEBUG [main][ResourceLoaderHelper.java:53] - Trying to load META-INF/validation.xml via user class loader
2023-05-20 08:56:30,924 DEBUG [main][ResourceLoaderHelper.java:60] - Trying to load META-INF/validation.xml via TCCL
2023-05-20 08:56:30,924 DEBUG [main][ResourceLoaderHelper.java:60] - Trying to load META-INF/validation.xml via TCCL
2023-05-20 08:56:30,926 DEBUG [main][ResourceLoaderHelper.java:66] - Trying to load META-INF/validation.xml via Hibernate Validator's class loader
2023-05-20 08:56:30,926 DEBUG [main][ResourceLoaderHelper.java:66] - Trying to load META-INF/validation.xml via Hibernate Validator's class loader
2023-05-20 08:56:30,926 DEBUG [main][ValidationXmlParser.java:127] - No META-INF/validation.xml found. Using annotation based configuration only.
2023-05-20 08:56:30,926 DEBUG [main][ValidationXmlParser.java:127] - No META-INF/validation.xml found. Using annotation based configuration only.
2023-05-20 08:56:30,929 DEBUG [main][ValidatorFactoryImpl.java:578] - HV000234: Using org.springframework.validation.beanvalidation.LocaleContextMessageInterpolator as ValidatorFactory-scoped message interpolator.
2023-05-20 08:56:30,929 DEBUG [main][ValidatorFactoryImpl.java:578] - HV000234: Using org.springframework.validation.beanvalidation.LocaleContextMessageInterpolator as ValidatorFactory-scoped message interpolator.
2023-05-20 08:56:30,931 DEBUG [main][ValidatorFactoryImpl.java:579] - HV000234: Using org.hibernate.validator.internal.engine.resolver.TraverseAllTraversableResolver as ValidatorFactory-scoped traversable resolver.
2023-05-20 08:56:30,931 DEBUG [main][ValidatorFactoryImpl.java:579] - HV000234: Using org.hibernate.validator.internal.engine.resolver.TraverseAllTraversableResolver as ValidatorFactory-scoped traversable resolver.
2023-05-20 08:56:30,931 DEBUG [main][ValidatorFactoryImpl.java:580] - HV000234: Using org.hibernate.validator.internal.util.ExecutableParameterNameProvider as ValidatorFactory-scoped parameter name provider.
2023-05-20 08:56:30,931 DEBUG [main][ValidatorFactoryImpl.java:580] - HV000234: Using org.hibernate.validator.internal.util.ExecutableParameterNameProvider as ValidatorFactory-scoped parameter name provider.
2023-05-20 08:56:30,931 DEBUG [main][ValidatorFactoryImpl.java:581] - HV000234: Using org.hibernate.validator.internal.engine.DefaultClockProvider as ValidatorFactory-scoped clock provider.
2023-05-20 08:56:30,931 DEBUG [main][ValidatorFactoryImpl.java:581] - HV000234: Using org.hibernate.validator.internal.engine.DefaultClockProvider as ValidatorFactory-scoped clock provider.
2023-05-20 08:56:30,931 DEBUG [main][ValidatorFactoryImpl.java:582] - HV000234: Using org.hibernate.validator.internal.engine.scripting.DefaultScriptEvaluatorFactory as ValidatorFactory-scoped script evaluator factory.
2023-05-20 08:56:30,931 DEBUG [main][ValidatorFactoryImpl.java:582] - HV000234: Using org.hibernate.validator.internal.engine.scripting.DefaultScriptEvaluatorFactory as ValidatorFactory-scoped script evaluator factory.
2023-05-20 08:56:31,053 INFO [main][ExecutorConfigurationSupport.java:171] - Initializing ExecutorService 'applicationTaskExecutor'
2023-05-20 08:56:31,053 INFO [main][ExecutorConfigurationSupport.java:171] - Initializing ExecutorService 'applicationTaskExecutor'
2023-05-20 08:56:32,562 INFO [main][InetUtils.java:170] - Cannot determine local hostname
2023-05-20 08:56:32,562 INFO [main][InetUtils.java:170] - Cannot determine local hostname
2023-05-20 08:56:32,570 INFO [main][InitUtils.java:56] - initializer namespace from System Property :null
2023-05-20 08:56:32,570 INFO [main][InitUtils.java:56] - initializer namespace from System Property :null
2023-05-20 08:56:32,570 INFO [main][InitUtils.java:65] - initializer namespace from System Environment :null
2023-05-20 08:56:32,570 INFO [main][InitUtils.java:65] - initializer namespace from System Environment :null
2023-05-20 08:56:32,571 INFO [main][InitUtils.java:75] - initializer namespace from System Property :null
2023-05-20 08:56:32,571 INFO [main][InitUtils.java:75] - initializer namespace from System Property :null
2023-05-20 08:56:32,581 DEBUG [com.alibaba.nacos.naming.failover][FailoverReactor.java:110] - failover switch is not found, failover00-00---000-VIPSRV_FAILOVER_SWITCH-000---00-00
2023-05-20 08:56:32,581 DEBUG [com.alibaba.nacos.naming.failover][FailoverReactor.java:110] - failover switch is not found, failover00-00---000-VIPSRV_FAILOVER_SWITCH-000---00-00
2023-05-20 08:56:32,589 INFO [main][ExecutorConfigurationSupport.java:171] - Initializing ExecutorService
2023-05-20 08:56:32,589 INFO [main][ExecutorConfigurationSupport.java:171] - Initializing ExecutorService
2023-05-20 08:56:34,043 INFO [main][InetUtils.java:170] - Cannot determine local hostname
2023-05-20 08:56:34,043 INFO [main][InetUtils.java:170] - Cannot determine local hostname
2023-05-20 08:56:34,117 WARN [main][AbstractApplicationContext.java:554] - Exception encountered during context initialization - cancelling refresh attempt: org.springframework.beans.factory.BeanCreationException: Error creating bean with name 'okHttpClientBuilder' defined in class path resource [org/springframework/cloud/commons/httpclient/HttpClientConfiguration$OkHttpClientConfiguration.class]: Bean instantiation via factory method failed; nested exception is org.springframework.beans.BeanInstantiationException: Failed to instantiate [okhttp3.OkHttpClient$Builder]: Factory method 'okHttpClientBuilder' threw exception; nested exception is java.lang.NoSuchMethodError: kotlin.collections.ArraysKt.copyInto([B[BIII)[B
2023-05-20 08:56:34,117 WARN [main][AbstractApplicationContext.java:554] - Exception encountered during context initialization - cancelling refresh attempt: org.springframework.beans.factory.BeanCreationException: Error creating bean with name 'okHttpClientBuilder' defined in class path resource [org/springframework/cloud/commons/httpclient/HttpClientConfiguration$OkHttpClientConfiguration.class]: Bean instantiation via factory method failed; nested exception is org.springframework.beans.BeanInstantiationException: Failed to instantiate [okhttp3.OkHttpClient$Builder]: Factory method 'okHttpClientBuilder' threw exception; nested exception is java.lang.NoSuchMethodError: kotlin.collections.ArraysKt.copyInto([B[BIII)[B
2023-05-20 08:56:34,118 INFO [main][ExecutorConfigurationSupport.java:208] - Shutting down ExecutorService 'applicationTaskExecutor'
2023-05-20 08:56:34,118 INFO [main][ExecutorConfigurationSupport.java:208] - Shutting down ExecutorService 'applicationTaskExecutor'
2023-05-20 08:56:34,124 INFO [main][DruidDataSource.java:2071] - {dataSource-1} closing ...
2023-05-20 08:56:34,124 INFO [main][DruidDataSource.java:2071] - {dataSource-1} closing ...
2023-05-20 08:56:34,125 INFO [main][DruidDataSource.java:2144] - {dataSource-1} closed
2023-05-20 08:56:34,125 INFO [main][DruidDataSource.java:2144] - {dataSource-1} closed
2023-05-20 08:56:34,126 INFO [main][DirectJDKLog.java:173] - Stopping service [Tomcat]
2023-05-20 08:56:34,126 INFO [main][DirectJDKLog.java:173] - Stopping service [Tomcat]
2023-05-20 08:56:34,138 INFO [main][ConditionEvaluationReportLoggingListener.java:142] - 

Error starting ApplicationContext. To display the conditions report re-run your application with 'debug' enabled.
2023-05-20 08:56:34,138 INFO [main][ConditionEvaluationReportLoggingListener.java:142] - 

Error starting ApplicationContext. To display the conditions report re-run your application with 'debug' enabled.
2023-05-20 08:56:34,145 ERROR [main][LoggingFailureAnalysisReporter.java:42] - 

***************************
APPLICATION FAILED TO START
***************************

Description:

An attempt was made to call the method kotlin.collections.ArraysKt.copyInto([B[BIII)[B but it does not exist. Its class, kotlin.collections.ArraysKt, is available from the following locations:

    jar:file:/D:/respository/org/jetbrains/kotlin/kotlin-stdlib/1.2.71/kotlin-stdlib-1.2.71.jar!/kotlin/collections/ArraysKt.class

It was loaded from the following location:

    file:/D:/respository/org/jetbrains/kotlin/kotlin-stdlib/1.2.71/kotlin-stdlib-1.2.71.jar


Action:

Correct the classpath of your application so that it contains a single, compatible version of kotlin.collections.ArraysKt

2023-05-20 08:56:34,145 ERROR [main][LoggingFailureAnalysisReporter.java:42] - 

***************************
APPLICATION FAILED TO START
***************************

Description:

An attempt was made to call the method kotlin.collections.ArraysKt.copyInto([B[BIII)[B but it does not exist. Its class, kotlin.collections.ArraysKt, is available from the following locations:

    jar:file:/D:/respository/org/jetbrains/kotlin/kotlin-stdlib/1.2.71/kotlin-stdlib-1.2.71.jar!/kotlin/collections/ArraysKt.class

It was loaded from the following location:

    file:/D:/respository/org/jetbrains/kotlin/kotlin-stdlib/1.2.71/kotlin-stdlib-1.2.71.jar


Action:

Correct the classpath of your application so that it contains a single, compatible version of kotlin.collections.ArraysKt

