2023-04-23 16:36:17,517 INFO [main][PostProcessorRegistrationDelegate.java:330] - Bean 'org.springframework.cloud.autoconfigure.ConfigurationPropertiesRebinderAutoConfiguration' of type [org.springframework.cloud.autoconfigure.ConfigurationPropertiesRebinderAutoConfiguration$$EnhancerBySpringCGLIB$$d81c7fb3] is not eligible for getting processed by all BeanPostProcessors (for example: not eligible for auto-proxying)
2023-04-23 16:36:17,517 INFO [main][PostProcessorRegistrationDelegate.java:330] - Bean 'org.springframework.cloud.autoconfigure.ConfigurationPropertiesRebinderAutoConfiguration' of type [org.springframework.cloud.autoconfigure.ConfigurationPropertiesRebinderAutoConfiguration$$EnhancerBySpringCGLIB$$d81c7fb3] is not eligible for getting processed by all BeanPostProcessors (for example: not eligible for auto-proxying)
2023-04-23 16:36:18,227 INFO [main][NacosPropertySourceBuilder.java:87] - Loading nacos data, dataId: 'content-service-dev.yaml', group: 'DEV_GROUP'
2023-04-23 16:36:18,227 INFO [main][NacosPropertySourceBuilder.java:87] - Loading nacos data, dataId: 'content-service-dev.yaml', group: 'DEV_GROUP'
2023-04-23 16:36:18,240 INFO [main][NacosPropertySourceBuilder.java:87] - Loading nacos data, dataId: 'content-api-dev.yaml', group: 'DEV_GROUP'
2023-04-23 16:36:18,240 INFO [main][NacosPropertySourceBuilder.java:87] - Loading nacos data, dataId: 'content-api-dev.yaml', group: 'DEV_GROUP'
2023-04-23 16:36:18,242 INFO [main][PropertySourceBootstrapConfiguration.java:98] - Located property source: CompositePropertySource {name='NACOS', propertySources=[NacosPropertySource@1807176280 {name='content-api-dev.yaml', properties={server.servlet.context-path=/content, server.port=63040, logging.config=classpath:log4j2-dev.xml}}, NacosPropertySource@203819996 {name='content-service-dev.yaml', properties={spring.datasource.driver-class-name=com.mysql.cj.jdbc.Driver, spring.datasource.username=root, spring.datasource.url=jdbc:mysql://127.0.0.1:3307/xc_content?serverTimezone=UTC&userUnicode=true&useSSL=false&, spring.application.name=content-service, spring.datasource.password=rootroot}}]}
2023-04-23 16:36:18,242 INFO [main][PropertySourceBootstrapConfiguration.java:98] - Located property source: CompositePropertySource {name='NACOS', propertySources=[NacosPropertySource@1807176280 {name='content-api-dev.yaml', properties={server.servlet.context-path=/content, server.port=63040, logging.config=classpath:log4j2-dev.xml}}, NacosPropertySource@203819996 {name='content-service-dev.yaml', properties={spring.datasource.driver-class-name=com.mysql.cj.jdbc.Driver, spring.datasource.username=root, spring.datasource.url=jdbc:mysql://127.0.0.1:3307/xc_content?serverTimezone=UTC&userUnicode=true&useSSL=false&, spring.application.name=content-service, spring.datasource.password=rootroot}}]}
2023-04-23 16:36:18,262 INFO [main][SpringApplication.java:675] - No active profile set, falling back to default profiles: default
2023-04-23 16:36:18,262 INFO [main][SpringApplication.java:675] - No active profile set, falling back to default profiles: default
2023-04-23 16:36:18,820 DEBUG [main][LogFactory.java:105] - Logging initialized using 'class org.apache.ibatis.logging.slf4j.Slf4jImpl' adapter.
2023-04-23 16:36:18,820 DEBUG [main][LogFactory.java:105] - Logging initialized using 'class org.apache.ibatis.logging.slf4j.Slf4jImpl' adapter.
2023-04-23 16:36:18,877 INFO [main][GenericScope.java:294] - BeanFactory id=f0eb5e69-4b2f-3b13-bd05-1103c1beda53
2023-04-23 16:36:18,877 INFO [main][GenericScope.java:294] - BeanFactory id=f0eb5e69-4b2f-3b13-bd05-1103c1beda53
2023-04-23 16:36:18,917 INFO [main][PostProcessorRegistrationDelegate.java:330] - Bean 'org.springframework.transaction.annotation.ProxyTransactionManagementConfiguration' of type [org.springframework.transaction.annotation.ProxyTransactionManagementConfiguration$$EnhancerBySpringCGLIB$$bc027cb6] is not eligible for getting processed by all BeanPostProcessors (for example: not eligible for auto-proxying)
2023-04-23 16:36:18,917 INFO [main][PostProcessorRegistrationDelegate.java:330] - Bean 'org.springframework.transaction.annotation.ProxyTransactionManagementConfiguration' of type [org.springframework.transaction.annotation.ProxyTransactionManagementConfiguration$$EnhancerBySpringCGLIB$$bc027cb6] is not eligible for getting processed by all BeanPostProcessors (for example: not eligible for auto-proxying)
2023-04-23 16:36:18,927 INFO [main][PostProcessorRegistrationDelegate.java:330] - Bean 'org.springframework.cloud.autoconfigure.ConfigurationPropertiesRebinderAutoConfiguration' of type [org.springframework.cloud.autoconfigure.ConfigurationPropertiesRebinderAutoConfiguration$$EnhancerBySpringCGLIB$$d81c7fb3] is not eligible for getting processed by all BeanPostProcessors (for example: not eligible for auto-proxying)
2023-04-23 16:36:18,927 INFO [main][PostProcessorRegistrationDelegate.java:330] - Bean 'org.springframework.cloud.autoconfigure.ConfigurationPropertiesRebinderAutoConfiguration' of type [org.springframework.cloud.autoconfigure.ConfigurationPropertiesRebinderAutoConfiguration$$EnhancerBySpringCGLIB$$d81c7fb3] is not eligible for getting processed by all BeanPostProcessors (for example: not eligible for auto-proxying)
2023-04-23 16:36:19,164 INFO [main][TomcatWebServer.java:90] - Tomcat initialized with port(s): 63040 (http)
2023-04-23 16:36:19,164 INFO [main][TomcatWebServer.java:90] - Tomcat initialized with port(s): 63040 (http)
2023-04-23 16:36:19,175 INFO [main][DirectJDKLog.java:173] - Initializing ProtocolHandler ["http-nio-63040"]
2023-04-23 16:36:19,175 INFO [main][DirectJDKLog.java:173] - Initializing ProtocolHandler ["http-nio-63040"]
2023-04-23 16:36:19,179 INFO [main][DirectJDKLog.java:173] - Starting service [Tomcat]
2023-04-23 16:36:19,179 INFO [main][DirectJDKLog.java:173] - Starting service [Tomcat]
2023-04-23 16:36:19,179 INFO [main][DirectJDKLog.java:173] - Starting Servlet Engine: Apache Tomcat/9.0.12
2023-04-23 16:36:19,179 INFO [main][DirectJDKLog.java:173] - Starting Servlet Engine: Apache Tomcat/9.0.12
2023-04-23 16:36:19,185 INFO [main][DirectJDKLog.java:173] - The APR based Apache Tomcat Native library which allows optimal performance in production environments was not found on the java.library.path: [D:\software\tools\Java\jdk8\bin;C:\WINDOWS\Sun\Java\bin;C:\WINDOWS\system32;C:\WINDOWS;C:\Program Files (x86)\Common Files\Oracle\Java\javapath;D:\software\tools\python\env\Scripts\;D:\software\tools\python\env\;D:\software\Vmware\bin\;C:\WINDOWS\system32;C:\WINDOWS;C:\WINDOWS\System32\Wbem;C:\WINDOWS\System32\WindowsPowerShell\v1.0\;C:\WINDOWS\System32\OpenSSH\;D:\software\Bandizip\;D:\software\tools\Java\jdk8\bin;D:\software\tools\Java\jdk8\jre\bin;D:\software\tools\apache-maven-3.8.6\bin;D:\software\Git\cmd;D:\software\mysql5.7\bin;D:\software\mysql8\bin;D:\software\Microsoft VS Code\bin;D:\software\tools\apache-jmeter-5.5\bin;D:\software\tools\Redis3;D:\software\tools\nodeJs\;C:\Users\hp\AppData\Local\Microsoft\WindowsApps;;D:\software\Microsoft VS Code\bin;C:\Users\hp\AppData\Roaming\npm;.]
2023-04-23 16:36:19,185 INFO [main][DirectJDKLog.java:173] - The APR based Apache Tomcat Native library which allows optimal performance in production environments was not found on the java.library.path: [D:\software\tools\Java\jdk8\bin;C:\WINDOWS\Sun\Java\bin;C:\WINDOWS\system32;C:\WINDOWS;C:\Program Files (x86)\Common Files\Oracle\Java\javapath;D:\software\tools\python\env\Scripts\;D:\software\tools\python\env\;D:\software\Vmware\bin\;C:\WINDOWS\system32;C:\WINDOWS;C:\WINDOWS\System32\Wbem;C:\WINDOWS\System32\WindowsPowerShell\v1.0\;C:\WINDOWS\System32\OpenSSH\;D:\software\Bandizip\;D:\software\tools\Java\jdk8\bin;D:\software\tools\Java\jdk8\jre\bin;D:\software\tools\apache-maven-3.8.6\bin;D:\software\Git\cmd;D:\software\mysql5.7\bin;D:\software\mysql8\bin;D:\software\Microsoft VS Code\bin;D:\software\tools\apache-jmeter-5.5\bin;D:\software\tools\Redis3;D:\software\tools\nodeJs\;C:\Users\hp\AppData\Local\Microsoft\WindowsApps;;D:\software\Microsoft VS Code\bin;C:\Users\hp\AppData\Roaming\npm;.]
2023-04-23 16:36:19,282 INFO [main][DirectJDKLog.java:173] - Initializing Spring embedded WebApplicationContext
2023-04-23 16:36:19,282 INFO [main][DirectJDKLog.java:173] - Initializing Spring embedded WebApplicationContext
2023-04-23 16:36:19,284 INFO [main][ServletWebServerApplicationContext.java:285] - Root WebApplicationContext: initialization completed in 1016 ms
2023-04-23 16:36:19,284 INFO [main][ServletWebServerApplicationContext.java:285] - Root WebApplicationContext: initialization completed in 1016 ms
2023-04-23 16:36:19,307 INFO [main][ServletRegistrationBean.java:186] - Servlet dispatcherServlet mapped to [/]
2023-04-23 16:36:19,307 INFO [main][ServletRegistrationBean.java:186] - Servlet dispatcherServlet mapped to [/]
2023-04-23 16:36:19,311 INFO [main][AbstractFilterRegistrationBean.java:248] - Mapping filter: 'characterEncodingFilter' to: [/*]
2023-04-23 16:36:19,311 INFO [main][AbstractFilterRegistrationBean.java:248] - Mapping filter: 'characterEncodingFilter' to: [/*]
2023-04-23 16:36:19,312 INFO [main][AbstractFilterRegistrationBean.java:248] - Mapping filter: 'hiddenHttpMethodFilter' to: [/*]
2023-04-23 16:36:19,312 INFO [main][AbstractFilterRegistrationBean.java:248] - Mapping filter: 'hiddenHttpMethodFilter' to: [/*]
2023-04-23 16:36:19,312 INFO [main][AbstractFilterRegistrationBean.java:248] - Mapping filter: 'formContentFilter' to: [/*]
2023-04-23 16:36:19,312 INFO [main][AbstractFilterRegistrationBean.java:248] - Mapping filter: 'formContentFilter' to: [/*]
2023-04-23 16:36:19,312 INFO [main][AbstractFilterRegistrationBean.java:248] - Mapping filter: 'requestContextFilter' to: [/*]
2023-04-23 16:36:19,312 INFO [main][AbstractFilterRegistrationBean.java:248] - Mapping filter: 'requestContextFilter' to: [/*]
2023-04-23 16:36:19,312 INFO [main][AbstractFilterRegistrationBean.java:248] - Mapping filter: 'corsFilter' to: [/*]
2023-04-23 16:36:19,312 INFO [main][AbstractFilterRegistrationBean.java:248] - Mapping filter: 'corsFilter' to: [/*]
2023-04-23 16:36:19,373 INFO [main][DruidDataSourceAutoConfigure.java:56] - Init DruidDataSource
2023-04-23 16:36:19,373 INFO [main][DruidDataSourceAutoConfigure.java:56] - Init DruidDataSource
2023-04-23 16:36:19,481 INFO [main][DruidDataSource.java:998] - {dataSource-1} inited
2023-04-23 16:36:19,481 INFO [main][DruidDataSource.java:998] - {dataSource-1} inited
2023-04-23 16:36:19,541 DEBUG [main][Logger.java:49] - Registered plugin: 'com.baomidou.mybatisplus.extension.plugins.MybatisPlusInterceptor@1db87583'
2023-04-23 16:36:19,541 DEBUG [main][Logger.java:49] - Registered plugin: 'com.baomidou.mybatisplus.extension.plugins.MybatisPlusInterceptor@1db87583'
2023-04-23 16:36:19,542 DEBUG [main][Logger.java:49] - Property 'mapperLocations' was not specified.
2023-04-23 16:36:19,542 DEBUG [main][Logger.java:49] - Property 'mapperLocations' was not specified.
2023-04-23 16:36:19,963 DEBUG [main][MybatisConfiguration.java:128] - addMappedStatement: com.x.content.mapper.CourseBaseMapper.insert
2023-04-23 16:36:19,963 DEBUG [main][MybatisConfiguration.java:128] - addMappedStatement: com.x.content.mapper.CourseBaseMapper.insert
2023-04-23 16:36:19,967 DEBUG [main][MybatisConfiguration.java:128] - addMappedStatement: com.x.content.mapper.CourseBaseMapper.delete
2023-04-23 16:36:19,967 DEBUG [main][MybatisConfiguration.java:128] - addMappedStatement: com.x.content.mapper.CourseBaseMapper.delete
2023-04-23 16:36:19,969 DEBUG [main][MybatisConfiguration.java:128] - addMappedStatement: com.x.content.mapper.CourseBaseMapper.deleteByMap
2023-04-23 16:36:19,969 DEBUG [main][MybatisConfiguration.java:128] - addMappedStatement: com.x.content.mapper.CourseBaseMapper.deleteByMap
2023-04-23 16:36:19,985 DEBUG [main][MybatisConfiguration.java:128] - addMappedStatement: com.x.content.mapper.CourseBaseMapper.deleteById
2023-04-23 16:36:19,985 DEBUG [main][MybatisConfiguration.java:128] - addMappedStatement: com.x.content.mapper.CourseBaseMapper.deleteById
2023-04-23 16:36:19,987 DEBUG [main][MybatisConfiguration.java:128] - addMappedStatement: com.x.content.mapper.CourseBaseMapper.deleteBatchIds
2023-04-23 16:36:19,987 DEBUG [main][MybatisConfiguration.java:128] - addMappedStatement: com.x.content.mapper.CourseBaseMapper.deleteBatchIds
2023-04-23 16:36:19,989 DEBUG [main][MybatisConfiguration.java:128] - addMappedStatement: com.x.content.mapper.CourseBaseMapper.update
2023-04-23 16:36:19,989 DEBUG [main][MybatisConfiguration.java:128] - addMappedStatement: com.x.content.mapper.CourseBaseMapper.update
2023-04-23 16:36:19,992 DEBUG [main][MybatisConfiguration.java:128] - addMappedStatement: com.x.content.mapper.CourseBaseMapper.updateById
2023-04-23 16:36:19,992 DEBUG [main][MybatisConfiguration.java:128] - addMappedStatement: com.x.content.mapper.CourseBaseMapper.updateById
2023-04-23 16:36:19,994 DEBUG [main][MybatisConfiguration.java:128] - addMappedStatement: com.x.content.mapper.CourseBaseMapper.selectById
2023-04-23 16:36:19,994 DEBUG [main][MybatisConfiguration.java:128] - addMappedStatement: com.x.content.mapper.CourseBaseMapper.selectById
2023-04-23 16:36:19,996 DEBUG [main][MybatisConfiguration.java:128] - addMappedStatement: com.x.content.mapper.CourseBaseMapper.selectBatchIds
2023-04-23 16:36:19,996 DEBUG [main][MybatisConfiguration.java:128] - addMappedStatement: com.x.content.mapper.CourseBaseMapper.selectBatchIds
2023-04-23 16:36:19,998 DEBUG [main][MybatisConfiguration.java:128] - addMappedStatement: com.x.content.mapper.CourseBaseMapper.selectByMap
2023-04-23 16:36:19,998 DEBUG [main][MybatisConfiguration.java:128] - addMappedStatement: com.x.content.mapper.CourseBaseMapper.selectByMap
2023-04-23 16:36:20,000 DEBUG [main][MybatisConfiguration.java:128] - addMappedStatement: com.x.content.mapper.CourseBaseMapper.selectOne
2023-04-23 16:36:20,000 DEBUG [main][MybatisConfiguration.java:128] - addMappedStatement: com.x.content.mapper.CourseBaseMapper.selectOne
2023-04-23 16:36:20,002 DEBUG [main][MybatisConfiguration.java:128] - addMappedStatement: com.x.content.mapper.CourseBaseMapper.selectCount
2023-04-23 16:36:20,002 DEBUG [main][MybatisConfiguration.java:128] - addMappedStatement: com.x.content.mapper.CourseBaseMapper.selectCount
2023-04-23 16:36:20,004 DEBUG [main][MybatisConfiguration.java:128] - addMappedStatement: com.x.content.mapper.CourseBaseMapper.selectMaps
2023-04-23 16:36:20,004 DEBUG [main][MybatisConfiguration.java:128] - addMappedStatement: com.x.content.mapper.CourseBaseMapper.selectMaps
2023-04-23 16:36:20,006 DEBUG [main][MybatisConfiguration.java:128] - addMappedStatement: com.x.content.mapper.CourseBaseMapper.selectMapsPage
2023-04-23 16:36:20,006 DEBUG [main][MybatisConfiguration.java:128] - addMappedStatement: com.x.content.mapper.CourseBaseMapper.selectMapsPage
2023-04-23 16:36:20,007 DEBUG [main][MybatisConfiguration.java:128] - addMappedStatement: com.x.content.mapper.CourseBaseMapper.selectObjs
2023-04-23 16:36:20,007 DEBUG [main][MybatisConfiguration.java:128] - addMappedStatement: com.x.content.mapper.CourseBaseMapper.selectObjs
2023-04-23 16:36:20,009 DEBUG [main][MybatisConfiguration.java:128] - addMappedStatement: com.x.content.mapper.CourseBaseMapper.selectList
2023-04-23 16:36:20,009 DEBUG [main][MybatisConfiguration.java:128] - addMappedStatement: com.x.content.mapper.CourseBaseMapper.selectList
2023-04-23 16:36:20,010 DEBUG [main][MybatisConfiguration.java:128] - addMappedStatement: com.x.content.mapper.CourseBaseMapper.selectPage
2023-04-23 16:36:20,010 DEBUG [main][MybatisConfiguration.java:128] - addMappedStatement: com.x.content.mapper.CourseBaseMapper.selectPage
2023-04-23 16:36:20,022 DEBUG [main][MybatisConfiguration.java:128] - addMappedStatement: com.x.content.mapper.CourseMarketMapper.insert
2023-04-23 16:36:20,022 DEBUG [main][MybatisConfiguration.java:128] - addMappedStatement: com.x.content.mapper.CourseMarketMapper.insert
2023-04-23 16:36:20,023 DEBUG [main][MybatisConfiguration.java:128] - addMappedStatement: com.x.content.mapper.CourseMarketMapper.delete
2023-04-23 16:36:20,023 DEBUG [main][MybatisConfiguration.java:128] - addMappedStatement: com.x.content.mapper.CourseMarketMapper.delete
2023-04-23 16:36:20,025 DEBUG [main][MybatisConfiguration.java:128] - addMappedStatement: com.x.content.mapper.CourseMarketMapper.deleteByMap
2023-04-23 16:36:20,025 DEBUG [main][MybatisConfiguration.java:128] - addMappedStatement: com.x.content.mapper.CourseMarketMapper.deleteByMap
2023-04-23 16:36:20,027 DEBUG [main][MybatisConfiguration.java:128] - addMappedStatement: com.x.content.mapper.CourseMarketMapper.deleteById
2023-04-23 16:36:20,027 DEBUG [main][MybatisConfiguration.java:128] - addMappedStatement: com.x.content.mapper.CourseMarketMapper.deleteById
2023-04-23 16:36:20,029 DEBUG [main][MybatisConfiguration.java:128] - addMappedStatement: com.x.content.mapper.CourseMarketMapper.deleteBatchIds
2023-04-23 16:36:20,029 DEBUG [main][MybatisConfiguration.java:128] - addMappedStatement: com.x.content.mapper.CourseMarketMapper.deleteBatchIds
2023-04-23 16:36:20,030 DEBUG [main][MybatisConfiguration.java:128] - addMappedStatement: com.x.content.mapper.CourseMarketMapper.update
2023-04-23 16:36:20,030 DEBUG [main][MybatisConfiguration.java:128] - addMappedStatement: com.x.content.mapper.CourseMarketMapper.update
2023-04-23 16:36:20,031 DEBUG [main][MybatisConfiguration.java:128] - addMappedStatement: com.x.content.mapper.CourseMarketMapper.updateById
2023-04-23 16:36:20,031 DEBUG [main][MybatisConfiguration.java:128] - addMappedStatement: com.x.content.mapper.CourseMarketMapper.updateById
2023-04-23 16:36:20,031 DEBUG [main][MybatisConfiguration.java:128] - addMappedStatement: com.x.content.mapper.CourseMarketMapper.selectById
2023-04-23 16:36:20,031 DEBUG [main][MybatisConfiguration.java:128] - addMappedStatement: com.x.content.mapper.CourseMarketMapper.selectById
2023-04-23 16:36:20,032 DEBUG [main][MybatisConfiguration.java:128] - addMappedStatement: com.x.content.mapper.CourseMarketMapper.selectBatchIds
2023-04-23 16:36:20,032 DEBUG [main][MybatisConfiguration.java:128] - addMappedStatement: com.x.content.mapper.CourseMarketMapper.selectBatchIds
2023-04-23 16:36:20,034 DEBUG [main][MybatisConfiguration.java:128] - addMappedStatement: com.x.content.mapper.CourseMarketMapper.selectByMap
2023-04-23 16:36:20,034 DEBUG [main][MybatisConfiguration.java:128] - addMappedStatement: com.x.content.mapper.CourseMarketMapper.selectByMap
2023-04-23 16:36:20,036 DEBUG [main][MybatisConfiguration.java:128] - addMappedStatement: com.x.content.mapper.CourseMarketMapper.selectOne
2023-04-23 16:36:20,036 DEBUG [main][MybatisConfiguration.java:128] - addMappedStatement: com.x.content.mapper.CourseMarketMapper.selectOne
2023-04-23 16:36:20,037 DEBUG [main][MybatisConfiguration.java:128] - addMappedStatement: com.x.content.mapper.CourseMarketMapper.selectCount
2023-04-23 16:36:20,037 DEBUG [main][MybatisConfiguration.java:128] - addMappedStatement: com.x.content.mapper.CourseMarketMapper.selectCount
2023-04-23 16:36:20,038 DEBUG [main][MybatisConfiguration.java:128] - addMappedStatement: com.x.content.mapper.CourseMarketMapper.selectMaps
2023-04-23 16:36:20,038 DEBUG [main][MybatisConfiguration.java:128] - addMappedStatement: com.x.content.mapper.CourseMarketMapper.selectMaps
2023-04-23 16:36:20,040 DEBUG [main][MybatisConfiguration.java:128] - addMappedStatement: com.x.content.mapper.CourseMarketMapper.selectMapsPage
2023-04-23 16:36:20,040 DEBUG [main][MybatisConfiguration.java:128] - addMappedStatement: com.x.content.mapper.CourseMarketMapper.selectMapsPage
2023-04-23 16:36:20,041 DEBUG [main][MybatisConfiguration.java:128] - addMappedStatement: com.x.content.mapper.CourseMarketMapper.selectObjs
2023-04-23 16:36:20,041 DEBUG [main][MybatisConfiguration.java:128] - addMappedStatement: com.x.content.mapper.CourseMarketMapper.selectObjs
2023-04-23 16:36:20,042 DEBUG [main][MybatisConfiguration.java:128] - addMappedStatement: com.x.content.mapper.CourseMarketMapper.selectList
2023-04-23 16:36:20,042 DEBUG [main][MybatisConfiguration.java:128] - addMappedStatement: com.x.content.mapper.CourseMarketMapper.selectList
2023-04-23 16:36:20,043 DEBUG [main][MybatisConfiguration.java:128] - addMappedStatement: com.x.content.mapper.CourseMarketMapper.selectPage
2023-04-23 16:36:20,043 DEBUG [main][MybatisConfiguration.java:128] - addMappedStatement: com.x.content.mapper.CourseMarketMapper.selectPage
2023-04-23 16:36:20,053 DEBUG [main][MybatisConfiguration.java:128] - addMappedStatement: com.x.content.mapper.CourseCategoryMapper.selectTreeNodes
2023-04-23 16:36:20,053 DEBUG [main][MybatisConfiguration.java:128] - addMappedStatement: com.x.content.mapper.CourseCategoryMapper.selectTreeNodes
2023-04-23 16:36:20,056 DEBUG [main][MybatisConfiguration.java:128] - addMappedStatement: com.x.content.mapper.CourseCategoryMapper.insert
2023-04-23 16:36:20,056 DEBUG [main][MybatisConfiguration.java:128] - addMappedStatement: com.x.content.mapper.CourseCategoryMapper.insert
2023-04-23 16:36:20,057 DEBUG [main][MybatisConfiguration.java:128] - addMappedStatement: com.x.content.mapper.CourseCategoryMapper.delete
2023-04-23 16:36:20,057 DEBUG [main][MybatisConfiguration.java:128] - addMappedStatement: com.x.content.mapper.CourseCategoryMapper.delete
2023-04-23 16:36:20,059 DEBUG [main][MybatisConfiguration.java:128] - addMappedStatement: com.x.content.mapper.CourseCategoryMapper.deleteByMap
2023-04-23 16:36:20,059 DEBUG [main][MybatisConfiguration.java:128] - addMappedStatement: com.x.content.mapper.CourseCategoryMapper.deleteByMap
2023-04-23 16:36:20,060 DEBUG [main][MybatisConfiguration.java:128] - addMappedStatement: com.x.content.mapper.CourseCategoryMapper.deleteById
2023-04-23 16:36:20,060 DEBUG [main][MybatisConfiguration.java:128] - addMappedStatement: com.x.content.mapper.CourseCategoryMapper.deleteById
2023-04-23 16:36:20,061 DEBUG [main][MybatisConfiguration.java:128] - addMappedStatement: com.x.content.mapper.CourseCategoryMapper.deleteBatchIds
2023-04-23 16:36:20,061 DEBUG [main][MybatisConfiguration.java:128] - addMappedStatement: com.x.content.mapper.CourseCategoryMapper.deleteBatchIds
2023-04-23 16:36:20,062 DEBUG [main][MybatisConfiguration.java:128] - addMappedStatement: com.x.content.mapper.CourseCategoryMapper.update
2023-04-23 16:36:20,062 DEBUG [main][MybatisConfiguration.java:128] - addMappedStatement: com.x.content.mapper.CourseCategoryMapper.update
2023-04-23 16:36:20,065 DEBUG [main][MybatisConfiguration.java:128] - addMappedStatement: com.x.content.mapper.CourseCategoryMapper.updateById
2023-04-23 16:36:20,065 DEBUG [main][MybatisConfiguration.java:128] - addMappedStatement: com.x.content.mapper.CourseCategoryMapper.updateById
2023-04-23 16:36:20,065 DEBUG [main][MybatisConfiguration.java:128] - addMappedStatement: com.x.content.mapper.CourseCategoryMapper.selectById
2023-04-23 16:36:20,065 DEBUG [main][MybatisConfiguration.java:128] - addMappedStatement: com.x.content.mapper.CourseCategoryMapper.selectById
2023-04-23 16:36:20,066 DEBUG [main][MybatisConfiguration.java:128] - addMappedStatement: com.x.content.mapper.CourseCategoryMapper.selectBatchIds
2023-04-23 16:36:20,066 DEBUG [main][MybatisConfiguration.java:128] - addMappedStatement: com.x.content.mapper.CourseCategoryMapper.selectBatchIds
2023-04-23 16:36:20,068 DEBUG [main][MybatisConfiguration.java:128] - addMappedStatement: com.x.content.mapper.CourseCategoryMapper.selectByMap
2023-04-23 16:36:20,068 DEBUG [main][MybatisConfiguration.java:128] - addMappedStatement: com.x.content.mapper.CourseCategoryMapper.selectByMap
2023-04-23 16:36:20,069 DEBUG [main][MybatisConfiguration.java:128] - addMappedStatement: com.x.content.mapper.CourseCategoryMapper.selectOne
2023-04-23 16:36:20,069 DEBUG [main][MybatisConfiguration.java:128] - addMappedStatement: com.x.content.mapper.CourseCategoryMapper.selectOne
2023-04-23 16:36:20,070 DEBUG [main][MybatisConfiguration.java:128] - addMappedStatement: com.x.content.mapper.CourseCategoryMapper.selectCount
2023-04-23 16:36:20,070 DEBUG [main][MybatisConfiguration.java:128] - addMappedStatement: com.x.content.mapper.CourseCategoryMapper.selectCount
2023-04-23 16:36:20,073 DEBUG [main][MybatisConfiguration.java:128] - addMappedStatement: com.x.content.mapper.CourseCategoryMapper.selectMaps
2023-04-23 16:36:20,073 DEBUG [main][MybatisConfiguration.java:128] - addMappedStatement: com.x.content.mapper.CourseCategoryMapper.selectMaps
2023-04-23 16:36:20,074 DEBUG [main][MybatisConfiguration.java:128] - addMappedStatement: com.x.content.mapper.CourseCategoryMapper.selectMapsPage
2023-04-23 16:36:20,074 DEBUG [main][MybatisConfiguration.java:128] - addMappedStatement: com.x.content.mapper.CourseCategoryMapper.selectMapsPage
2023-04-23 16:36:20,075 DEBUG [main][MybatisConfiguration.java:128] - addMappedStatement: com.x.content.mapper.CourseCategoryMapper.selectObjs
2023-04-23 16:36:20,075 DEBUG [main][MybatisConfiguration.java:128] - addMappedStatement: com.x.content.mapper.CourseCategoryMapper.selectObjs
2023-04-23 16:36:20,077 DEBUG [main][MybatisConfiguration.java:128] - addMappedStatement: com.x.content.mapper.CourseCategoryMapper.selectList
2023-04-23 16:36:20,077 DEBUG [main][MybatisConfiguration.java:128] - addMappedStatement: com.x.content.mapper.CourseCategoryMapper.selectList
2023-04-23 16:36:20,079 DEBUG [main][MybatisConfiguration.java:128] - addMappedStatement: com.x.content.mapper.CourseCategoryMapper.selectPage
2023-04-23 16:36:20,079 DEBUG [main][MybatisConfiguration.java:128] - addMappedStatement: com.x.content.mapper.CourseCategoryMapper.selectPage
2023-04-23 16:36:20,143 DEBUG [main][MybatisConfiguration.java:128] - addMappedStatement: com.x.content.mapper.TeachplanMapper.selectTreeNodes
2023-04-23 16:36:20,143 DEBUG [main][MybatisConfiguration.java:128] - addMappedStatement: com.x.content.mapper.TeachplanMapper.selectTreeNodes
2023-04-23 16:36:20,146 DEBUG [main][MybatisConfiguration.java:128] - addMappedStatement: com.x.content.mapper.TeachplanMapper.insert
2023-04-23 16:36:20,146 DEBUG [main][MybatisConfiguration.java:128] - addMappedStatement: com.x.content.mapper.TeachplanMapper.insert
2023-04-23 16:36:20,150 DEBUG [main][MybatisConfiguration.java:128] - addMappedStatement: com.x.content.mapper.TeachplanMapper.delete
2023-04-23 16:36:20,150 DEBUG [main][MybatisConfiguration.java:128] - addMappedStatement: com.x.content.mapper.TeachplanMapper.delete
2023-04-23 16:36:20,153 DEBUG [main][MybatisConfiguration.java:128] - addMappedStatement: com.x.content.mapper.TeachplanMapper.deleteByMap
2023-04-23 16:36:20,153 DEBUG [main][MybatisConfiguration.java:128] - addMappedStatement: com.x.content.mapper.TeachplanMapper.deleteByMap
2023-04-23 16:36:20,155 DEBUG [main][MybatisConfiguration.java:128] - addMappedStatement: com.x.content.mapper.TeachplanMapper.deleteById
2023-04-23 16:36:20,155 DEBUG [main][MybatisConfiguration.java:128] - addMappedStatement: com.x.content.mapper.TeachplanMapper.deleteById
2023-04-23 16:36:20,157 DEBUG [main][MybatisConfiguration.java:128] - addMappedStatement: com.x.content.mapper.TeachplanMapper.deleteBatchIds
2023-04-23 16:36:20,157 DEBUG [main][MybatisConfiguration.java:128] - addMappedStatement: com.x.content.mapper.TeachplanMapper.deleteBatchIds
2023-04-23 16:36:20,161 DEBUG [main][MybatisConfiguration.java:128] - addMappedStatement: com.x.content.mapper.TeachplanMapper.update
2023-04-23 16:36:20,161 DEBUG [main][MybatisConfiguration.java:128] - addMappedStatement: com.x.content.mapper.TeachplanMapper.update
2023-04-23 16:36:20,164 DEBUG [main][MybatisConfiguration.java:128] - addMappedStatement: com.x.content.mapper.TeachplanMapper.updateById
2023-04-23 16:36:20,164 DEBUG [main][MybatisConfiguration.java:128] - addMappedStatement: com.x.content.mapper.TeachplanMapper.updateById
2023-04-23 16:36:20,166 DEBUG [main][MybatisConfiguration.java:128] - addMappedStatement: com.x.content.mapper.TeachplanMapper.selectById
2023-04-23 16:36:20,166 DEBUG [main][MybatisConfiguration.java:128] - addMappedStatement: com.x.content.mapper.TeachplanMapper.selectById
2023-04-23 16:36:20,168 DEBUG [main][MybatisConfiguration.java:128] - addMappedStatement: com.x.content.mapper.TeachplanMapper.selectBatchIds
2023-04-23 16:36:20,168 DEBUG [main][MybatisConfiguration.java:128] - addMappedStatement: com.x.content.mapper.TeachplanMapper.selectBatchIds
2023-04-23 16:36:20,170 DEBUG [main][MybatisConfiguration.java:128] - addMappedStatement: com.x.content.mapper.TeachplanMapper.selectByMap
2023-04-23 16:36:20,170 DEBUG [main][MybatisConfiguration.java:128] - addMappedStatement: com.x.content.mapper.TeachplanMapper.selectByMap
2023-04-23 16:36:20,173 DEBUG [main][MybatisConfiguration.java:128] - addMappedStatement: com.x.content.mapper.TeachplanMapper.selectOne
2023-04-23 16:36:20,173 DEBUG [main][MybatisConfiguration.java:128] - addMappedStatement: com.x.content.mapper.TeachplanMapper.selectOne
2023-04-23 16:36:20,177 DEBUG [main][MybatisConfiguration.java:128] - addMappedStatement: com.x.content.mapper.TeachplanMapper.selectCount
2023-04-23 16:36:20,177 DEBUG [main][MybatisConfiguration.java:128] - addMappedStatement: com.x.content.mapper.TeachplanMapper.selectCount
2023-04-23 16:36:20,179 DEBUG [main][MybatisConfiguration.java:128] - addMappedStatement: com.x.content.mapper.TeachplanMapper.selectMaps
2023-04-23 16:36:20,179 DEBUG [main][MybatisConfiguration.java:128] - addMappedStatement: com.x.content.mapper.TeachplanMapper.selectMaps
2023-04-23 16:36:20,181 DEBUG [main][MybatisConfiguration.java:128] - addMappedStatement: com.x.content.mapper.TeachplanMapper.selectMapsPage
2023-04-23 16:36:20,181 DEBUG [main][MybatisConfiguration.java:128] - addMappedStatement: com.x.content.mapper.TeachplanMapper.selectMapsPage
2023-04-23 16:36:20,185 DEBUG [main][MybatisConfiguration.java:128] - addMappedStatement: com.x.content.mapper.TeachplanMapper.selectObjs
2023-04-23 16:36:20,185 DEBUG [main][MybatisConfiguration.java:128] - addMappedStatement: com.x.content.mapper.TeachplanMapper.selectObjs
2023-04-23 16:36:20,187 DEBUG [main][MybatisConfiguration.java:128] - addMappedStatement: com.x.content.mapper.TeachplanMapper.selectList
2023-04-23 16:36:20,187 DEBUG [main][MybatisConfiguration.java:128] - addMappedStatement: com.x.content.mapper.TeachplanMapper.selectList
2023-04-23 16:36:20,189 DEBUG [main][MybatisConfiguration.java:128] - addMappedStatement: com.x.content.mapper.TeachplanMapper.selectPage
2023-04-23 16:36:20,189 DEBUG [main][MybatisConfiguration.java:128] - addMappedStatement: com.x.content.mapper.TeachplanMapper.selectPage
2023-04-23 16:36:20,202 DEBUG [main][MybatisConfiguration.java:128] - addMappedStatement: com.x.content.mapper.TeachplanMediaMapper.insert
2023-04-23 16:36:20,202 DEBUG [main][MybatisConfiguration.java:128] - addMappedStatement: com.x.content.mapper.TeachplanMediaMapper.insert
2023-04-23 16:36:20,204 DEBUG [main][MybatisConfiguration.java:128] - addMappedStatement: com.x.content.mapper.TeachplanMediaMapper.delete
2023-04-23 16:36:20,204 DEBUG [main][MybatisConfiguration.java:128] - addMappedStatement: com.x.content.mapper.TeachplanMediaMapper.delete
2023-04-23 16:36:20,207 DEBUG [main][MybatisConfiguration.java:128] - addMappedStatement: com.x.content.mapper.TeachplanMediaMapper.deleteByMap
2023-04-23 16:36:20,207 DEBUG [main][MybatisConfiguration.java:128] - addMappedStatement: com.x.content.mapper.TeachplanMediaMapper.deleteByMap
2023-04-23 16:36:20,209 DEBUG [main][MybatisConfiguration.java:128] - addMappedStatement: com.x.content.mapper.TeachplanMediaMapper.deleteById
2023-04-23 16:36:20,209 DEBUG [main][MybatisConfiguration.java:128] - addMappedStatement: com.x.content.mapper.TeachplanMediaMapper.deleteById
2023-04-23 16:36:20,211 DEBUG [main][MybatisConfiguration.java:128] - addMappedStatement: com.x.content.mapper.TeachplanMediaMapper.deleteBatchIds
2023-04-23 16:36:20,211 DEBUG [main][MybatisConfiguration.java:128] - addMappedStatement: com.x.content.mapper.TeachplanMediaMapper.deleteBatchIds
2023-04-23 16:36:20,214 DEBUG [main][MybatisConfiguration.java:128] - addMappedStatement: com.x.content.mapper.TeachplanMediaMapper.update
2023-04-23 16:36:20,214 DEBUG [main][MybatisConfiguration.java:128] - addMappedStatement: com.x.content.mapper.TeachplanMediaMapper.update
2023-04-23 16:36:20,216 DEBUG [main][MybatisConfiguration.java:128] - addMappedStatement: com.x.content.mapper.TeachplanMediaMapper.updateById
2023-04-23 16:36:20,216 DEBUG [main][MybatisConfiguration.java:128] - addMappedStatement: com.x.content.mapper.TeachplanMediaMapper.updateById
2023-04-23 16:36:20,217 DEBUG [main][MybatisConfiguration.java:128] - addMappedStatement: com.x.content.mapper.TeachplanMediaMapper.selectById
2023-04-23 16:36:20,217 DEBUG [main][MybatisConfiguration.java:128] - addMappedStatement: com.x.content.mapper.TeachplanMediaMapper.selectById
2023-04-23 16:36:20,217 DEBUG [main][MybatisConfiguration.java:128] - addMappedStatement: com.x.content.mapper.TeachplanMediaMapper.selectBatchIds
2023-04-23 16:36:20,217 DEBUG [main][MybatisConfiguration.java:128] - addMappedStatement: com.x.content.mapper.TeachplanMediaMapper.selectBatchIds
2023-04-23 16:36:20,219 DEBUG [main][MybatisConfiguration.java:128] - addMappedStatement: com.x.content.mapper.TeachplanMediaMapper.selectByMap
2023-04-23 16:36:20,219 DEBUG [main][MybatisConfiguration.java:128] - addMappedStatement: com.x.content.mapper.TeachplanMediaMapper.selectByMap
2023-04-23 16:36:20,220 DEBUG [main][MybatisConfiguration.java:128] - addMappedStatement: com.x.content.mapper.TeachplanMediaMapper.selectOne
2023-04-23 16:36:20,220 DEBUG [main][MybatisConfiguration.java:128] - addMappedStatement: com.x.content.mapper.TeachplanMediaMapper.selectOne
2023-04-23 16:36:20,223 DEBUG [main][MybatisConfiguration.java:128] - addMappedStatement: com.x.content.mapper.TeachplanMediaMapper.selectCount
2023-04-23 16:36:20,223 DEBUG [main][MybatisConfiguration.java:128] - addMappedStatement: com.x.content.mapper.TeachplanMediaMapper.selectCount
2023-04-23 16:36:20,224 DEBUG [main][MybatisConfiguration.java:128] - addMappedStatement: com.x.content.mapper.TeachplanMediaMapper.selectMaps
2023-04-23 16:36:20,224 DEBUG [main][MybatisConfiguration.java:128] - addMappedStatement: com.x.content.mapper.TeachplanMediaMapper.selectMaps
2023-04-23 16:36:20,226 DEBUG [main][MybatisConfiguration.java:128] - addMappedStatement: com.x.content.mapper.TeachplanMediaMapper.selectMapsPage
2023-04-23 16:36:20,226 DEBUG [main][MybatisConfiguration.java:128] - addMappedStatement: com.x.content.mapper.TeachplanMediaMapper.selectMapsPage
2023-04-23 16:36:20,228 DEBUG [main][MybatisConfiguration.java:128] - addMappedStatement: com.x.content.mapper.TeachplanMediaMapper.selectObjs
2023-04-23 16:36:20,228 DEBUG [main][MybatisConfiguration.java:128] - addMappedStatement: com.x.content.mapper.TeachplanMediaMapper.selectObjs
2023-04-23 16:36:20,229 DEBUG [main][MybatisConfiguration.java:128] - addMappedStatement: com.x.content.mapper.TeachplanMediaMapper.selectList
2023-04-23 16:36:20,229 DEBUG [main][MybatisConfiguration.java:128] - addMappedStatement: com.x.content.mapper.TeachplanMediaMapper.selectList
2023-04-23 16:36:20,230 DEBUG [main][MybatisConfiguration.java:128] - addMappedStatement: com.x.content.mapper.TeachplanMediaMapper.selectPage
2023-04-23 16:36:20,230 DEBUG [main][MybatisConfiguration.java:128] - addMappedStatement: com.x.content.mapper.TeachplanMediaMapper.selectPage
2023-04-23 16:36:20,525 INFO [main][PropertySourcedRequestMappingHandlerMapping.java:69] - Mapped URL path [/v2/api-docs] onto method [public org.springframework.http.ResponseEntity<springfox.documentation.spring.web.json.Json> springfox.documentation.swagger2.web.Swagger2Controller.getDocumentation(java.lang.String,javax.servlet.http.HttpServletRequest)]
2023-04-23 16:36:20,525 INFO [main][PropertySourcedRequestMappingHandlerMapping.java:69] - Mapped URL path [/v2/api-docs] onto method [public org.springframework.http.ResponseEntity<springfox.documentation.spring.web.json.Json> springfox.documentation.swagger2.web.Swagger2Controller.getDocumentation(java.lang.String,javax.servlet.http.HttpServletRequest)]
2023-04-23 16:36:20,557 WARN [main][URLConfigurationSource.java:121] - No URLs will be polled as dynamic configuration sources.
2023-04-23 16:36:20,557 WARN [main][URLConfigurationSource.java:121] - No URLs will be polled as dynamic configuration sources.
2023-04-23 16:36:20,558 INFO [main][URLConfigurationSource.java:122] - To enable URLs as dynamic configuration sources, define System property archaius.configurationSource.additionalUrls or make config.properties available on classpath.
2023-04-23 16:36:20,558 INFO [main][URLConfigurationSource.java:122] - To enable URLs as dynamic configuration sources, define System property archaius.configurationSource.additionalUrls or make config.properties available on classpath.
2023-04-23 16:36:20,561 WARN [main][URLConfigurationSource.java:121] - No URLs will be polled as dynamic configuration sources.
2023-04-23 16:36:20,561 WARN [main][URLConfigurationSource.java:121] - No URLs will be polled as dynamic configuration sources.
2023-04-23 16:36:20,561 INFO [main][URLConfigurationSource.java:122] - To enable URLs as dynamic configuration sources, define System property archaius.configurationSource.additionalUrls or make config.properties available on classpath.
2023-04-23 16:36:20,561 INFO [main][URLConfigurationSource.java:122] - To enable URLs as dynamic configuration sources, define System property archaius.configurationSource.additionalUrls or make config.properties available on classpath.
2023-04-23 16:36:20,581 DEBUG [main][TraversableResolvers.java:60] - Cannot find javax.persistence.Persistence on classpath. Assuming non JPA 2 environment. All properties will per default be traversable.
2023-04-23 16:36:20,581 DEBUG [main][TraversableResolvers.java:60] - Cannot find javax.persistence.Persistence on classpath. Assuming non JPA 2 environment. All properties will per default be traversable.
2023-04-23 16:36:20,582 DEBUG [main][ResourceBundleMessageInterpolator.java:89] - Loaded expression factory via original TCCL
2023-04-23 16:36:20,582 DEBUG [main][ResourceBundleMessageInterpolator.java:89] - Loaded expression factory via original TCCL
2023-04-23 16:36:20,585 DEBUG [main][TraversableResolvers.java:60] - Cannot find javax.persistence.Persistence on classpath. Assuming non JPA 2 environment. All properties will per default be traversable.
2023-04-23 16:36:20,585 DEBUG [main][TraversableResolvers.java:60] - Cannot find javax.persistence.Persistence on classpath. Assuming non JPA 2 environment. All properties will per default be traversable.
2023-04-23 16:36:20,585 DEBUG [main][ConfigurationImpl.java:148] - Setting custom MessageInterpolator of type org.springframework.validation.beanvalidation.LocaleContextMessageInterpolator
2023-04-23 16:36:20,585 DEBUG [main][ConfigurationImpl.java:148] - Setting custom MessageInterpolator of type org.springframework.validation.beanvalidation.LocaleContextMessageInterpolator
2023-04-23 16:36:20,587 DEBUG [main][ConfigurationImpl.java:180] - Setting custom ConstraintValidatorFactory of type org.springframework.validation.beanvalidation.SpringConstraintValidatorFactory
2023-04-23 16:36:20,587 DEBUG [main][ConfigurationImpl.java:180] - Setting custom ConstraintValidatorFactory of type org.springframework.validation.beanvalidation.SpringConstraintValidatorFactory
2023-04-23 16:36:20,588 DEBUG [main][ConfigurationImpl.java:194] - Setting custom ParameterNameProvider of type org.springframework.validation.beanvalidation.LocalValidatorFactoryBean$1
2023-04-23 16:36:20,588 DEBUG [main][ConfigurationImpl.java:194] - Setting custom ParameterNameProvider of type org.springframework.validation.beanvalidation.LocalValidatorFactoryBean$1
2023-04-23 16:36:20,589 DEBUG [main][ValidationXmlParser.java:120] - Trying to load META-INF/validation.xml for XML based Validator configuration.
2023-04-23 16:36:20,589 DEBUG [main][ValidationXmlParser.java:120] - Trying to load META-INF/validation.xml for XML based Validator configuration.
2023-04-23 16:36:20,589 DEBUG [main][ResourceLoaderHelper.java:53] - Trying to load META-INF/validation.xml via user class loader
2023-04-23 16:36:20,589 DEBUG [main][ResourceLoaderHelper.java:53] - Trying to load META-INF/validation.xml via user class loader
2023-04-23 16:36:20,589 DEBUG [main][ResourceLoaderHelper.java:60] - Trying to load META-INF/validation.xml via TCCL
2023-04-23 16:36:20,589 DEBUG [main][ResourceLoaderHelper.java:60] - Trying to load META-INF/validation.xml via TCCL
2023-04-23 16:36:20,590 DEBUG [main][ResourceLoaderHelper.java:66] - Trying to load META-INF/validation.xml via Hibernate Validator's class loader
2023-04-23 16:36:20,590 DEBUG [main][ResourceLoaderHelper.java:66] - Trying to load META-INF/validation.xml via Hibernate Validator's class loader
2023-04-23 16:36:20,590 DEBUG [main][ValidationXmlParser.java:127] - No META-INF/validation.xml found. Using annotation based configuration only.
2023-04-23 16:36:20,590 DEBUG [main][ValidationXmlParser.java:127] - No META-INF/validation.xml found. Using annotation based configuration only.
2023-04-23 16:36:20,593 DEBUG [main][ValidatorFactoryImpl.java:578] - HV000234: Using org.springframework.validation.beanvalidation.LocaleContextMessageInterpolator as ValidatorFactory-scoped message interpolator.
2023-04-23 16:36:20,593 DEBUG [main][ValidatorFactoryImpl.java:578] - HV000234: Using org.springframework.validation.beanvalidation.LocaleContextMessageInterpolator as ValidatorFactory-scoped message interpolator.
2023-04-23 16:36:20,594 DEBUG [main][ValidatorFactoryImpl.java:579] - HV000234: Using org.hibernate.validator.internal.engine.resolver.TraverseAllTraversableResolver as ValidatorFactory-scoped traversable resolver.
2023-04-23 16:36:20,594 DEBUG [main][ValidatorFactoryImpl.java:579] - HV000234: Using org.hibernate.validator.internal.engine.resolver.TraverseAllTraversableResolver as ValidatorFactory-scoped traversable resolver.
2023-04-23 16:36:20,594 DEBUG [main][ValidatorFactoryImpl.java:580] - HV000234: Using org.hibernate.validator.internal.util.ExecutableParameterNameProvider as ValidatorFactory-scoped parameter name provider.
2023-04-23 16:36:20,594 DEBUG [main][ValidatorFactoryImpl.java:580] - HV000234: Using org.hibernate.validator.internal.util.ExecutableParameterNameProvider as ValidatorFactory-scoped parameter name provider.
2023-04-23 16:36:20,594 DEBUG [main][ValidatorFactoryImpl.java:581] - HV000234: Using org.hibernate.validator.internal.engine.DefaultClockProvider as ValidatorFactory-scoped clock provider.
2023-04-23 16:36:20,594 DEBUG [main][ValidatorFactoryImpl.java:581] - HV000234: Using org.hibernate.validator.internal.engine.DefaultClockProvider as ValidatorFactory-scoped clock provider.
2023-04-23 16:36:20,594 DEBUG [main][ValidatorFactoryImpl.java:582] - HV000234: Using org.hibernate.validator.internal.engine.scripting.DefaultScriptEvaluatorFactory as ValidatorFactory-scoped script evaluator factory.
2023-04-23 16:36:20,594 DEBUG [main][ValidatorFactoryImpl.java:582] - HV000234: Using org.hibernate.validator.internal.engine.scripting.DefaultScriptEvaluatorFactory as ValidatorFactory-scoped script evaluator factory.
2023-04-23 16:36:20,690 INFO [main][ExecutorConfigurationSupport.java:171] - Initializing ExecutorService 'applicationTaskExecutor'
2023-04-23 16:36:20,690 INFO [main][ExecutorConfigurationSupport.java:171] - Initializing ExecutorService 'applicationTaskExecutor'
2023-04-23 16:36:21,139 INFO [main][InitUtils.java:56] - initializer namespace from System Property :null
2023-04-23 16:36:21,139 INFO [main][InitUtils.java:56] - initializer namespace from System Property :null
2023-04-23 16:36:21,140 INFO [main][InitUtils.java:65] - initializer namespace from System Environment :null
2023-04-23 16:36:21,140 INFO [main][InitUtils.java:65] - initializer namespace from System Environment :null
2023-04-23 16:36:21,140 INFO [main][InitUtils.java:75] - initializer namespace from System Property :null
2023-04-23 16:36:21,140 INFO [main][InitUtils.java:75] - initializer namespace from System Property :null
2023-04-23 16:36:21,152 DEBUG [com.alibaba.nacos.naming.failover][FailoverReactor.java:110] - failover switch is not found, failover00-00---000-VIPSRV_FAILOVER_SWITCH-000---00-00
2023-04-23 16:36:21,152 DEBUG [com.alibaba.nacos.naming.failover][FailoverReactor.java:110] - failover switch is not found, failover00-00---000-VIPSRV_FAILOVER_SWITCH-000---00-00
2023-04-23 16:36:21,169 INFO [main][ExecutorConfigurationSupport.java:171] - Initializing ExecutorService
2023-04-23 16:36:21,169 INFO [main][ExecutorConfigurationSupport.java:171] - Initializing ExecutorService
2023-04-23 16:36:21,627 DEBUG [main][MybatisConfiguration.java:128] - addMappedStatement: com.x.content.mapper.CourseTeacherMapper.insert
2023-04-23 16:36:21,627 DEBUG [main][MybatisConfiguration.java:128] - addMappedStatement: com.x.content.mapper.CourseTeacherMapper.insert
2023-04-23 16:36:21,628 DEBUG [main][MybatisConfiguration.java:128] - addMappedStatement: com.x.content.mapper.CourseTeacherMapper.delete
2023-04-23 16:36:21,628 DEBUG [main][MybatisConfiguration.java:128] - addMappedStatement: com.x.content.mapper.CourseTeacherMapper.delete
2023-04-23 16:36:21,629 DEBUG [main][MybatisConfiguration.java:128] - addMappedStatement: com.x.content.mapper.CourseTeacherMapper.deleteByMap
2023-04-23 16:36:21,629 DEBUG [main][MybatisConfiguration.java:128] - addMappedStatement: com.x.content.mapper.CourseTeacherMapper.deleteByMap
2023-04-23 16:36:21,630 DEBUG [main][MybatisConfiguration.java:128] - addMappedStatement: com.x.content.mapper.CourseTeacherMapper.deleteById
2023-04-23 16:36:21,630 DEBUG [main][MybatisConfiguration.java:128] - addMappedStatement: com.x.content.mapper.CourseTeacherMapper.deleteById
2023-04-23 16:36:21,631 DEBUG [main][MybatisConfiguration.java:128] - addMappedStatement: com.x.content.mapper.CourseTeacherMapper.deleteBatchIds
2023-04-23 16:36:21,631 DEBUG [main][MybatisConfiguration.java:128] - addMappedStatement: com.x.content.mapper.CourseTeacherMapper.deleteBatchIds
2023-04-23 16:36:21,632 DEBUG [main][MybatisConfiguration.java:128] - addMappedStatement: com.x.content.mapper.CourseTeacherMapper.update
2023-04-23 16:36:21,632 DEBUG [main][MybatisConfiguration.java:128] - addMappedStatement: com.x.content.mapper.CourseTeacherMapper.update
2023-04-23 16:36:21,634 DEBUG [main][MybatisConfiguration.java:128] - addMappedStatement: com.x.content.mapper.CourseTeacherMapper.updateById
2023-04-23 16:36:21,634 DEBUG [main][MybatisConfiguration.java:128] - addMappedStatement: com.x.content.mapper.CourseTeacherMapper.updateById
2023-04-23 16:36:21,635 DEBUG [main][MybatisConfiguration.java:128] - addMappedStatement: com.x.content.mapper.CourseTeacherMapper.selectById
2023-04-23 16:36:21,635 DEBUG [main][MybatisConfiguration.java:128] - addMappedStatement: com.x.content.mapper.CourseTeacherMapper.selectById
2023-04-23 16:36:21,636 DEBUG [main][MybatisConfiguration.java:128] - addMappedStatement: com.x.content.mapper.CourseTeacherMapper.selectBatchIds
2023-04-23 16:36:21,636 DEBUG [main][MybatisConfiguration.java:128] - addMappedStatement: com.x.content.mapper.CourseTeacherMapper.selectBatchIds
2023-04-23 16:36:21,636 DEBUG [main][MybatisConfiguration.java:128] - addMappedStatement: com.x.content.mapper.CourseTeacherMapper.selectByMap
2023-04-23 16:36:21,636 DEBUG [main][MybatisConfiguration.java:128] - addMappedStatement: com.x.content.mapper.CourseTeacherMapper.selectByMap
2023-04-23 16:36:21,637 DEBUG [main][MybatisConfiguration.java:128] - addMappedStatement: com.x.content.mapper.CourseTeacherMapper.selectOne
2023-04-23 16:36:21,637 DEBUG [main][MybatisConfiguration.java:128] - addMappedStatement: com.x.content.mapper.CourseTeacherMapper.selectOne
2023-04-23 16:36:21,638 DEBUG [main][MybatisConfiguration.java:128] - addMappedStatement: com.x.content.mapper.CourseTeacherMapper.selectCount
2023-04-23 16:36:21,638 DEBUG [main][MybatisConfiguration.java:128] - addMappedStatement: com.x.content.mapper.CourseTeacherMapper.selectCount
2023-04-23 16:36:21,639 DEBUG [main][MybatisConfiguration.java:128] - addMappedStatement: com.x.content.mapper.CourseTeacherMapper.selectMaps
2023-04-23 16:36:21,639 DEBUG [main][MybatisConfiguration.java:128] - addMappedStatement: com.x.content.mapper.CourseTeacherMapper.selectMaps
2023-04-23 16:36:21,640 DEBUG [main][MybatisConfiguration.java:128] - addMappedStatement: com.x.content.mapper.CourseTeacherMapper.selectMapsPage
2023-04-23 16:36:21,640 DEBUG [main][MybatisConfiguration.java:128] - addMappedStatement: com.x.content.mapper.CourseTeacherMapper.selectMapsPage
2023-04-23 16:36:21,641 DEBUG [main][MybatisConfiguration.java:128] - addMappedStatement: com.x.content.mapper.CourseTeacherMapper.selectObjs
2023-04-23 16:36:21,641 DEBUG [main][MybatisConfiguration.java:128] - addMappedStatement: com.x.content.mapper.CourseTeacherMapper.selectObjs
2023-04-23 16:36:21,642 DEBUG [main][MybatisConfiguration.java:128] - addMappedStatement: com.x.content.mapper.CourseTeacherMapper.selectList
2023-04-23 16:36:21,642 DEBUG [main][MybatisConfiguration.java:128] - addMappedStatement: com.x.content.mapper.CourseTeacherMapper.selectList
2023-04-23 16:36:21,643 DEBUG [main][MybatisConfiguration.java:128] - addMappedStatement: com.x.content.mapper.CourseTeacherMapper.selectPage
2023-04-23 16:36:21,643 DEBUG [main][MybatisConfiguration.java:128] - addMappedStatement: com.x.content.mapper.CourseTeacherMapper.selectPage
2023-04-23 16:36:21,695 INFO [main][DocumentationPluginsBootstrapper.java:160] - Context refreshed
2023-04-23 16:36:21,695 INFO [main][DocumentationPluginsBootstrapper.java:160] - Context refreshed
2023-04-23 16:36:21,708 INFO [main][DocumentationPluginsBootstrapper.java:163] - Found 1 custom documentation plugin(s)
2023-04-23 16:36:21,708 INFO [main][DocumentationPluginsBootstrapper.java:163] - Found 1 custom documentation plugin(s)
2023-04-23 16:36:21,737 INFO [main][ApiListingReferenceScanner.java:41] - Scanning for api listing references
2023-04-23 16:36:21,737 INFO [main][ApiListingReferenceScanner.java:41] - Scanning for api listing references
2023-04-23 16:36:21,907 INFO [main][DirectJDKLog.java:173] - Starting ProtocolHandler ["http-nio-63040"]
2023-04-23 16:36:21,907 INFO [main][DirectJDKLog.java:173] - Starting ProtocolHandler ["http-nio-63040"]
2023-04-23 16:36:21,917 INFO [main][DirectJDKLog.java:173] - Using a shared selector for servlet write/read
2023-04-23 16:36:21,917 INFO [main][DirectJDKLog.java:173] - Using a shared selector for servlet write/read
2023-04-23 16:36:21,931 INFO [main][TomcatWebServer.java:204] - Tomcat started on port(s): 63040 (http) with context path '/content'
2023-04-23 16:36:21,931 INFO [main][TomcatWebServer.java:204] - Tomcat started on port(s): 63040 (http) with context path '/content'
2023-04-23 16:36:21,937 INFO [main][BeatReactor.java:58] - [BEAT] adding beat: {"cluster":"DEFAULT","ip":"192.168.0.105","metadata":{"preserved.register.source":"SPRING_CLOUD"},"period":5000,"port":63040,"scheduled":false,"serviceName":"DEFAULT_GROUP@@content-api","stopped":false,"weight":1.0} to beat map.
2023-04-23 16:36:21,937 INFO [main][BeatReactor.java:58] - [BEAT] adding beat: {"cluster":"DEFAULT","ip":"192.168.0.105","metadata":{"preserved.register.source":"SPRING_CLOUD"},"period":5000,"port":63040,"scheduled":false,"serviceName":"DEFAULT_GROUP@@content-api","stopped":false,"weight":1.0} to beat map.
2023-04-23 16:36:21,993 DEBUG [com.alibaba.nacos.naming.beat.sender][NamingProxy.java:303] - [BEAT] dev sending beat to server: {"cluster":"DEFAULT","ip":"192.168.0.105","metadata":{"preserved.register.source":"SPRING_CLOUD"},"period":5000,"port":63040,"scheduled":false,"serviceName":"DEFAULT_GROUP@@content-api","stopped":false,"weight":1.0}
2023-04-23 16:36:21,993 DEBUG [com.alibaba.nacos.naming.beat.sender][NamingProxy.java:303] - [BEAT] dev sending beat to server: {"cluster":"DEFAULT","ip":"192.168.0.105","metadata":{"preserved.register.source":"SPRING_CLOUD"},"period":5000,"port":63040,"scheduled":false,"serviceName":"DEFAULT_GROUP@@content-api","stopped":false,"weight":1.0}
2023-04-23 16:36:21,997 DEBUG [com.alibaba.nacos.naming.beat.sender][HttpClient.java:90] - Request from server: http://127.0.0.1:8848/nacos/v1/ns/instance/beat?beat=%7B%22cluster%22%3A%22DEFAULT%22%2C%22ip%22%3A%22192.168.0.105%22%2C%22metadata%22%3A%7B%22preserved.register.source%22%3A%22SPRING_CLOUD%22%7D%2C%22period%22%3A5000%2C%22port%22%3A63040%2C%22scheduled%22%3Afalse%2C%22serviceName%22%3A%22DEFAULT_GROUP%40%40content-api%22%2C%22stopped%22%3Afalse%2C%22weight%22%3A1.0%7D&serviceName=DEFAULT_GROUP%40%40content-api&encoding=UTF-8&namespaceId=dev
2023-04-23 16:36:21,997 DEBUG [com.alibaba.nacos.naming.beat.sender][HttpClient.java:90] - Request from server: http://127.0.0.1:8848/nacos/v1/ns/instance/beat?beat=%7B%22cluster%22%3A%22DEFAULT%22%2C%22ip%22%3A%22192.168.0.105%22%2C%22metadata%22%3A%7B%22preserved.register.source%22%3A%22SPRING_CLOUD%22%7D%2C%22period%22%3A5000%2C%22port%22%3A63040%2C%22scheduled%22%3Afalse%2C%22serviceName%22%3A%22DEFAULT_GROUP%40%40content-api%22%2C%22stopped%22%3Afalse%2C%22weight%22%3A1.0%7D&serviceName=DEFAULT_GROUP%40%40content-api&encoding=UTF-8&namespaceId=dev
2023-04-23 16:36:21,994 INFO [main][NamingProxy.java:172] - [REGISTER-SERVICE] dev registering service DEFAULT_GROUP@@content-api with instance: {"clusterName":"DEFAULT","enabled":true,"ephemeral":true,"healthy":true,"instanceHeartBeatInterval":5000,"instanceHeartBeatTimeOut":15000,"ip":"192.168.0.105","ipDeleteTimeout":30000,"metadata":{"preserved.register.source":"SPRING_CLOUD"},"port":63040,"weight":1.0}
2023-04-23 16:36:21,994 INFO [main][NamingProxy.java:172] - [REGISTER-SERVICE] dev registering service DEFAULT_GROUP@@content-api with instance: {"clusterName":"DEFAULT","enabled":true,"ephemeral":true,"healthy":true,"instanceHeartBeatInterval":5000,"instanceHeartBeatTimeOut":15000,"ip":"192.168.0.105","ipDeleteTimeout":30000,"metadata":{"preserved.register.source":"SPRING_CLOUD"},"port":63040,"weight":1.0}
2023-04-23 16:36:21,998 DEBUG [main][HttpClient.java:90] - Request from server: http://127.0.0.1:8848/nacos/v1/ns/instance?groupName=DEFAULT_GROUP&metadata=%7B%22preserved.register.source%22%3A%22SPRING_CLOUD%22%7D&namespaceId=dev&port=63040&enable=true&healthy=true&clusterName=DEFAULT&ip=192.168.0.105&weight=1.0&ephemeral=true&serviceName=DEFAULT_GROUP%40%40content-api&encoding=UTF-8
2023-04-23 16:36:21,998 DEBUG [main][HttpClient.java:90] - Request from server: http://127.0.0.1:8848/nacos/v1/ns/instance?groupName=DEFAULT_GROUP&metadata=%7B%22preserved.register.source%22%3A%22SPRING_CLOUD%22%7D&namespaceId=dev&port=63040&enable=true&healthy=true&clusterName=DEFAULT&ip=192.168.0.105&weight=1.0&ephemeral=true&serviceName=DEFAULT_GROUP%40%40content-api&encoding=UTF-8
2023-04-23 16:36:22,235 INFO [main][NacosServiceRegistry.java:62] - nacos registry, content-api 192.168.0.105:63040 register finished
2023-04-23 16:36:22,235 INFO [main][NacosServiceRegistry.java:62] - nacos registry, content-api 192.168.0.105:63040 register finished
2023-04-23 16:36:22,236 INFO [main][StartupInfoLogger.java:59] - Started ContentApplication in 5.604 seconds (JVM running for 7.376)
2023-04-23 16:36:22,236 INFO [main][StartupInfoLogger.java:59] - Started ContentApplication in 5.604 seconds (JVM running for 7.376)
2023-04-23 16:36:22,241 INFO [main][ClientWorker.java:202] - [fixed-127.0.0.1_8848-dev] [subscribe] content-service-dev.yaml+DEV_GROUP+dev
2023-04-23 16:36:22,241 INFO [main][ClientWorker.java:202] - [fixed-127.0.0.1_8848-dev] [subscribe] content-service-dev.yaml+DEV_GROUP+dev
2023-04-23 16:36:22,242 INFO [main][CacheData.java:79] - [fixed-127.0.0.1_8848-dev] [add-listener] ok, tenant=dev, dataId=content-service-dev.yaml, group=DEV_GROUP, cnt=1
2023-04-23 16:36:22,242 INFO [main][CacheData.java:79] - [fixed-127.0.0.1_8848-dev] [add-listener] ok, tenant=dev, dataId=content-service-dev.yaml, group=DEV_GROUP, cnt=1
2023-04-23 16:36:22,243 INFO [main][ClientWorker.java:202] - [fixed-127.0.0.1_8848-dev] [subscribe] content-api-dev.yaml+DEV_GROUP+dev
2023-04-23 16:36:22,243 INFO [main][ClientWorker.java:202] - [fixed-127.0.0.1_8848-dev] [subscribe] content-api-dev.yaml+DEV_GROUP+dev
2023-04-23 16:36:22,243 INFO [main][CacheData.java:79] - [fixed-127.0.0.1_8848-dev] [add-listener] ok, tenant=dev, dataId=content-api-dev.yaml, group=DEV_GROUP, cnt=1
2023-04-23 16:36:22,243 INFO [main][CacheData.java:79] - [fixed-127.0.0.1_8848-dev] [add-listener] ok, tenant=dev, dataId=content-api-dev.yaml, group=DEV_GROUP, cnt=1
2023-04-23 16:36:26,167 DEBUG [com.alibaba.nacos.naming.failover][FailoverReactor.java:110] - failover switch is not found, failover00-00---000-VIPSRV_FAILOVER_SWITCH-000---00-00
2023-04-23 16:36:26,167 DEBUG [com.alibaba.nacos.naming.failover][FailoverReactor.java:110] - failover switch is not found, failover00-00---000-VIPSRV_FAILOVER_SWITCH-000---00-00
2023-04-23 16:36:26,326 INFO [Thread-21][NacosServiceRegistry.java:74] - De-registering from Nacos Server now...
2023-04-23 16:36:26,326 INFO [Thread-21][NacosServiceRegistry.java:74] - De-registering from Nacos Server now...
2023-04-23 16:36:26,326 INFO [Thread-21][BeatReactor.java:65] - [BEAT] removing beat: DEFAULT_GROUP@@content-api:192.168.0.105:63040 from beat map.
2023-04-23 16:36:26,326 INFO [Thread-21][BeatReactor.java:65] - [BEAT] removing beat: DEFAULT_GROUP@@content-api:192.168.0.105:63040 from beat map.
2023-04-23 16:36:26,326 INFO [Thread-21][NamingProxy.java:194] - [DEREGISTER-SERVICE] dev deregistering service DEFAULT_GROUP@@content-api with instance: {"clusterName":"DEFAULT","enabled":true,"ephemeral":true,"healthy":true,"instanceHeartBeatInterval":5000,"instanceHeartBeatTimeOut":15000,"ip":"192.168.0.105","ipDeleteTimeout":30000,"metadata":{},"port":63040,"weight":1.0}
2023-04-23 16:36:26,326 INFO [Thread-21][NamingProxy.java:194] - [DEREGISTER-SERVICE] dev deregistering service DEFAULT_GROUP@@content-api with instance: {"clusterName":"DEFAULT","enabled":true,"ephemeral":true,"healthy":true,"instanceHeartBeatInterval":5000,"instanceHeartBeatTimeOut":15000,"ip":"192.168.0.105","ipDeleteTimeout":30000,"metadata":{},"port":63040,"weight":1.0}
2023-04-23 16:36:26,327 DEBUG [Thread-21][HttpClient.java:90] - Request from server: http://127.0.0.1:8848/nacos/v1/ns/instance?namespaceId=dev&port=63040&clusterName=DEFAULT&ip=192.168.0.105&ephemeral=true&serviceName=DEFAULT_GROUP%40%40content-api&encoding=UTF-8
2023-04-23 16:36:26,327 DEBUG [Thread-21][HttpClient.java:90] - Request from server: http://127.0.0.1:8848/nacos/v1/ns/instance?namespaceId=dev&port=63040&clusterName=DEFAULT&ip=192.168.0.105&ephemeral=true&serviceName=DEFAULT_GROUP%40%40content-api&encoding=UTF-8
2023-04-23 16:36:26,331 INFO [Thread-21][NacosServiceRegistry.java:93] - De-registration finished.
2023-04-23 16:36:26,331 INFO [Thread-21][NacosServiceRegistry.java:93] - De-registration finished.
2023-04-23 16:36:26,332 INFO [Thread-21][ExecutorConfigurationSupport.java:208] - Shutting down ExecutorService 'applicationTaskExecutor'
2023-04-23 16:36:26,332 INFO [Thread-21][ExecutorConfigurationSupport.java:208] - Shutting down ExecutorService 'applicationTaskExecutor'
2023-04-23 16:36:26,336 INFO [Thread-21][DruidDataSource.java:2071] - {dataSource-1} closing ...
2023-04-23 16:36:26,336 INFO [Thread-21][DruidDataSource.java:2071] - {dataSource-1} closing ...
2023-04-23 16:36:26,337 INFO [Thread-21][DruidDataSource.java:2144] - {dataSource-1} closed
2023-04-23 16:36:26,337 INFO [Thread-21][DruidDataSource.java:2144] - {dataSource-1} closed
