2023-04-21 17:55:06,443 INFO [main][StartupInfoLogger.java:50] - Starting ContentServiceApplicationTests on DESKTOP-OOMO29J with PID 16508 (started by hp in E:\z-model\spring-cloud\spring-cloud\spring-cloud-content\spring-cloud-content-service)
2023-04-21 17:55:06,443 INFO [main][StartupInfoLogger.java:50] - Starting ContentServiceApplicationTests on DESKTOP-OOMO29J with PID 16508 (started by hp in E:\z-model\spring-cloud\spring-cloud\spring-cloud-content\spring-cloud-content-service)
2023-04-21 17:55:06,451 DEBUG [main][StartupInfoLogger.java:53] - Running with Spring Boot v2.1.0.RELEASE, Spring v5.1.2.RELEASE
2023-04-21 17:55:06,451 DEBUG [main][StartupInfoLogger.java:53] - Running with Spring Boot v2.1.0.RELEASE, Spring v5.1.2.RELEASE
2023-04-21 17:55:06,451 INFO [main][SpringApplication.java:675] - No active profile set, falling back to default profiles: default
2023-04-21 17:55:06,451 INFO [main][SpringApplication.java:675] - No active profile set, falling back to default profiles: default
2023-04-21 17:55:06,815 DEBUG [main][LogFactory.java:105] - Logging initialized using 'class org.apache.ibatis.logging.slf4j.Slf4jImpl' adapter.
2023-04-21 17:55:06,815 DEBUG [main][LogFactory.java:105] - Logging initialized using 'class org.apache.ibatis.logging.slf4j.Slf4jImpl' adapter.
2023-04-21 17:55:07,076 INFO [main][DruidDataSourceAutoConfigure.java:56] - Init DruidDataSource
2023-04-21 17:55:07,076 INFO [main][DruidDataSourceAutoConfigure.java:56] - Init DruidDataSource
2023-04-21 17:55:07,182 INFO [main][DruidDataSource.java:998] - {dataSource-1} inited
2023-04-21 17:55:07,182 INFO [main][DruidDataSource.java:998] - {dataSource-1} inited
2023-04-21 17:55:07,272 DEBUG [main][Logger.java:49] - Registered plugin: 'com.baomidou.mybatisplus.extension.plugins.MybatisPlusInterceptor@42c2f48c'
2023-04-21 17:55:07,272 DEBUG [main][Logger.java:49] - Registered plugin: 'com.baomidou.mybatisplus.extension.plugins.MybatisPlusInterceptor@42c2f48c'
2023-04-21 17:55:07,274 DEBUG [main][Logger.java:49] - Property 'mapperLocations' was not specified.
2023-04-21 17:55:07,274 DEBUG [main][Logger.java:49] - Property 'mapperLocations' was not specified.
2023-04-21 17:55:07,714 DEBUG [main][MybatisConfiguration.java:128] - addMappedStatement: com.x.content.mapper.CourseBaseMapper.insert
2023-04-21 17:55:07,714 DEBUG [main][MybatisConfiguration.java:128] - addMappedStatement: com.x.content.mapper.CourseBaseMapper.insert
2023-04-21 17:55:07,719 DEBUG [main][MybatisConfiguration.java:128] - addMappedStatement: com.x.content.mapper.CourseBaseMapper.delete
2023-04-21 17:55:07,719 DEBUG [main][MybatisConfiguration.java:128] - addMappedStatement: com.x.content.mapper.CourseBaseMapper.delete
2023-04-21 17:55:07,722 DEBUG [main][MybatisConfiguration.java:128] - addMappedStatement: com.x.content.mapper.CourseBaseMapper.deleteByMap
2023-04-21 17:55:07,722 DEBUG [main][MybatisConfiguration.java:128] - addMappedStatement: com.x.content.mapper.CourseBaseMapper.deleteByMap
2023-04-21 17:55:07,748 DEBUG [main][MybatisConfiguration.java:128] - addMappedStatement: com.x.content.mapper.CourseBaseMapper.deleteById
2023-04-21 17:55:07,748 DEBUG [main][MybatisConfiguration.java:128] - addMappedStatement: com.x.content.mapper.CourseBaseMapper.deleteById
2023-04-21 17:55:07,750 DEBUG [main][MybatisConfiguration.java:128] - addMappedStatement: com.x.content.mapper.CourseBaseMapper.deleteBatchIds
2023-04-21 17:55:07,750 DEBUG [main][MybatisConfiguration.java:128] - addMappedStatement: com.x.content.mapper.CourseBaseMapper.deleteBatchIds
2023-04-21 17:55:07,755 DEBUG [main][MybatisConfiguration.java:128] - addMappedStatement: com.x.content.mapper.CourseBaseMapper.update
2023-04-21 17:55:07,755 DEBUG [main][MybatisConfiguration.java:128] - addMappedStatement: com.x.content.mapper.CourseBaseMapper.update
2023-04-21 17:55:07,758 DEBUG [main][MybatisConfiguration.java:128] - addMappedStatement: com.x.content.mapper.CourseBaseMapper.updateById
2023-04-21 17:55:07,758 DEBUG [main][MybatisConfiguration.java:128] - addMappedStatement: com.x.content.mapper.CourseBaseMapper.updateById
2023-04-21 17:55:07,759 DEBUG [main][MybatisConfiguration.java:128] - addMappedStatement: com.x.content.mapper.CourseBaseMapper.selectById
2023-04-21 17:55:07,759 DEBUG [main][MybatisConfiguration.java:128] - addMappedStatement: com.x.content.mapper.CourseBaseMapper.selectById
2023-04-21 17:55:07,761 DEBUG [main][MybatisConfiguration.java:128] - addMappedStatement: com.x.content.mapper.CourseBaseMapper.selectBatchIds
2023-04-21 17:55:07,761 DEBUG [main][MybatisConfiguration.java:128] - addMappedStatement: com.x.content.mapper.CourseBaseMapper.selectBatchIds
2023-04-21 17:55:07,763 DEBUG [main][MybatisConfiguration.java:128] - addMappedStatement: com.x.content.mapper.CourseBaseMapper.selectByMap
2023-04-21 17:55:07,763 DEBUG [main][MybatisConfiguration.java:128] - addMappedStatement: com.x.content.mapper.CourseBaseMapper.selectByMap
2023-04-21 17:55:07,766 DEBUG [main][MybatisConfiguration.java:128] - addMappedStatement: com.x.content.mapper.CourseBaseMapper.selectOne
2023-04-21 17:55:07,766 DEBUG [main][MybatisConfiguration.java:128] - addMappedStatement: com.x.content.mapper.CourseBaseMapper.selectOne
2023-04-21 17:55:07,768 DEBUG [main][MybatisConfiguration.java:128] - addMappedStatement: com.x.content.mapper.CourseBaseMapper.selectCount
2023-04-21 17:55:07,768 DEBUG [main][MybatisConfiguration.java:128] - addMappedStatement: com.x.content.mapper.CourseBaseMapper.selectCount
2023-04-21 17:55:07,770 DEBUG [main][MybatisConfiguration.java:128] - addMappedStatement: com.x.content.mapper.CourseBaseMapper.selectMaps
2023-04-21 17:55:07,770 DEBUG [main][MybatisConfiguration.java:128] - addMappedStatement: com.x.content.mapper.CourseBaseMapper.selectMaps
2023-04-21 17:55:07,774 DEBUG [main][MybatisConfiguration.java:128] - addMappedStatement: com.x.content.mapper.CourseBaseMapper.selectMapsPage
2023-04-21 17:55:07,774 DEBUG [main][MybatisConfiguration.java:128] - addMappedStatement: com.x.content.mapper.CourseBaseMapper.selectMapsPage
2023-04-21 17:55:07,776 DEBUG [main][MybatisConfiguration.java:128] - addMappedStatement: com.x.content.mapper.CourseBaseMapper.selectObjs
2023-04-21 17:55:07,776 DEBUG [main][MybatisConfiguration.java:128] - addMappedStatement: com.x.content.mapper.CourseBaseMapper.selectObjs
2023-04-21 17:55:07,778 DEBUG [main][MybatisConfiguration.java:128] - addMappedStatement: com.x.content.mapper.CourseBaseMapper.selectList
2023-04-21 17:55:07,778 DEBUG [main][MybatisConfiguration.java:128] - addMappedStatement: com.x.content.mapper.CourseBaseMapper.selectList
2023-04-21 17:55:07,781 DEBUG [main][MybatisConfiguration.java:128] - addMappedStatement: com.x.content.mapper.CourseBaseMapper.selectPage
2023-04-21 17:55:07,781 DEBUG [main][MybatisConfiguration.java:128] - addMappedStatement: com.x.content.mapper.CourseBaseMapper.selectPage
2023-04-21 17:55:07,794 DEBUG [main][MybatisConfiguration.java:128] - addMappedStatement: com.x.content.mapper.CourseMarketMapper.insert
2023-04-21 17:55:07,794 DEBUG [main][MybatisConfiguration.java:128] - addMappedStatement: com.x.content.mapper.CourseMarketMapper.insert
2023-04-21 17:55:07,795 DEBUG [main][MybatisConfiguration.java:128] - addMappedStatement: com.x.content.mapper.CourseMarketMapper.delete
2023-04-21 17:55:07,795 DEBUG [main][MybatisConfiguration.java:128] - addMappedStatement: com.x.content.mapper.CourseMarketMapper.delete
2023-04-21 17:55:07,796 DEBUG [main][MybatisConfiguration.java:128] - addMappedStatement: com.x.content.mapper.CourseMarketMapper.deleteByMap
2023-04-21 17:55:07,796 DEBUG [main][MybatisConfiguration.java:128] - addMappedStatement: com.x.content.mapper.CourseMarketMapper.deleteByMap
2023-04-21 17:55:07,798 DEBUG [main][MybatisConfiguration.java:128] - addMappedStatement: com.x.content.mapper.CourseMarketMapper.deleteById
2023-04-21 17:55:07,798 DEBUG [main][MybatisConfiguration.java:128] - addMappedStatement: com.x.content.mapper.CourseMarketMapper.deleteById
2023-04-21 17:55:07,799 DEBUG [main][MybatisConfiguration.java:128] - addMappedStatement: com.x.content.mapper.CourseMarketMapper.deleteBatchIds
2023-04-21 17:55:07,799 DEBUG [main][MybatisConfiguration.java:128] - addMappedStatement: com.x.content.mapper.CourseMarketMapper.deleteBatchIds
2023-04-21 17:55:07,801 DEBUG [main][MybatisConfiguration.java:128] - addMappedStatement: com.x.content.mapper.CourseMarketMapper.update
2023-04-21 17:55:07,801 DEBUG [main][MybatisConfiguration.java:128] - addMappedStatement: com.x.content.mapper.CourseMarketMapper.update
2023-04-21 17:55:07,802 DEBUG [main][MybatisConfiguration.java:128] - addMappedStatement: com.x.content.mapper.CourseMarketMapper.updateById
2023-04-21 17:55:07,802 DEBUG [main][MybatisConfiguration.java:128] - addMappedStatement: com.x.content.mapper.CourseMarketMapper.updateById
2023-04-21 17:55:07,804 DEBUG [main][MybatisConfiguration.java:128] - addMappedStatement: com.x.content.mapper.CourseMarketMapper.selectById
2023-04-21 17:55:07,804 DEBUG [main][MybatisConfiguration.java:128] - addMappedStatement: com.x.content.mapper.CourseMarketMapper.selectById
2023-04-21 17:55:07,805 DEBUG [main][MybatisConfiguration.java:128] - addMappedStatement: com.x.content.mapper.CourseMarketMapper.selectBatchIds
2023-04-21 17:55:07,805 DEBUG [main][MybatisConfiguration.java:128] - addMappedStatement: com.x.content.mapper.CourseMarketMapper.selectBatchIds
2023-04-21 17:55:07,807 DEBUG [main][MybatisConfiguration.java:128] - addMappedStatement: com.x.content.mapper.CourseMarketMapper.selectByMap
2023-04-21 17:55:07,807 DEBUG [main][MybatisConfiguration.java:128] - addMappedStatement: com.x.content.mapper.CourseMarketMapper.selectByMap
2023-04-21 17:55:07,808 DEBUG [main][MybatisConfiguration.java:128] - addMappedStatement: com.x.content.mapper.CourseMarketMapper.selectOne
2023-04-21 17:55:07,808 DEBUG [main][MybatisConfiguration.java:128] - addMappedStatement: com.x.content.mapper.CourseMarketMapper.selectOne
2023-04-21 17:55:07,810 DEBUG [main][MybatisConfiguration.java:128] - addMappedStatement: com.x.content.mapper.CourseMarketMapper.selectCount
2023-04-21 17:55:07,810 DEBUG [main][MybatisConfiguration.java:128] - addMappedStatement: com.x.content.mapper.CourseMarketMapper.selectCount
2023-04-21 17:55:07,812 DEBUG [main][MybatisConfiguration.java:128] - addMappedStatement: com.x.content.mapper.CourseMarketMapper.selectMaps
2023-04-21 17:55:07,812 DEBUG [main][MybatisConfiguration.java:128] - addMappedStatement: com.x.content.mapper.CourseMarketMapper.selectMaps
2023-04-21 17:55:07,814 DEBUG [main][MybatisConfiguration.java:128] - addMappedStatement: com.x.content.mapper.CourseMarketMapper.selectMapsPage
2023-04-21 17:55:07,814 DEBUG [main][MybatisConfiguration.java:128] - addMappedStatement: com.x.content.mapper.CourseMarketMapper.selectMapsPage
2023-04-21 17:55:07,816 DEBUG [main][MybatisConfiguration.java:128] - addMappedStatement: com.x.content.mapper.CourseMarketMapper.selectObjs
2023-04-21 17:55:07,816 DEBUG [main][MybatisConfiguration.java:128] - addMappedStatement: com.x.content.mapper.CourseMarketMapper.selectObjs
2023-04-21 17:55:07,818 DEBUG [main][MybatisConfiguration.java:128] - addMappedStatement: com.x.content.mapper.CourseMarketMapper.selectList
2023-04-21 17:55:07,818 DEBUG [main][MybatisConfiguration.java:128] - addMappedStatement: com.x.content.mapper.CourseMarketMapper.selectList
2023-04-21 17:55:07,819 DEBUG [main][MybatisConfiguration.java:128] - addMappedStatement: com.x.content.mapper.CourseMarketMapper.selectPage
2023-04-21 17:55:07,819 DEBUG [main][MybatisConfiguration.java:128] - addMappedStatement: com.x.content.mapper.CourseMarketMapper.selectPage
2023-04-21 17:55:07,830 DEBUG [main][MybatisConfiguration.java:128] - addMappedStatement: com.x.content.mapper.CourseCategoryMapper.selectTreeNodes
2023-04-21 17:55:07,830 DEBUG [main][MybatisConfiguration.java:128] - addMappedStatement: com.x.content.mapper.CourseCategoryMapper.selectTreeNodes
2023-04-21 17:55:07,833 DEBUG [main][MybatisConfiguration.java:128] - addMappedStatement: com.x.content.mapper.CourseCategoryMapper.insert
2023-04-21 17:55:07,833 DEBUG [main][MybatisConfiguration.java:128] - addMappedStatement: com.x.content.mapper.CourseCategoryMapper.insert
2023-04-21 17:55:07,835 DEBUG [main][MybatisConfiguration.java:128] - addMappedStatement: com.x.content.mapper.CourseCategoryMapper.delete
2023-04-21 17:55:07,835 DEBUG [main][MybatisConfiguration.java:128] - addMappedStatement: com.x.content.mapper.CourseCategoryMapper.delete
2023-04-21 17:55:07,836 DEBUG [main][MybatisConfiguration.java:128] - addMappedStatement: com.x.content.mapper.CourseCategoryMapper.deleteByMap
2023-04-21 17:55:07,836 DEBUG [main][MybatisConfiguration.java:128] - addMappedStatement: com.x.content.mapper.CourseCategoryMapper.deleteByMap
2023-04-21 17:55:07,839 DEBUG [main][MybatisConfiguration.java:128] - addMappedStatement: com.x.content.mapper.CourseCategoryMapper.deleteById
2023-04-21 17:55:07,839 DEBUG [main][MybatisConfiguration.java:128] - addMappedStatement: com.x.content.mapper.CourseCategoryMapper.deleteById
2023-04-21 17:55:07,840 DEBUG [main][MybatisConfiguration.java:128] - addMappedStatement: com.x.content.mapper.CourseCategoryMapper.deleteBatchIds
2023-04-21 17:55:07,840 DEBUG [main][MybatisConfiguration.java:128] - addMappedStatement: com.x.content.mapper.CourseCategoryMapper.deleteBatchIds
2023-04-21 17:55:07,843 DEBUG [main][MybatisConfiguration.java:128] - addMappedStatement: com.x.content.mapper.CourseCategoryMapper.update
2023-04-21 17:55:07,843 DEBUG [main][MybatisConfiguration.java:128] - addMappedStatement: com.x.content.mapper.CourseCategoryMapper.update
2023-04-21 17:55:07,846 DEBUG [main][MybatisConfiguration.java:128] - addMappedStatement: com.x.content.mapper.CourseCategoryMapper.updateById
2023-04-21 17:55:07,846 DEBUG [main][MybatisConfiguration.java:128] - addMappedStatement: com.x.content.mapper.CourseCategoryMapper.updateById
2023-04-21 17:55:07,846 DEBUG [main][MybatisConfiguration.java:128] - addMappedStatement: com.x.content.mapper.CourseCategoryMapper.selectById
2023-04-21 17:55:07,846 DEBUG [main][MybatisConfiguration.java:128] - addMappedStatement: com.x.content.mapper.CourseCategoryMapper.selectById
2023-04-21 17:55:07,848 DEBUG [main][MybatisConfiguration.java:128] - addMappedStatement: com.x.content.mapper.CourseCategoryMapper.selectBatchIds
2023-04-21 17:55:07,848 DEBUG [main][MybatisConfiguration.java:128] - addMappedStatement: com.x.content.mapper.CourseCategoryMapper.selectBatchIds
2023-04-21 17:55:07,850 DEBUG [main][MybatisConfiguration.java:128] - addMappedStatement: com.x.content.mapper.CourseCategoryMapper.selectByMap
2023-04-21 17:55:07,850 DEBUG [main][MybatisConfiguration.java:128] - addMappedStatement: com.x.content.mapper.CourseCategoryMapper.selectByMap
2023-04-21 17:55:07,854 DEBUG [main][MybatisConfiguration.java:128] - addMappedStatement: com.x.content.mapper.CourseCategoryMapper.selectOne
2023-04-21 17:55:07,854 DEBUG [main][MybatisConfiguration.java:128] - addMappedStatement: com.x.content.mapper.CourseCategoryMapper.selectOne
2023-04-21 17:55:07,857 DEBUG [main][MybatisConfiguration.java:128] - addMappedStatement: com.x.content.mapper.CourseCategoryMapper.selectCount
2023-04-21 17:55:07,857 DEBUG [main][MybatisConfiguration.java:128] - addMappedStatement: com.x.content.mapper.CourseCategoryMapper.selectCount
2023-04-21 17:55:07,860 DEBUG [main][MybatisConfiguration.java:128] - addMappedStatement: com.x.content.mapper.CourseCategoryMapper.selectMaps
2023-04-21 17:55:07,860 DEBUG [main][MybatisConfiguration.java:128] - addMappedStatement: com.x.content.mapper.CourseCategoryMapper.selectMaps
2023-04-21 17:55:07,863 DEBUG [main][MybatisConfiguration.java:128] - addMappedStatement: com.x.content.mapper.CourseCategoryMapper.selectMapsPage
2023-04-21 17:55:07,863 DEBUG [main][MybatisConfiguration.java:128] - addMappedStatement: com.x.content.mapper.CourseCategoryMapper.selectMapsPage
2023-04-21 17:55:07,866 DEBUG [main][MybatisConfiguration.java:128] - addMappedStatement: com.x.content.mapper.CourseCategoryMapper.selectObjs
2023-04-21 17:55:07,866 DEBUG [main][MybatisConfiguration.java:128] - addMappedStatement: com.x.content.mapper.CourseCategoryMapper.selectObjs
2023-04-21 17:55:07,870 DEBUG [main][MybatisConfiguration.java:128] - addMappedStatement: com.x.content.mapper.CourseCategoryMapper.selectList
2023-04-21 17:55:07,870 DEBUG [main][MybatisConfiguration.java:128] - addMappedStatement: com.x.content.mapper.CourseCategoryMapper.selectList
2023-04-21 17:55:07,872 DEBUG [main][MybatisConfiguration.java:128] - addMappedStatement: com.x.content.mapper.CourseCategoryMapper.selectPage
2023-04-21 17:55:07,872 DEBUG [main][MybatisConfiguration.java:128] - addMappedStatement: com.x.content.mapper.CourseCategoryMapper.selectPage
2023-04-21 17:55:07,962 DEBUG [main][MybatisConfiguration.java:128] - addMappedStatement: com.x.content.mapper.TeachplanMapper.selectTreeNodes
2023-04-21 17:55:07,962 DEBUG [main][MybatisConfiguration.java:128] - addMappedStatement: com.x.content.mapper.TeachplanMapper.selectTreeNodes
2023-04-21 17:55:07,966 DEBUG [main][MybatisConfiguration.java:128] - addMappedStatement: com.x.content.mapper.TeachplanMapper.insert
2023-04-21 17:55:07,966 DEBUG [main][MybatisConfiguration.java:128] - addMappedStatement: com.x.content.mapper.TeachplanMapper.insert
2023-04-21 17:55:07,969 DEBUG [main][MybatisConfiguration.java:128] - addMappedStatement: com.x.content.mapper.TeachplanMapper.delete
2023-04-21 17:55:07,969 DEBUG [main][MybatisConfiguration.java:128] - addMappedStatement: com.x.content.mapper.TeachplanMapper.delete
2023-04-21 17:55:07,971 DEBUG [main][MybatisConfiguration.java:128] - addMappedStatement: com.x.content.mapper.TeachplanMapper.deleteByMap
2023-04-21 17:55:07,971 DEBUG [main][MybatisConfiguration.java:128] - addMappedStatement: com.x.content.mapper.TeachplanMapper.deleteByMap
2023-04-21 17:55:07,973 DEBUG [main][MybatisConfiguration.java:128] - addMappedStatement: com.x.content.mapper.TeachplanMapper.deleteById
2023-04-21 17:55:07,973 DEBUG [main][MybatisConfiguration.java:128] - addMappedStatement: com.x.content.mapper.TeachplanMapper.deleteById
2023-04-21 17:55:07,975 DEBUG [main][MybatisConfiguration.java:128] - addMappedStatement: com.x.content.mapper.TeachplanMapper.deleteBatchIds
2023-04-21 17:55:07,975 DEBUG [main][MybatisConfiguration.java:128] - addMappedStatement: com.x.content.mapper.TeachplanMapper.deleteBatchIds
2023-04-21 17:55:07,977 DEBUG [main][MybatisConfiguration.java:128] - addMappedStatement: com.x.content.mapper.TeachplanMapper.update
2023-04-21 17:55:07,977 DEBUG [main][MybatisConfiguration.java:128] - addMappedStatement: com.x.content.mapper.TeachplanMapper.update
2023-04-21 17:55:07,980 DEBUG [main][MybatisConfiguration.java:128] - addMappedStatement: com.x.content.mapper.TeachplanMapper.updateById
2023-04-21 17:55:07,980 DEBUG [main][MybatisConfiguration.java:128] - addMappedStatement: com.x.content.mapper.TeachplanMapper.updateById
2023-04-21 17:55:07,981 DEBUG [main][MybatisConfiguration.java:128] - addMappedStatement: com.x.content.mapper.TeachplanMapper.selectById
2023-04-21 17:55:07,981 DEBUG [main][MybatisConfiguration.java:128] - addMappedStatement: com.x.content.mapper.TeachplanMapper.selectById
2023-04-21 17:55:07,984 DEBUG [main][MybatisConfiguration.java:128] - addMappedStatement: com.x.content.mapper.TeachplanMapper.selectBatchIds
2023-04-21 17:55:07,984 DEBUG [main][MybatisConfiguration.java:128] - addMappedStatement: com.x.content.mapper.TeachplanMapper.selectBatchIds
2023-04-21 17:55:07,986 DEBUG [main][MybatisConfiguration.java:128] - addMappedStatement: com.x.content.mapper.TeachplanMapper.selectByMap
2023-04-21 17:55:07,986 DEBUG [main][MybatisConfiguration.java:128] - addMappedStatement: com.x.content.mapper.TeachplanMapper.selectByMap
2023-04-21 17:55:07,989 DEBUG [main][MybatisConfiguration.java:128] - addMappedStatement: com.x.content.mapper.TeachplanMapper.selectOne
2023-04-21 17:55:07,989 DEBUG [main][MybatisConfiguration.java:128] - addMappedStatement: com.x.content.mapper.TeachplanMapper.selectOne
2023-04-21 17:55:07,992 DEBUG [main][MybatisConfiguration.java:128] - addMappedStatement: com.x.content.mapper.TeachplanMapper.selectCount
2023-04-21 17:55:07,992 DEBUG [main][MybatisConfiguration.java:128] - addMappedStatement: com.x.content.mapper.TeachplanMapper.selectCount
2023-04-21 17:55:07,995 DEBUG [main][MybatisConfiguration.java:128] - addMappedStatement: com.x.content.mapper.TeachplanMapper.selectMaps
2023-04-21 17:55:07,995 DEBUG [main][MybatisConfiguration.java:128] - addMappedStatement: com.x.content.mapper.TeachplanMapper.selectMaps
2023-04-21 17:55:07,999 DEBUG [main][MybatisConfiguration.java:128] - addMappedStatement: com.x.content.mapper.TeachplanMapper.selectMapsPage
2023-04-21 17:55:07,999 DEBUG [main][MybatisConfiguration.java:128] - addMappedStatement: com.x.content.mapper.TeachplanMapper.selectMapsPage
2023-04-21 17:55:08,000 DEBUG [main][MybatisConfiguration.java:128] - addMappedStatement: com.x.content.mapper.TeachplanMapper.selectObjs
2023-04-21 17:55:08,000 DEBUG [main][MybatisConfiguration.java:128] - addMappedStatement: com.x.content.mapper.TeachplanMapper.selectObjs
2023-04-21 17:55:08,004 DEBUG [main][MybatisConfiguration.java:128] - addMappedStatement: com.x.content.mapper.TeachplanMapper.selectList
2023-04-21 17:55:08,004 DEBUG [main][MybatisConfiguration.java:128] - addMappedStatement: com.x.content.mapper.TeachplanMapper.selectList
2023-04-21 17:55:08,007 DEBUG [main][MybatisConfiguration.java:128] - addMappedStatement: com.x.content.mapper.TeachplanMapper.selectPage
2023-04-21 17:55:08,007 DEBUG [main][MybatisConfiguration.java:128] - addMappedStatement: com.x.content.mapper.TeachplanMapper.selectPage
2023-04-21 17:55:08,018 DEBUG [main][MybatisConfiguration.java:128] - addMappedStatement: com.x.content.mapper.TeachplanMediaMapper.insert
2023-04-21 17:55:08,018 DEBUG [main][MybatisConfiguration.java:128] - addMappedStatement: com.x.content.mapper.TeachplanMediaMapper.insert
2023-04-21 17:55:08,020 DEBUG [main][MybatisConfiguration.java:128] - addMappedStatement: com.x.content.mapper.TeachplanMediaMapper.delete
2023-04-21 17:55:08,020 DEBUG [main][MybatisConfiguration.java:128] - addMappedStatement: com.x.content.mapper.TeachplanMediaMapper.delete
2023-04-21 17:55:08,023 DEBUG [main][MybatisConfiguration.java:128] - addMappedStatement: com.x.content.mapper.TeachplanMediaMapper.deleteByMap
2023-04-21 17:55:08,023 DEBUG [main][MybatisConfiguration.java:128] - addMappedStatement: com.x.content.mapper.TeachplanMediaMapper.deleteByMap
2023-04-21 17:55:08,026 DEBUG [main][MybatisConfiguration.java:128] - addMappedStatement: com.x.content.mapper.TeachplanMediaMapper.deleteById
2023-04-21 17:55:08,026 DEBUG [main][MybatisConfiguration.java:128] - addMappedStatement: com.x.content.mapper.TeachplanMediaMapper.deleteById
2023-04-21 17:55:08,028 DEBUG [main][MybatisConfiguration.java:128] - addMappedStatement: com.x.content.mapper.TeachplanMediaMapper.deleteBatchIds
2023-04-21 17:55:08,028 DEBUG [main][MybatisConfiguration.java:128] - addMappedStatement: com.x.content.mapper.TeachplanMediaMapper.deleteBatchIds
2023-04-21 17:55:08,031 DEBUG [main][MybatisConfiguration.java:128] - addMappedStatement: com.x.content.mapper.TeachplanMediaMapper.update
2023-04-21 17:55:08,031 DEBUG [main][MybatisConfiguration.java:128] - addMappedStatement: com.x.content.mapper.TeachplanMediaMapper.update
2023-04-21 17:55:08,034 DEBUG [main][MybatisConfiguration.java:128] - addMappedStatement: com.x.content.mapper.TeachplanMediaMapper.updateById
2023-04-21 17:55:08,034 DEBUG [main][MybatisConfiguration.java:128] - addMappedStatement: com.x.content.mapper.TeachplanMediaMapper.updateById
2023-04-21 17:55:08,034 DEBUG [main][MybatisConfiguration.java:128] - addMappedStatement: com.x.content.mapper.TeachplanMediaMapper.selectById
2023-04-21 17:55:08,034 DEBUG [main][MybatisConfiguration.java:128] - addMappedStatement: com.x.content.mapper.TeachplanMediaMapper.selectById
2023-04-21 17:55:08,035 DEBUG [main][MybatisConfiguration.java:128] - addMappedStatement: com.x.content.mapper.TeachplanMediaMapper.selectBatchIds
2023-04-21 17:55:08,035 DEBUG [main][MybatisConfiguration.java:128] - addMappedStatement: com.x.content.mapper.TeachplanMediaMapper.selectBatchIds
2023-04-21 17:55:08,038 DEBUG [main][MybatisConfiguration.java:128] - addMappedStatement: com.x.content.mapper.TeachplanMediaMapper.selectByMap
2023-04-21 17:55:08,038 DEBUG [main][MybatisConfiguration.java:128] - addMappedStatement: com.x.content.mapper.TeachplanMediaMapper.selectByMap
2023-04-21 17:55:08,041 DEBUG [main][MybatisConfiguration.java:128] - addMappedStatement: com.x.content.mapper.TeachplanMediaMapper.selectOne
2023-04-21 17:55:08,041 DEBUG [main][MybatisConfiguration.java:128] - addMappedStatement: com.x.content.mapper.TeachplanMediaMapper.selectOne
2023-04-21 17:55:08,044 DEBUG [main][MybatisConfiguration.java:128] - addMappedStatement: com.x.content.mapper.TeachplanMediaMapper.selectCount
2023-04-21 17:55:08,044 DEBUG [main][MybatisConfiguration.java:128] - addMappedStatement: com.x.content.mapper.TeachplanMediaMapper.selectCount
2023-04-21 17:55:08,046 DEBUG [main][MybatisConfiguration.java:128] - addMappedStatement: com.x.content.mapper.TeachplanMediaMapper.selectMaps
2023-04-21 17:55:08,046 DEBUG [main][MybatisConfiguration.java:128] - addMappedStatement: com.x.content.mapper.TeachplanMediaMapper.selectMaps
2023-04-21 17:55:08,048 DEBUG [main][MybatisConfiguration.java:128] - addMappedStatement: com.x.content.mapper.TeachplanMediaMapper.selectMapsPage
2023-04-21 17:55:08,048 DEBUG [main][MybatisConfiguration.java:128] - addMappedStatement: com.x.content.mapper.TeachplanMediaMapper.selectMapsPage
2023-04-21 17:55:08,052 DEBUG [main][MybatisConfiguration.java:128] - addMappedStatement: com.x.content.mapper.TeachplanMediaMapper.selectObjs
2023-04-21 17:55:08,052 DEBUG [main][MybatisConfiguration.java:128] - addMappedStatement: com.x.content.mapper.TeachplanMediaMapper.selectObjs
2023-04-21 17:55:08,055 DEBUG [main][MybatisConfiguration.java:128] - addMappedStatement: com.x.content.mapper.TeachplanMediaMapper.selectList
2023-04-21 17:55:08,055 DEBUG [main][MybatisConfiguration.java:128] - addMappedStatement: com.x.content.mapper.TeachplanMediaMapper.selectList
2023-04-21 17:55:08,057 DEBUG [main][MybatisConfiguration.java:128] - addMappedStatement: com.x.content.mapper.TeachplanMediaMapper.selectPage
2023-04-21 17:55:08,057 DEBUG [main][MybatisConfiguration.java:128] - addMappedStatement: com.x.content.mapper.TeachplanMediaMapper.selectPage
2023-04-21 17:55:08,449 DEBUG [main][TraversableResolvers.java:60] - Cannot find javax.persistence.Persistence on classpath. Assuming non JPA 2 environment. All properties will per default be traversable.
2023-04-21 17:55:08,449 DEBUG [main][TraversableResolvers.java:60] - Cannot find javax.persistence.Persistence on classpath. Assuming non JPA 2 environment. All properties will per default be traversable.
2023-04-21 17:55:08,450 DEBUG [main][ResourceBundleMessageInterpolator.java:89] - Loaded expression factory via original TCCL
2023-04-21 17:55:08,450 DEBUG [main][ResourceBundleMessageInterpolator.java:89] - Loaded expression factory via original TCCL
2023-04-21 17:55:08,458 DEBUG [main][TraversableResolvers.java:60] - Cannot find javax.persistence.Persistence on classpath. Assuming non JPA 2 environment. All properties will per default be traversable.
2023-04-21 17:55:08,458 DEBUG [main][TraversableResolvers.java:60] - Cannot find javax.persistence.Persistence on classpath. Assuming non JPA 2 environment. All properties will per default be traversable.
2023-04-21 17:55:08,458 DEBUG [main][ConfigurationImpl.java:148] - Setting custom MessageInterpolator of type org.springframework.validation.beanvalidation.LocaleContextMessageInterpolator
2023-04-21 17:55:08,458 DEBUG [main][ConfigurationImpl.java:148] - Setting custom MessageInterpolator of type org.springframework.validation.beanvalidation.LocaleContextMessageInterpolator
2023-04-21 17:55:08,459 DEBUG [main][ConfigurationImpl.java:180] - Setting custom ConstraintValidatorFactory of type org.springframework.validation.beanvalidation.SpringConstraintValidatorFactory
2023-04-21 17:55:08,459 DEBUG [main][ConfigurationImpl.java:180] - Setting custom ConstraintValidatorFactory of type org.springframework.validation.beanvalidation.SpringConstraintValidatorFactory
2023-04-21 17:55:08,459 DEBUG [main][ConfigurationImpl.java:194] - Setting custom ParameterNameProvider of type org.springframework.validation.beanvalidation.LocalValidatorFactoryBean$1
2023-04-21 17:55:08,459 DEBUG [main][ConfigurationImpl.java:194] - Setting custom ParameterNameProvider of type org.springframework.validation.beanvalidation.LocalValidatorFactoryBean$1
2023-04-21 17:55:08,460 DEBUG [main][ValidationXmlParser.java:120] - Trying to load META-INF/validation.xml for XML based Validator configuration.
2023-04-21 17:55:08,460 DEBUG [main][ValidationXmlParser.java:120] - Trying to load META-INF/validation.xml for XML based Validator configuration.
2023-04-21 17:55:08,460 DEBUG [main][ResourceLoaderHelper.java:53] - Trying to load META-INF/validation.xml via user class loader
2023-04-21 17:55:08,460 DEBUG [main][ResourceLoaderHelper.java:53] - Trying to load META-INF/validation.xml via user class loader
2023-04-21 17:55:08,461 DEBUG [main][ResourceLoaderHelper.java:60] - Trying to load META-INF/validation.xml via TCCL
2023-04-21 17:55:08,461 DEBUG [main][ResourceLoaderHelper.java:60] - Trying to load META-INF/validation.xml via TCCL
2023-04-21 17:55:08,461 DEBUG [main][ResourceLoaderHelper.java:66] - Trying to load META-INF/validation.xml via Hibernate Validator's class loader
2023-04-21 17:55:08,461 DEBUG [main][ResourceLoaderHelper.java:66] - Trying to load META-INF/validation.xml via Hibernate Validator's class loader
2023-04-21 17:55:08,461 DEBUG [main][ValidationXmlParser.java:127] - No META-INF/validation.xml found. Using annotation based configuration only.
2023-04-21 17:55:08,461 DEBUG [main][ValidationXmlParser.java:127] - No META-INF/validation.xml found. Using annotation based configuration only.
2023-04-21 17:55:08,465 DEBUG [main][ValidatorFactoryImpl.java:578] - HV000234: Using org.springframework.validation.beanvalidation.LocaleContextMessageInterpolator as ValidatorFactory-scoped message interpolator.
2023-04-21 17:55:08,465 DEBUG [main][ValidatorFactoryImpl.java:578] - HV000234: Using org.springframework.validation.beanvalidation.LocaleContextMessageInterpolator as ValidatorFactory-scoped message interpolator.
2023-04-21 17:55:08,465 DEBUG [main][ValidatorFactoryImpl.java:579] - HV000234: Using org.hibernate.validator.internal.engine.resolver.TraverseAllTraversableResolver as ValidatorFactory-scoped traversable resolver.
2023-04-21 17:55:08,465 DEBUG [main][ValidatorFactoryImpl.java:579] - HV000234: Using org.hibernate.validator.internal.engine.resolver.TraverseAllTraversableResolver as ValidatorFactory-scoped traversable resolver.
2023-04-21 17:55:08,465 DEBUG [main][ValidatorFactoryImpl.java:580] - HV000234: Using org.hibernate.validator.internal.util.ExecutableParameterNameProvider as ValidatorFactory-scoped parameter name provider.
2023-04-21 17:55:08,465 DEBUG [main][ValidatorFactoryImpl.java:580] - HV000234: Using org.hibernate.validator.internal.util.ExecutableParameterNameProvider as ValidatorFactory-scoped parameter name provider.
2023-04-21 17:55:08,465 DEBUG [main][ValidatorFactoryImpl.java:581] - HV000234: Using org.hibernate.validator.internal.engine.DefaultClockProvider as ValidatorFactory-scoped clock provider.
2023-04-21 17:55:08,465 DEBUG [main][ValidatorFactoryImpl.java:581] - HV000234: Using org.hibernate.validator.internal.engine.DefaultClockProvider as ValidatorFactory-scoped clock provider.
2023-04-21 17:55:08,466 DEBUG [main][ValidatorFactoryImpl.java:582] - HV000234: Using org.hibernate.validator.internal.engine.scripting.DefaultScriptEvaluatorFactory as ValidatorFactory-scoped script evaluator factory.
2023-04-21 17:55:08,466 DEBUG [main][ValidatorFactoryImpl.java:582] - HV000234: Using org.hibernate.validator.internal.engine.scripting.DefaultScriptEvaluatorFactory as ValidatorFactory-scoped script evaluator factory.
2023-04-21 17:55:08,482 DEBUG [main][MybatisConfiguration.java:128] - addMappedStatement: com.x.content.mapper.CourseTeacherMapper.insert
2023-04-21 17:55:08,482 DEBUG [main][MybatisConfiguration.java:128] - addMappedStatement: com.x.content.mapper.CourseTeacherMapper.insert
2023-04-21 17:55:08,485 DEBUG [main][MybatisConfiguration.java:128] - addMappedStatement: com.x.content.mapper.CourseTeacherMapper.delete
2023-04-21 17:55:08,485 DEBUG [main][MybatisConfiguration.java:128] - addMappedStatement: com.x.content.mapper.CourseTeacherMapper.delete
2023-04-21 17:55:08,487 DEBUG [main][MybatisConfiguration.java:128] - addMappedStatement: com.x.content.mapper.CourseTeacherMapper.deleteByMap
2023-04-21 17:55:08,487 DEBUG [main][MybatisConfiguration.java:128] - addMappedStatement: com.x.content.mapper.CourseTeacherMapper.deleteByMap
2023-04-21 17:55:08,488 DEBUG [main][MybatisConfiguration.java:128] - addMappedStatement: com.x.content.mapper.CourseTeacherMapper.deleteById
2023-04-21 17:55:08,488 DEBUG [main][MybatisConfiguration.java:128] - addMappedStatement: com.x.content.mapper.CourseTeacherMapper.deleteById
2023-04-21 17:55:08,490 DEBUG [main][MybatisConfiguration.java:128] - addMappedStatement: com.x.content.mapper.CourseTeacherMapper.deleteBatchIds
2023-04-21 17:55:08,490 DEBUG [main][MybatisConfiguration.java:128] - addMappedStatement: com.x.content.mapper.CourseTeacherMapper.deleteBatchIds
2023-04-21 17:55:08,491 DEBUG [main][MybatisConfiguration.java:128] - addMappedStatement: com.x.content.mapper.CourseTeacherMapper.update
2023-04-21 17:55:08,491 DEBUG [main][MybatisConfiguration.java:128] - addMappedStatement: com.x.content.mapper.CourseTeacherMapper.update
2023-04-21 17:55:08,493 DEBUG [main][MybatisConfiguration.java:128] - addMappedStatement: com.x.content.mapper.CourseTeacherMapper.updateById
2023-04-21 17:55:08,493 DEBUG [main][MybatisConfiguration.java:128] - addMappedStatement: com.x.content.mapper.CourseTeacherMapper.updateById
2023-04-21 17:55:08,493 DEBUG [main][MybatisConfiguration.java:128] - addMappedStatement: com.x.content.mapper.CourseTeacherMapper.selectById
2023-04-21 17:55:08,493 DEBUG [main][MybatisConfiguration.java:128] - addMappedStatement: com.x.content.mapper.CourseTeacherMapper.selectById
2023-04-21 17:55:08,494 DEBUG [main][MybatisConfiguration.java:128] - addMappedStatement: com.x.content.mapper.CourseTeacherMapper.selectBatchIds
2023-04-21 17:55:08,494 DEBUG [main][MybatisConfiguration.java:128] - addMappedStatement: com.x.content.mapper.CourseTeacherMapper.selectBatchIds
2023-04-21 17:55:08,496 DEBUG [main][MybatisConfiguration.java:128] - addMappedStatement: com.x.content.mapper.CourseTeacherMapper.selectByMap
2023-04-21 17:55:08,496 DEBUG [main][MybatisConfiguration.java:128] - addMappedStatement: com.x.content.mapper.CourseTeacherMapper.selectByMap
2023-04-21 17:55:08,498 DEBUG [main][MybatisConfiguration.java:128] - addMappedStatement: com.x.content.mapper.CourseTeacherMapper.selectOne
2023-04-21 17:55:08,498 DEBUG [main][MybatisConfiguration.java:128] - addMappedStatement: com.x.content.mapper.CourseTeacherMapper.selectOne
2023-04-21 17:55:08,500 DEBUG [main][MybatisConfiguration.java:128] - addMappedStatement: com.x.content.mapper.CourseTeacherMapper.selectCount
2023-04-21 17:55:08,500 DEBUG [main][MybatisConfiguration.java:128] - addMappedStatement: com.x.content.mapper.CourseTeacherMapper.selectCount
2023-04-21 17:55:08,501 DEBUG [main][MybatisConfiguration.java:128] - addMappedStatement: com.x.content.mapper.CourseTeacherMapper.selectMaps
2023-04-21 17:55:08,501 DEBUG [main][MybatisConfiguration.java:128] - addMappedStatement: com.x.content.mapper.CourseTeacherMapper.selectMaps
2023-04-21 17:55:08,503 DEBUG [main][MybatisConfiguration.java:128] - addMappedStatement: com.x.content.mapper.CourseTeacherMapper.selectMapsPage
2023-04-21 17:55:08,503 DEBUG [main][MybatisConfiguration.java:128] - addMappedStatement: com.x.content.mapper.CourseTeacherMapper.selectMapsPage
2023-04-21 17:55:08,505 DEBUG [main][MybatisConfiguration.java:128] - addMappedStatement: com.x.content.mapper.CourseTeacherMapper.selectObjs
2023-04-21 17:55:08,505 DEBUG [main][MybatisConfiguration.java:128] - addMappedStatement: com.x.content.mapper.CourseTeacherMapper.selectObjs
2023-04-21 17:55:08,507 DEBUG [main][MybatisConfiguration.java:128] - addMappedStatement: com.x.content.mapper.CourseTeacherMapper.selectList
2023-04-21 17:55:08,507 DEBUG [main][MybatisConfiguration.java:128] - addMappedStatement: com.x.content.mapper.CourseTeacherMapper.selectList
2023-04-21 17:55:08,508 DEBUG [main][MybatisConfiguration.java:128] - addMappedStatement: com.x.content.mapper.CourseTeacherMapper.selectPage
2023-04-21 17:55:08,508 DEBUG [main][MybatisConfiguration.java:128] - addMappedStatement: com.x.content.mapper.CourseTeacherMapper.selectPage
2023-04-21 17:55:08,529 INFO [main][StartupInfoLogger.java:59] - Started ContentServiceApplicationTests in 2.373 seconds (JVM running for 3.33)
2023-04-21 17:55:08,529 INFO [main][StartupInfoLogger.java:59] - Started ContentServiceApplicationTests in 2.373 seconds (JVM running for 3.33)
2023-04-21 17:55:08,855 DEBUG [main][BaseJdbcLogger.java:137] - ==>  Preparing: SELECT id,company_id,company_name,name,users,tags,mt,st,grade,teachmode,description,pic,create_date,change_date,create_people,change_people,audit_status,status FROM course_base WHERE id=?
2023-04-21 17:55:08,855 DEBUG [main][BaseJdbcLogger.java:137] - ==>  Preparing: SELECT id,company_id,company_name,name,users,tags,mt,st,grade,teachmode,description,pic,create_date,change_date,create_people,change_people,audit_status,status FROM course_base WHERE id=?
2023-04-21 17:55:08,873 DEBUG [main][BaseJdbcLogger.java:137] - ==> Parameters: 22(Integer)
2023-04-21 17:55:08,873 DEBUG [main][BaseJdbcLogger.java:137] - ==> Parameters: 22(Integer)
2023-04-21 17:55:08,904 DEBUG [main][BaseJdbcLogger.java:137] - <==      Total: 1
2023-04-21 17:55:08,904 DEBUG [main][BaseJdbcLogger.java:137] - <==      Total: 1
2023-04-21 17:55:08,919 INFO [Thread-2][DruidDataSource.java:2071] - {dataSource-1} closing ...
2023-04-21 17:55:08,919 INFO [Thread-2][DruidDataSource.java:2071] - {dataSource-1} closing ...
2023-04-21 17:55:08,926 INFO [Thread-2][DruidDataSource.java:2144] - {dataSource-1} closed
2023-04-21 17:55:08,926 INFO [Thread-2][DruidDataSource.java:2144] - {dataSource-1} closed
