2023-04-26 15:09:11,799 ERROR [main][LoggingFailureAnalysisReporter.java:42] - 

***************************
APPLICATION FAILED TO START
***************************

Description:

An attempt was made to call the method kotlin.collections.ArraysKt.copyInto([B[BIII)[B but it does not exist. Its class, kotlin.collections.ArraysKt, is available from the following locations:

    jar:file:/D:/respository/org/jetbrains/kotlin/kotlin-stdlib/1.2.71/kotlin-stdlib-1.2.71.jar!/kotlin/collections/ArraysKt.class

It was loaded from the following location:

    file:/D:/respository/org/jetbrains/kotlin/kotlin-stdlib/1.2.71/kotlin-stdlib-1.2.71.jar


Action:

Correct the classpath of your application so that it contains a single, compatible version of kotlin.collections.ArraysKt

2023-04-26 15:12:36,873 ERROR [main][LoggingFailureAnalysisReporter.java:42] - 

***************************
APPLICATION FAILED TO START
***************************

Description:

An attempt was made to call the method kotlin.collections.ArraysKt.copyInto([B[BIII)[B but it does not exist. Its class, kotlin.collections.ArraysKt, is available from the following locations:

    jar:file:/D:/respository/org/jetbrains/kotlin/kotlin-stdlib/1.2.71/kotlin-stdlib-1.2.71.jar!/kotlin/collections/ArraysKt.class

It was loaded from the following location:

    file:/D:/respository/org/jetbrains/kotlin/kotlin-stdlib/1.2.71/kotlin-stdlib-1.2.71.jar


Action:

Correct the classpath of your application so that it contains a single, compatible version of kotlin.collections.ArraysKt

2023-04-26 15:15:46,743 ERROR [main][LoggingFailureAnalysisReporter.java:42] - 

***************************
APPLICATION FAILED TO START
***************************

Description:

An attempt was made to call the method kotlin.collections.ArraysKt.copyInto([B[BIII)[B but it does not exist. Its class, kotlin.collections.ArraysKt, is available from the following locations:

    jar:file:/D:/respository/org/jetbrains/kotlin/kotlin-stdlib/1.2.71/kotlin-stdlib-1.2.71.jar!/kotlin/collections/ArraysKt.class

It was loaded from the following location:

    file:/D:/respository/org/jetbrains/kotlin/kotlin-stdlib/1.2.71/kotlin-stdlib-1.2.71.jar


Action:

Correct the classpath of your application so that it contains a single, compatible version of kotlin.collections.ArraysKt

2023-04-26 15:16:19,923 ERROR [main][LoggingFailureAnalysisReporter.java:42] - 

***************************
APPLICATION FAILED TO START
***************************

Description:

An attempt was made to call the method kotlin.collections.ArraysKt.copyInto([B[BIII)[B but it does not exist. Its class, kotlin.collections.ArraysKt, is available from the following locations:

    jar:file:/D:/respository/org/jetbrains/kotlin/kotlin-stdlib/1.2.71/kotlin-stdlib-1.2.71.jar!/kotlin/collections/ArraysKt.class

It was loaded from the following location:

    file:/D:/respository/org/jetbrains/kotlin/kotlin-stdlib/1.2.71/kotlin-stdlib-1.2.71.jar


Action:

Correct the classpath of your application so that it contains a single, compatible version of kotlin.collections.ArraysKt

2023-04-26 15:17:01,186 ERROR [main][LoggingFailureAnalysisReporter.java:42] - 

***************************
APPLICATION FAILED TO START
***************************

Description:

An attempt was made to call the method kotlin.collections.ArraysKt.copyInto([B[BIII)[B but it does not exist. Its class, kotlin.collections.ArraysKt, is available from the following locations:

    jar:file:/D:/respository/org/jetbrains/kotlin/kotlin-stdlib/1.2.71/kotlin-stdlib-1.2.71.jar!/kotlin/collections/ArraysKt.class

It was loaded from the following location:

    file:/D:/respository/org/jetbrains/kotlin/kotlin-stdlib/1.2.71/kotlin-stdlib-1.2.71.jar


Action:

Correct the classpath of your application so that it contains a single, compatible version of kotlin.collections.ArraysKt

2023-04-26 15:21:11,452 ERROR [main][LoggingFailureAnalysisReporter.java:42] - 

***************************
APPLICATION FAILED TO START
***************************

Description:

An attempt was made to call the method kotlin.collections.ArraysKt.copyInto([B[BIII)[B but it does not exist. Its class, kotlin.collections.ArraysKt, is available from the following locations:

    jar:file:/D:/respository/org/jetbrains/kotlin/kotlin-stdlib/1.2.71/kotlin-stdlib-1.2.71.jar!/kotlin/collections/ArraysKt.class

It was loaded from the following location:

    file:/D:/respository/org/jetbrains/kotlin/kotlin-stdlib/1.2.71/kotlin-stdlib-1.2.71.jar


Action:

Correct the classpath of your application so that it contains a single, compatible version of kotlin.collections.ArraysKt

2023-04-26 15:21:54,755 ERROR [main][LoggingFailureAnalysisReporter.java:42] - 

***************************
APPLICATION FAILED TO START
***************************

Description:

An attempt was made to call the method kotlin.collections.ArraysKt.copyInto([B[BIII)[B but it does not exist. Its class, kotlin.collections.ArraysKt, is available from the following locations:

    jar:file:/D:/respository/org/jetbrains/kotlin/kotlin-stdlib/1.2.71/kotlin-stdlib-1.2.71.jar!/kotlin/collections/ArraysKt.class

It was loaded from the following location:

    file:/D:/respository/org/jetbrains/kotlin/kotlin-stdlib/1.2.71/kotlin-stdlib-1.2.71.jar


Action:

Correct the classpath of your application so that it contains a single, compatible version of kotlin.collections.ArraysKt

2023-04-26 15:24:43,172 ERROR [main][SpringApplication.java:858] - Application run failed
org.springframework.beans.factory.UnsatisfiedDependencyException: Error creating bean with name 'mediaFilesController' defined in file [E:\z-model\spring-cloud\spring-cloud\spring-cloud-media\spring-cloud-media-api\target\classes\com\x\media\api\MediaFilesController.class]: Unsatisfied dependency expressed through constructor parameter 0; nested exception is org.springframework.beans.factory.UnsatisfiedDependencyException: Error creating bean with name 'mediaFileServiceImpl' defined in file [E:\z-model\spring-cloud\spring-cloud\spring-cloud-media\spring-cloud-media-service\target\classes\com\x\media\service\impl\MediaFileServiceImpl.class]: Unsatisfied dependency expressed through constructor parameter 2; nested exception is org.springframework.beans.factory.BeanCreationException: Error creating bean with name 'minioClient' defined in class path resource [com/x/media/config/MinioConfig.class]: Bean instantiation via factory method failed; nested exception is org.springframework.beans.BeanInstantiationException: Failed to instantiate [io.minio.MinioClient]: Factory method 'minioClient' threw exception; nested exception is java.lang.NoClassDefFoundError: okio/Buffer
	at org.springframework.beans.factory.support.ConstructorResolver.createArgumentArray(ConstructorResolver.java:767)
	at org.springframework.beans.factory.support.ConstructorResolver.autowireConstructor(ConstructorResolver.java:218)
	at org.springframework.beans.factory.support.AbstractAutowireCapableBeanFactory.autowireConstructor(AbstractAutowireCapableBeanFactory.java:1308)
	at org.springframework.beans.factory.support.AbstractAutowireCapableBeanFactory.createBeanInstance(AbstractAutowireCapableBeanFactory.java:1154)
	at org.springframework.beans.factory.support.AbstractAutowireCapableBeanFactory.doCreateBean(AbstractAutowireCapableBeanFactory.java:538)
	at org.springframework.beans.factory.support.AbstractAutowireCapableBeanFactory.createBean(AbstractAutowireCapableBeanFactory.java:498)
	at org.springframework.beans.factory.support.AbstractBeanFactory.lambda$doGetBean$0(AbstractBeanFactory.java:320)
	at org.springframework.beans.factory.support.DefaultSingletonBeanRegistry.getSingleton(DefaultSingletonBeanRegistry.java:222)
	at org.springframework.beans.factory.support.AbstractBeanFactory.doGetBean(AbstractBeanFactory.java:318)
	at org.springframework.beans.factory.support.AbstractBeanFactory.getBean(AbstractBeanFactory.java:199)
	at org.springframework.beans.factory.support.DefaultListableBeanFactory.preInstantiateSingletons(DefaultListableBeanFactory.java:846)
	at org.springframework.context.support.AbstractApplicationContext.finishBeanFactoryInitialization(AbstractApplicationContext.java:863)
	at org.springframework.context.support.AbstractApplicationContext.refresh(AbstractApplicationContext.java:546)
	at org.springframework.boot.web.servlet.context.ServletWebServerApplicationContext.refresh(ServletWebServerApplicationContext.java:140)
	at org.springframework.boot.SpringApplication.refresh(SpringApplication.java:775)
	at org.springframework.boot.SpringApplication.refreshContext(SpringApplication.java:397)
	at org.springframework.boot.SpringApplication.run(SpringApplication.java:316)
	at org.springframework.boot.SpringApplication.run(SpringApplication.java:1260)
	at org.springframework.boot.SpringApplication.run(SpringApplication.java:1248)
	at com.x.MediaApplication.main(MediaApplication.java:10)
Caused by: org.springframework.beans.factory.UnsatisfiedDependencyException: Error creating bean with name 'mediaFileServiceImpl' defined in file [E:\z-model\spring-cloud\spring-cloud\spring-cloud-media\spring-cloud-media-service\target\classes\com\x\media\service\impl\MediaFileServiceImpl.class]: Unsatisfied dependency expressed through constructor parameter 2; nested exception is org.springframework.beans.factory.BeanCreationException: Error creating bean with name 'minioClient' defined in class path resource [com/x/media/config/MinioConfig.class]: Bean instantiation via factory method failed; nested exception is org.springframework.beans.BeanInstantiationException: Failed to instantiate [io.minio.MinioClient]: Factory method 'minioClient' threw exception; nested exception is java.lang.NoClassDefFoundError: okio/Buffer
	at org.springframework.beans.factory.support.ConstructorResolver.createArgumentArray(ConstructorResolver.java:767)
	at org.springframework.beans.factory.support.ConstructorResolver.autowireConstructor(ConstructorResolver.java:218)
	at org.springframework.beans.factory.support.AbstractAutowireCapableBeanFactory.autowireConstructor(AbstractAutowireCapableBeanFactory.java:1308)
	at org.springframework.beans.factory.support.AbstractAutowireCapableBeanFactory.createBeanInstance(AbstractAutowireCapableBeanFactory.java:1154)
	at org.springframework.beans.factory.support.AbstractAutowireCapableBeanFactory.doCreateBean(AbstractAutowireCapableBeanFactory.java:538)
	at org.springframework.beans.factory.support.AbstractAutowireCapableBeanFactory.createBean(AbstractAutowireCapableBeanFactory.java:498)
	at org.springframework.beans.factory.support.AbstractBeanFactory.lambda$doGetBean$0(AbstractBeanFactory.java:320)
	at org.springframework.beans.factory.support.DefaultSingletonBeanRegistry.getSingleton(DefaultSingletonBeanRegistry.java:222)
	at org.springframework.beans.factory.support.AbstractBeanFactory.doGetBean(AbstractBeanFactory.java:318)
	at org.springframework.beans.factory.support.AbstractBeanFactory.getBean(AbstractBeanFactory.java:199)
	at org.springframework.beans.factory.config.DependencyDescriptor.resolveCandidate(DependencyDescriptor.java:273)
	at org.springframework.beans.factory.support.DefaultListableBeanFactory.doResolveDependency(DefaultListableBeanFactory.java:1239)
	at org.springframework.beans.factory.support.DefaultListableBeanFactory.resolveDependency(DefaultListableBeanFactory.java:1166)
	at org.springframework.beans.factory.support.ConstructorResolver.resolveAutowiredArgument(ConstructorResolver.java:855)
	at org.springframework.beans.factory.support.ConstructorResolver.createArgumentArray(ConstructorResolver.java:758)
	... 19 more
Caused by: org.springframework.beans.factory.BeanCreationException: Error creating bean with name 'minioClient' defined in class path resource [com/x/media/config/MinioConfig.class]: Bean instantiation via factory method failed; nested exception is org.springframework.beans.BeanInstantiationException: Failed to instantiate [io.minio.MinioClient]: Factory method 'minioClient' threw exception; nested exception is java.lang.NoClassDefFoundError: okio/Buffer
	at org.springframework.beans.factory.support.ConstructorResolver.instantiate(ConstructorResolver.java:625)
	at org.springframework.beans.factory.support.ConstructorResolver.instantiateUsingFactoryMethod(ConstructorResolver.java:455)
	at org.springframework.beans.factory.support.AbstractAutowireCapableBeanFactory.instantiateUsingFactoryMethod(AbstractAutowireCapableBeanFactory.java:1288)
	at org.springframework.beans.factory.support.AbstractAutowireCapableBeanFactory.createBeanInstance(AbstractAutowireCapableBeanFactory.java:1127)
	at org.springframework.beans.factory.support.AbstractAutowireCapableBeanFactory.doCreateBean(AbstractAutowireCapableBeanFactory.java:538)
	at org.springframework.beans.factory.support.AbstractAutowireCapableBeanFactory.createBean(AbstractAutowireCapableBeanFactory.java:498)
	at org.springframework.beans.factory.support.AbstractBeanFactory.lambda$doGetBean$0(AbstractBeanFactory.java:320)
	at org.springframework.beans.factory.support.DefaultSingletonBeanRegistry.getSingleton(DefaultSingletonBeanRegistry.java:222)
	at org.springframework.beans.factory.support.AbstractBeanFactory.doGetBean(AbstractBeanFactory.java:318)
	at org.springframework.beans.factory.support.AbstractBeanFactory.getBean(AbstractBeanFactory.java:199)
	at org.springframework.beans.factory.config.DependencyDescriptor.resolveCandidate(DependencyDescriptor.java:273)
	at org.springframework.beans.factory.support.DefaultListableBeanFactory.doResolveDependency(DefaultListableBeanFactory.java:1239)
	at org.springframework.beans.factory.support.DefaultListableBeanFactory.resolveDependency(DefaultListableBeanFactory.java:1166)
	at org.springframework.beans.factory.support.ConstructorResolver.resolveAutowiredArgument(ConstructorResolver.java:855)
	at org.springframework.beans.factory.support.ConstructorResolver.createArgumentArray(ConstructorResolver.java:758)
	... 33 more
Caused by: org.springframework.beans.BeanInstantiationException: Failed to instantiate [io.minio.MinioClient]: Factory method 'minioClient' threw exception; nested exception is java.lang.NoClassDefFoundError: okio/Buffer
	at org.springframework.beans.factory.support.SimpleInstantiationStrategy.instantiate(SimpleInstantiationStrategy.java:185)
	at org.springframework.beans.factory.support.ConstructorResolver.instantiate(ConstructorResolver.java:620)
	... 47 more
Caused by: java.lang.NoClassDefFoundError: okio/Buffer
	at okhttp3.ResponseBody$Companion.create(ResponseBody.kt:248)
	at okhttp3.ResponseBody$Companion.create$default(ResponseBody.kt:247)
	at okhttp3.internal.Util.<clinit>(Util.kt:65)
	at okhttp3.RequestBody$Companion.create(RequestBody.kt:145)
	at okhttp3.RequestBody$Companion.create$default(RequestBody.kt:143)
	at okhttp3.RequestBody.create(RequestBody.kt)
	at io.minio.S3Base.<clinit>(S3Base.java:104)
	at io.minio.MinioClient$Builder.<init>(MinioClient.java:2401)
	at io.minio.MinioClient.builder(MinioClient.java:2393)
	at com.x.media.config.MinioConfig.minioClient(MinioConfig.java:30)
	at com.x.media.config.MinioConfig$$EnhancerBySpringCGLIB$$91925ebd.CGLIB$minioClient$0(<generated>)
	at com.x.media.config.MinioConfig$$EnhancerBySpringCGLIB$$91925ebd$$FastClassBySpringCGLIB$$cf530741.invoke(<generated>)
	at org.springframework.cglib.proxy.MethodProxy.invokeSuper(MethodProxy.java:244)
	at org.springframework.context.annotation.ConfigurationClassEnhancer$BeanMethodInterceptor.intercept(ConfigurationClassEnhancer.java:363)
	at com.x.media.config.MinioConfig$$EnhancerBySpringCGLIB$$91925ebd.minioClient(<generated>)
	at sun.reflect.NativeMethodAccessorImpl.invoke0(Native Method)
	at sun.reflect.NativeMethodAccessorImpl.invoke(NativeMethodAccessorImpl.java:62)
	at sun.reflect.DelegatingMethodAccessorImpl.invoke(DelegatingMethodAccessorImpl.java:43)
	at java.lang.reflect.Method.invoke(Method.java:498)
	at org.springframework.beans.factory.support.SimpleInstantiationStrategy.instantiate(SimpleInstantiationStrategy.java:154)
	... 48 more
Caused by: java.lang.ClassNotFoundException: okio.Buffer
	at java.net.URLClassLoader.findClass(URLClassLoader.java:382)
	at java.lang.ClassLoader.loadClass(ClassLoader.java:418)
	at sun.misc.Launcher$AppClassLoader.loadClass(Launcher.java:355)
	at java.lang.ClassLoader.loadClass(ClassLoader.java:351)
	... 68 more
2023-04-26 15:25:14,412 ERROR [main][LoggingFailureAnalysisReporter.java:42] - 

***************************
APPLICATION FAILED TO START
***************************

Description:

An attempt was made to call the method kotlin.collections.ArraysKt.copyInto([B[BIII)[B but it does not exist. Its class, kotlin.collections.ArraysKt, is available from the following locations:

    jar:file:/D:/respository/org/jetbrains/kotlin/kotlin-stdlib/1.2.71/kotlin-stdlib-1.2.71.jar!/kotlin/collections/ArraysKt.class

It was loaded from the following location:

    file:/D:/respository/org/jetbrains/kotlin/kotlin-stdlib/1.2.71/kotlin-stdlib-1.2.71.jar


Action:

Correct the classpath of your application so that it contains a single, compatible version of kotlin.collections.ArraysKt

2023-04-26 15:27:58,014 ERROR [main][LoggingFailureAnalysisReporter.java:42] - 

***************************
APPLICATION FAILED TO START
***************************

Description:

An attempt was made to call the method kotlin.collections.ArraysKt.copyInto([B[BIII)[B but it does not exist. Its class, kotlin.collections.ArraysKt, is available from the following locations:

    jar:file:/D:/respository/org/jetbrains/kotlin/kotlin-stdlib/1.2.71/kotlin-stdlib-1.2.71.jar!/kotlin/collections/ArraysKt.class

It was loaded from the following location:

    file:/D:/respository/org/jetbrains/kotlin/kotlin-stdlib/1.2.71/kotlin-stdlib-1.2.71.jar


Action:

Correct the classpath of your application so that it contains a single, compatible version of kotlin.collections.ArraysKt

2023-04-26 15:30:25,239 ERROR [main][LoggingFailureAnalysisReporter.java:42] - 

***************************
APPLICATION FAILED TO START
***************************

Description:

An attempt was made to call the method kotlin.collections.ArraysKt.copyInto([B[BIII)[B but it does not exist. Its class, kotlin.collections.ArraysKt, is available from the following locations:

    jar:file:/D:/respository/org/jetbrains/kotlin/kotlin-stdlib/1.2.71/kotlin-stdlib-1.2.71.jar!/kotlin/collections/ArraysKt.class

It was loaded from the following location:

    file:/D:/respository/org/jetbrains/kotlin/kotlin-stdlib/1.2.71/kotlin-stdlib-1.2.71.jar


Action:

Correct the classpath of your application so that it contains a single, compatible version of kotlin.collections.ArraysKt

2023-04-26 15:31:17,445 ERROR [main][LoggingFailureAnalysisReporter.java:42] - 

***************************
APPLICATION FAILED TO START
***************************

Description:

An attempt was made to call the method kotlin.collections.ArraysKt.copyInto([B[BIII)[B but it does not exist. Its class, kotlin.collections.ArraysKt, is available from the following locations:

    jar:file:/D:/respository/org/jetbrains/kotlin/kotlin-stdlib/1.2.71/kotlin-stdlib-1.2.71.jar!/kotlin/collections/ArraysKt.class

It was loaded from the following location:

    file:/D:/respository/org/jetbrains/kotlin/kotlin-stdlib/1.2.71/kotlin-stdlib-1.2.71.jar


Action:

Correct the classpath of your application so that it contains a single, compatible version of kotlin.collections.ArraysKt

2023-04-26 15:36:41,069 ERROR [main][LoggingFailureAnalysisReporter.java:42] - 

***************************
APPLICATION FAILED TO START
***************************

Description:

An attempt was made to call the method kotlin.collections.ArraysKt.copyInto([B[BIII)[B but it does not exist. Its class, kotlin.collections.ArraysKt, is available from the following locations:

    jar:file:/D:/respository/org/jetbrains/kotlin/kotlin-stdlib/1.2.71/kotlin-stdlib-1.2.71.jar!/kotlin/collections/ArraysKt.class

It was loaded from the following location:

    file:/D:/respository/org/jetbrains/kotlin/kotlin-stdlib/1.2.71/kotlin-stdlib-1.2.71.jar


Action:

Correct the classpath of your application so that it contains a single, compatible version of kotlin.collections.ArraysKt

2023-04-26 15:38:52,182 ERROR [main][LoggingFailureAnalysisReporter.java:42] - 

***************************
APPLICATION FAILED TO START
***************************

Description:

An attempt was made to call the method kotlin.collections.ArraysKt.copyInto([B[BIII)[B but it does not exist. Its class, kotlin.collections.ArraysKt, is available from the following locations:

    jar:file:/D:/respository/org/jetbrains/kotlin/kotlin-stdlib/1.2.71/kotlin-stdlib-1.2.71.jar!/kotlin/collections/ArraysKt.class

It was loaded from the following location:

    file:/D:/respository/org/jetbrains/kotlin/kotlin-stdlib/1.2.71/kotlin-stdlib-1.2.71.jar


Action:

Correct the classpath of your application so that it contains a single, compatible version of kotlin.collections.ArraysKt

2023-04-26 15:41:48,012 ERROR [main][LoggingFailureAnalysisReporter.java:42] - 

***************************
APPLICATION FAILED TO START
***************************

Description:

An attempt was made to call the method okhttp3.RequestBody.create([BLokhttp3/MediaType;)Lokhttp3/RequestBody; but it does not exist. Its class, okhttp3.RequestBody, is available from the following locations:

    jar:file:/D:/respository/com/squareup/okhttp3/okhttp/3.14.8/okhttp-3.14.8.jar!/okhttp3/RequestBody.class

It was loaded from the following location:

    file:/D:/respository/com/squareup/okhttp3/okhttp/3.14.8/okhttp-3.14.8.jar


Action:

Correct the classpath of your application so that it contains a single, compatible version of okhttp3.RequestBody

2023-04-26 15:42:58,062 ERROR [main][LoggingFailureAnalysisReporter.java:42] - 

***************************
APPLICATION FAILED TO START
***************************

Description:

An attempt was made to call the method okhttp3.RequestBody.create([BLokhttp3/MediaType;)Lokhttp3/RequestBody; but it does not exist. Its class, okhttp3.RequestBody, is available from the following locations:

    jar:file:/D:/respository/com/squareup/okhttp3/okhttp/3.14.8/okhttp-3.14.8.jar!/okhttp3/RequestBody.class

It was loaded from the following location:

    file:/D:/respository/com/squareup/okhttp3/okhttp/3.14.8/okhttp-3.14.8.jar


Action:

Correct the classpath of your application so that it contains a single, compatible version of okhttp3.RequestBody

2023-04-26 15:43:28,527 ERROR [main][LoggingFailureAnalysisReporter.java:42] - 

***************************
APPLICATION FAILED TO START
***************************

Description:

An attempt was made to call the method okhttp3.RequestBody.create([BLokhttp3/MediaType;)Lokhttp3/RequestBody; but it does not exist. Its class, okhttp3.RequestBody, is available from the following locations:

    jar:file:/D:/respository/com/squareup/okhttp3/okhttp/3.14.8/okhttp-3.14.8.jar!/okhttp3/RequestBody.class

It was loaded from the following location:

    file:/D:/respository/com/squareup/okhttp3/okhttp/3.14.8/okhttp-3.14.8.jar


Action:

Correct the classpath of your application so that it contains a single, compatible version of okhttp3.RequestBody

2023-04-26 15:45:15,700 ERROR [main][LoggingFailureAnalysisReporter.java:42] - 

***************************
APPLICATION FAILED TO START
***************************

Description:

An attempt was made to call the method okhttp3.RequestBody.create([BLokhttp3/MediaType;)Lokhttp3/RequestBody; but it does not exist. Its class, okhttp3.RequestBody, is available from the following locations:

    jar:file:/D:/respository/com/squareup/okhttp3/okhttp/3.14.8/okhttp-3.14.8.jar!/okhttp3/RequestBody.class

It was loaded from the following location:

    file:/D:/respository/com/squareup/okhttp3/okhttp/3.14.8/okhttp-3.14.8.jar


Action:

Correct the classpath of your application so that it contains a single, compatible version of okhttp3.RequestBody

2023-04-26 15:45:37,560 ERROR [main][LoggingFailureAnalysisReporter.java:42] - 

***************************
APPLICATION FAILED TO START
***************************

Description:

An attempt was made to call the method okhttp3.RequestBody.create([BLokhttp3/MediaType;)Lokhttp3/RequestBody; but it does not exist. Its class, okhttp3.RequestBody, is available from the following locations:

    jar:file:/D:/respository/com/squareup/okhttp3/okhttp/3.14.8/okhttp-3.14.8.jar!/okhttp3/RequestBody.class

It was loaded from the following location:

    file:/D:/respository/com/squareup/okhttp3/okhttp/3.14.8/okhttp-3.14.8.jar


Action:

Correct the classpath of your application so that it contains a single, compatible version of okhttp3.RequestBody

2023-04-26 15:46:07,367 ERROR [main][LoggingFailureAnalysisReporter.java:42] - 

***************************
APPLICATION FAILED TO START
***************************

Description:

An attempt was made to call the method kotlin.collections.ArraysKt.copyInto([B[BIII)[B but it does not exist. Its class, kotlin.collections.ArraysKt, is available from the following locations:

    jar:file:/D:/respository/org/jetbrains/kotlin/kotlin-stdlib/1.2.71/kotlin-stdlib-1.2.71.jar!/kotlin/collections/ArraysKt.class

It was loaded from the following location:

    file:/D:/respository/org/jetbrains/kotlin/kotlin-stdlib/1.2.71/kotlin-stdlib-1.2.71.jar


Action:

Correct the classpath of your application so that it contains a single, compatible version of kotlin.collections.ArraysKt

