2023-04-26 12:01:09,056 INFO [main][SpringApplication.java:679] - The following profiles are active: dev
2023-04-26 12:01:09,056 INFO [main][SpringApplication.java:679] - The following profiles are active: dev
2023-04-26 12:01:09,727 DEBUG [main][LogFactory.java:105] - Logging initialized using 'class org.apache.ibatis.logging.slf4j.Slf4jImpl' adapter.
2023-04-26 12:01:09,727 DEBUG [main][LogFactory.java:105] - Logging initialized using 'class org.apache.ibatis.logging.slf4j.Slf4jImpl' adapter.
2023-04-26 12:01:09,789 INFO [main][GenericScope.java:294] - BeanFactory id=8581dc16-4e05-3a88-a35a-505d57f8acf2
2023-04-26 12:01:09,789 INFO [main][GenericScope.java:294] - BeanFactory id=8581dc16-4e05-3a88-a35a-505d57f8acf2
2023-04-26 12:01:09,833 INFO [main][PostProcessorRegistrationDelegate.java:330] - Bean 'org.springframework.transaction.annotation.ProxyTransactionManagementConfiguration' of type [org.springframework.transaction.annotation.ProxyTransactionManagementConfiguration$$EnhancerBySpringCGLIB$$6c719efa] is not eligible for getting processed by all BeanPostProcessors (for example: not eligible for auto-proxying)
2023-04-26 12:01:09,833 INFO [main][PostProcessorRegistrationDelegate.java:330] - Bean 'org.springframework.transaction.annotation.ProxyTransactionManagementConfiguration' of type [org.springframework.transaction.annotation.ProxyTransactionManagementConfiguration$$EnhancerBySpringCGLIB$$6c719efa] is not eligible for getting processed by all BeanPostProcessors (for example: not eligible for auto-proxying)
2023-04-26 12:01:09,846 INFO [main][PostProcessorRegistrationDelegate.java:330] - Bean 'org.springframework.cloud.autoconfigure.ConfigurationPropertiesRebinderAutoConfiguration' of type [org.springframework.cloud.autoconfigure.ConfigurationPropertiesRebinderAutoConfiguration$$EnhancerBySpringCGLIB$$888ba1f7] is not eligible for getting processed by all BeanPostProcessors (for example: not eligible for auto-proxying)
2023-04-26 12:01:09,846 INFO [main][PostProcessorRegistrationDelegate.java:330] - Bean 'org.springframework.cloud.autoconfigure.ConfigurationPropertiesRebinderAutoConfiguration' of type [org.springframework.cloud.autoconfigure.ConfigurationPropertiesRebinderAutoConfiguration$$EnhancerBySpringCGLIB$$888ba1f7] is not eligible for getting processed by all BeanPostProcessors (for example: not eligible for auto-proxying)
2023-04-26 12:01:10,131 INFO [main][TomcatWebServer.java:90] - Tomcat initialized with port(s): 63050 (http)
2023-04-26 12:01:10,131 INFO [main][TomcatWebServer.java:90] - Tomcat initialized with port(s): 63050 (http)
2023-04-26 12:01:10,143 INFO [main][DirectJDKLog.java:173] - Initializing ProtocolHandler ["http-nio-63050"]
2023-04-26 12:01:10,143 INFO [main][DirectJDKLog.java:173] - Initializing ProtocolHandler ["http-nio-63050"]
2023-04-26 12:01:10,147 INFO [main][DirectJDKLog.java:173] - Starting service [Tomcat]
2023-04-26 12:01:10,147 INFO [main][DirectJDKLog.java:173] - Starting service [Tomcat]
2023-04-26 12:01:10,147 INFO [main][DirectJDKLog.java:173] - Starting Servlet Engine: Apache Tomcat/9.0.12
2023-04-26 12:01:10,147 INFO [main][DirectJDKLog.java:173] - Starting Servlet Engine: Apache Tomcat/9.0.12
2023-04-26 12:01:10,153 INFO [main][DirectJDKLog.java:173] - The APR based Apache Tomcat Native library which allows optimal performance in production environments was not found on the java.library.path: [D:\software\tools\Java\jdk8\bin;C:\WINDOWS\Sun\Java\bin;C:\WINDOWS\system32;C:\WINDOWS;C:\Program Files (x86)\Common Files\Oracle\Java\javapath;D:\software\tools\python\env\Scripts\;D:\software\tools\python\env\;D:\software\Vmware\bin\;C:\WINDOWS\system32;C:\WINDOWS;C:\WINDOWS\System32\Wbem;C:\WINDOWS\System32\WindowsPowerShell\v1.0\;C:\WINDOWS\System32\OpenSSH\;D:\software\Bandizip\;D:\software\tools\Java\jdk8\bin;D:\software\tools\Java\jdk8\jre\bin;D:\software\tools\apache-maven-3.8.6\bin;D:\software\Git\cmd;D:\software\mysql5.7\bin;D:\software\mysql8\bin;D:\software\Microsoft VS Code\bin;D:\software\tools\apache-jmeter-5.5\bin;D:\software\tools\Redis3;D:\software\tools\nodeJs\;C:\Users\hp\AppData\Local\Microsoft\WindowsApps;;D:\software\Microsoft VS Code\bin;C:\Users\hp\AppData\Roaming\npm;.]
2023-04-26 12:01:10,153 INFO [main][DirectJDKLog.java:173] - The APR based Apache Tomcat Native library which allows optimal performance in production environments was not found on the java.library.path: [D:\software\tools\Java\jdk8\bin;C:\WINDOWS\Sun\Java\bin;C:\WINDOWS\system32;C:\WINDOWS;C:\Program Files (x86)\Common Files\Oracle\Java\javapath;D:\software\tools\python\env\Scripts\;D:\software\tools\python\env\;D:\software\Vmware\bin\;C:\WINDOWS\system32;C:\WINDOWS;C:\WINDOWS\System32\Wbem;C:\WINDOWS\System32\WindowsPowerShell\v1.0\;C:\WINDOWS\System32\OpenSSH\;D:\software\Bandizip\;D:\software\tools\Java\jdk8\bin;D:\software\tools\Java\jdk8\jre\bin;D:\software\tools\apache-maven-3.8.6\bin;D:\software\Git\cmd;D:\software\mysql5.7\bin;D:\software\mysql8\bin;D:\software\Microsoft VS Code\bin;D:\software\tools\apache-jmeter-5.5\bin;D:\software\tools\Redis3;D:\software\tools\nodeJs\;C:\Users\hp\AppData\Local\Microsoft\WindowsApps;;D:\software\Microsoft VS Code\bin;C:\Users\hp\AppData\Roaming\npm;.]
2023-04-26 12:01:10,250 INFO [main][DirectJDKLog.java:173] - Initializing Spring embedded WebApplicationContext
2023-04-26 12:01:10,250 INFO [main][DirectJDKLog.java:173] - Initializing Spring embedded WebApplicationContext
2023-04-26 12:01:10,251 INFO [main][ServletWebServerApplicationContext.java:285] - Root WebApplicationContext: initialization completed in 1187 ms
2023-04-26 12:01:10,251 INFO [main][ServletWebServerApplicationContext.java:285] - Root WebApplicationContext: initialization completed in 1187 ms
2023-04-26 12:01:10,276 INFO [main][ServletRegistrationBean.java:186] - Servlet dispatcherServlet mapped to [/]
2023-04-26 12:01:10,276 INFO [main][ServletRegistrationBean.java:186] - Servlet dispatcherServlet mapped to [/]
2023-04-26 12:01:10,280 INFO [main][AbstractFilterRegistrationBean.java:248] - Mapping filter: 'characterEncodingFilter' to: [/*]
2023-04-26 12:01:10,280 INFO [main][AbstractFilterRegistrationBean.java:248] - Mapping filter: 'characterEncodingFilter' to: [/*]
2023-04-26 12:01:10,280 INFO [main][AbstractFilterRegistrationBean.java:248] - Mapping filter: 'hiddenHttpMethodFilter' to: [/*]
2023-04-26 12:01:10,280 INFO [main][AbstractFilterRegistrationBean.java:248] - Mapping filter: 'hiddenHttpMethodFilter' to: [/*]
2023-04-26 12:01:10,281 INFO [main][AbstractFilterRegistrationBean.java:248] - Mapping filter: 'formContentFilter' to: [/*]
2023-04-26 12:01:10,281 INFO [main][AbstractFilterRegistrationBean.java:248] - Mapping filter: 'formContentFilter' to: [/*]
2023-04-26 12:01:10,281 INFO [main][AbstractFilterRegistrationBean.java:248] - Mapping filter: 'requestContextFilter' to: [/*]
2023-04-26 12:01:10,281 INFO [main][AbstractFilterRegistrationBean.java:248] - Mapping filter: 'requestContextFilter' to: [/*]
2023-04-26 12:01:10,281 INFO [main][AbstractFilterRegistrationBean.java:248] - Mapping filter: 'corsFilter' to: [/*]
2023-04-26 12:01:10,281 INFO [main][AbstractFilterRegistrationBean.java:248] - Mapping filter: 'corsFilter' to: [/*]
2023-04-26 12:01:10,339 INFO [main][DruidDataSourceAutoConfigure.java:56] - Init DruidDataSource
2023-04-26 12:01:10,339 INFO [main][DruidDataSourceAutoConfigure.java:56] - Init DruidDataSource
2023-04-26 12:01:10,434 INFO [main][DruidDataSource.java:998] - {dataSource-1} inited
2023-04-26 12:01:10,434 INFO [main][DruidDataSource.java:998] - {dataSource-1} inited
2023-04-26 12:01:10,489 DEBUG [main][Logger.java:49] - Registered plugin: 'com.baomidou.mybatisplus.extension.plugins.MybatisPlusInterceptor@542f6803'
2023-04-26 12:01:10,489 DEBUG [main][Logger.java:49] - Registered plugin: 'com.baomidou.mybatisplus.extension.plugins.MybatisPlusInterceptor@542f6803'
2023-04-26 12:01:10,490 DEBUG [main][Logger.java:49] - Property 'mapperLocations' was not specified.
2023-04-26 12:01:10,490 DEBUG [main][Logger.java:49] - Property 'mapperLocations' was not specified.
2023-04-26 12:01:10,866 DEBUG [main][MybatisConfiguration.java:128] - addMappedStatement: com.x.media.mapper.MediaFilesMapper.insert
2023-04-26 12:01:10,866 DEBUG [main][MybatisConfiguration.java:128] - addMappedStatement: com.x.media.mapper.MediaFilesMapper.insert
2023-04-26 12:01:10,871 DEBUG [main][MybatisConfiguration.java:128] - addMappedStatement: com.x.media.mapper.MediaFilesMapper.delete
2023-04-26 12:01:10,871 DEBUG [main][MybatisConfiguration.java:128] - addMappedStatement: com.x.media.mapper.MediaFilesMapper.delete
2023-04-26 12:01:10,873 DEBUG [main][MybatisConfiguration.java:128] - addMappedStatement: com.x.media.mapper.MediaFilesMapper.deleteByMap
2023-04-26 12:01:10,873 DEBUG [main][MybatisConfiguration.java:128] - addMappedStatement: com.x.media.mapper.MediaFilesMapper.deleteByMap
2023-04-26 12:01:10,890 DEBUG [main][MybatisConfiguration.java:128] - addMappedStatement: com.x.media.mapper.MediaFilesMapper.deleteById
2023-04-26 12:01:10,890 DEBUG [main][MybatisConfiguration.java:128] - addMappedStatement: com.x.media.mapper.MediaFilesMapper.deleteById
2023-04-26 12:01:10,892 DEBUG [main][MybatisConfiguration.java:128] - addMappedStatement: com.x.media.mapper.MediaFilesMapper.deleteBatchIds
2023-04-26 12:01:10,892 DEBUG [main][MybatisConfiguration.java:128] - addMappedStatement: com.x.media.mapper.MediaFilesMapper.deleteBatchIds
2023-04-26 12:01:10,896 DEBUG [main][MybatisConfiguration.java:128] - addMappedStatement: com.x.media.mapper.MediaFilesMapper.update
2023-04-26 12:01:10,896 DEBUG [main][MybatisConfiguration.java:128] - addMappedStatement: com.x.media.mapper.MediaFilesMapper.update
2023-04-26 12:01:10,897 DEBUG [main][MybatisConfiguration.java:128] - addMappedStatement: com.x.media.mapper.MediaFilesMapper.updateById
2023-04-26 12:01:10,897 DEBUG [main][MybatisConfiguration.java:128] - addMappedStatement: com.x.media.mapper.MediaFilesMapper.updateById
2023-04-26 12:01:10,899 DEBUG [main][MybatisConfiguration.java:128] - addMappedStatement: com.x.media.mapper.MediaFilesMapper.selectById
2023-04-26 12:01:10,899 DEBUG [main][MybatisConfiguration.java:128] - addMappedStatement: com.x.media.mapper.MediaFilesMapper.selectById
2023-04-26 12:01:10,900 DEBUG [main][MybatisConfiguration.java:128] - addMappedStatement: com.x.media.mapper.MediaFilesMapper.selectBatchIds
2023-04-26 12:01:10,900 DEBUG [main][MybatisConfiguration.java:128] - addMappedStatement: com.x.media.mapper.MediaFilesMapper.selectBatchIds
2023-04-26 12:01:10,901 DEBUG [main][MybatisConfiguration.java:128] - addMappedStatement: com.x.media.mapper.MediaFilesMapper.selectByMap
2023-04-26 12:01:10,901 DEBUG [main][MybatisConfiguration.java:128] - addMappedStatement: com.x.media.mapper.MediaFilesMapper.selectByMap
2023-04-26 12:01:10,903 DEBUG [main][MybatisConfiguration.java:128] - addMappedStatement: com.x.media.mapper.MediaFilesMapper.selectOne
2023-04-26 12:01:10,903 DEBUG [main][MybatisConfiguration.java:128] - addMappedStatement: com.x.media.mapper.MediaFilesMapper.selectOne
2023-04-26 12:01:10,904 DEBUG [main][MybatisConfiguration.java:128] - addMappedStatement: com.x.media.mapper.MediaFilesMapper.selectCount
2023-04-26 12:01:10,904 DEBUG [main][MybatisConfiguration.java:128] - addMappedStatement: com.x.media.mapper.MediaFilesMapper.selectCount
2023-04-26 12:01:10,906 DEBUG [main][MybatisConfiguration.java:128] - addMappedStatement: com.x.media.mapper.MediaFilesMapper.selectMaps
2023-04-26 12:01:10,906 DEBUG [main][MybatisConfiguration.java:128] - addMappedStatement: com.x.media.mapper.MediaFilesMapper.selectMaps
2023-04-26 12:01:10,907 DEBUG [main][MybatisConfiguration.java:128] - addMappedStatement: com.x.media.mapper.MediaFilesMapper.selectMapsPage
2023-04-26 12:01:10,907 DEBUG [main][MybatisConfiguration.java:128] - addMappedStatement: com.x.media.mapper.MediaFilesMapper.selectMapsPage
2023-04-26 12:01:10,909 DEBUG [main][MybatisConfiguration.java:128] - addMappedStatement: com.x.media.mapper.MediaFilesMapper.selectObjs
2023-04-26 12:01:10,909 DEBUG [main][MybatisConfiguration.java:128] - addMappedStatement: com.x.media.mapper.MediaFilesMapper.selectObjs
2023-04-26 12:01:10,911 DEBUG [main][MybatisConfiguration.java:128] - addMappedStatement: com.x.media.mapper.MediaFilesMapper.selectList
2023-04-26 12:01:10,911 DEBUG [main][MybatisConfiguration.java:128] - addMappedStatement: com.x.media.mapper.MediaFilesMapper.selectList
2023-04-26 12:01:10,912 DEBUG [main][MybatisConfiguration.java:128] - addMappedStatement: com.x.media.mapper.MediaFilesMapper.selectPage
2023-04-26 12:01:10,912 DEBUG [main][MybatisConfiguration.java:128] - addMappedStatement: com.x.media.mapper.MediaFilesMapper.selectPage
2023-04-26 12:01:10,924 DEBUG [main][MybatisConfiguration.java:128] - addMappedStatement: com.x.media.mapper.MediaProcessMapper.insert
2023-04-26 12:01:10,924 DEBUG [main][MybatisConfiguration.java:128] - addMappedStatement: com.x.media.mapper.MediaProcessMapper.insert
2023-04-26 12:01:10,925 DEBUG [main][MybatisConfiguration.java:128] - addMappedStatement: com.x.media.mapper.MediaProcessMapper.delete
2023-04-26 12:01:10,925 DEBUG [main][MybatisConfiguration.java:128] - addMappedStatement: com.x.media.mapper.MediaProcessMapper.delete
2023-04-26 12:01:10,926 DEBUG [main][MybatisConfiguration.java:128] - addMappedStatement: com.x.media.mapper.MediaProcessMapper.deleteByMap
2023-04-26 12:01:10,926 DEBUG [main][MybatisConfiguration.java:128] - addMappedStatement: com.x.media.mapper.MediaProcessMapper.deleteByMap
2023-04-26 12:01:10,927 DEBUG [main][MybatisConfiguration.java:128] - addMappedStatement: com.x.media.mapper.MediaProcessMapper.deleteById
2023-04-26 12:01:10,927 DEBUG [main][MybatisConfiguration.java:128] - addMappedStatement: com.x.media.mapper.MediaProcessMapper.deleteById
2023-04-26 12:01:10,928 DEBUG [main][MybatisConfiguration.java:128] - addMappedStatement: com.x.media.mapper.MediaProcessMapper.deleteBatchIds
2023-04-26 12:01:10,928 DEBUG [main][MybatisConfiguration.java:128] - addMappedStatement: com.x.media.mapper.MediaProcessMapper.deleteBatchIds
2023-04-26 12:01:10,930 DEBUG [main][MybatisConfiguration.java:128] - addMappedStatement: com.x.media.mapper.MediaProcessMapper.update
2023-04-26 12:01:10,930 DEBUG [main][MybatisConfiguration.java:128] - addMappedStatement: com.x.media.mapper.MediaProcessMapper.update
2023-04-26 12:01:10,930 DEBUG [main][MybatisConfiguration.java:128] - addMappedStatement: com.x.media.mapper.MediaProcessMapper.updateById
2023-04-26 12:01:10,930 DEBUG [main][MybatisConfiguration.java:128] - addMappedStatement: com.x.media.mapper.MediaProcessMapper.updateById
2023-04-26 12:01:10,932 DEBUG [main][MybatisConfiguration.java:128] - addMappedStatement: com.x.media.mapper.MediaProcessMapper.selectById
2023-04-26 12:01:10,932 DEBUG [main][MybatisConfiguration.java:128] - addMappedStatement: com.x.media.mapper.MediaProcessMapper.selectById
2023-04-26 12:01:10,933 DEBUG [main][MybatisConfiguration.java:128] - addMappedStatement: com.x.media.mapper.MediaProcessMapper.selectBatchIds
2023-04-26 12:01:10,933 DEBUG [main][MybatisConfiguration.java:128] - addMappedStatement: com.x.media.mapper.MediaProcessMapper.selectBatchIds
2023-04-26 12:01:10,934 DEBUG [main][MybatisConfiguration.java:128] - addMappedStatement: com.x.media.mapper.MediaProcessMapper.selectByMap
2023-04-26 12:01:10,934 DEBUG [main][MybatisConfiguration.java:128] - addMappedStatement: com.x.media.mapper.MediaProcessMapper.selectByMap
2023-04-26 12:01:10,935 DEBUG [main][MybatisConfiguration.java:128] - addMappedStatement: com.x.media.mapper.MediaProcessMapper.selectOne
2023-04-26 12:01:10,935 DEBUG [main][MybatisConfiguration.java:128] - addMappedStatement: com.x.media.mapper.MediaProcessMapper.selectOne
2023-04-26 12:01:10,937 DEBUG [main][MybatisConfiguration.java:128] - addMappedStatement: com.x.media.mapper.MediaProcessMapper.selectCount
2023-04-26 12:01:10,937 DEBUG [main][MybatisConfiguration.java:128] - addMappedStatement: com.x.media.mapper.MediaProcessMapper.selectCount
2023-04-26 12:01:10,938 DEBUG [main][MybatisConfiguration.java:128] - addMappedStatement: com.x.media.mapper.MediaProcessMapper.selectMaps
2023-04-26 12:01:10,938 DEBUG [main][MybatisConfiguration.java:128] - addMappedStatement: com.x.media.mapper.MediaProcessMapper.selectMaps
2023-04-26 12:01:10,939 DEBUG [main][MybatisConfiguration.java:128] - addMappedStatement: com.x.media.mapper.MediaProcessMapper.selectMapsPage
2023-04-26 12:01:10,939 DEBUG [main][MybatisConfiguration.java:128] - addMappedStatement: com.x.media.mapper.MediaProcessMapper.selectMapsPage
2023-04-26 12:01:10,941 DEBUG [main][MybatisConfiguration.java:128] - addMappedStatement: com.x.media.mapper.MediaProcessMapper.selectObjs
2023-04-26 12:01:10,941 DEBUG [main][MybatisConfiguration.java:128] - addMappedStatement: com.x.media.mapper.MediaProcessMapper.selectObjs
2023-04-26 12:01:10,943 DEBUG [main][MybatisConfiguration.java:128] - addMappedStatement: com.x.media.mapper.MediaProcessMapper.selectList
2023-04-26 12:01:10,943 DEBUG [main][MybatisConfiguration.java:128] - addMappedStatement: com.x.media.mapper.MediaProcessMapper.selectList
2023-04-26 12:01:10,944 DEBUG [main][MybatisConfiguration.java:128] - addMappedStatement: com.x.media.mapper.MediaProcessMapper.selectPage
2023-04-26 12:01:10,944 DEBUG [main][MybatisConfiguration.java:128] - addMappedStatement: com.x.media.mapper.MediaProcessMapper.selectPage
2023-04-26 12:01:10,990 WARN [main][AbstractApplicationContext.java:554] - Exception encountered during context initialization - cancelling refresh attempt: org.springframework.beans.factory.UnsatisfiedDependencyException: Error creating bean with name 'mediaFilesController' defined in file [E:\z-model\spring-cloud\spring-cloud\spring-cloud-media\spring-cloud-media-api\target\classes\com\x\media\api\MediaFilesController.class]: Unsatisfied dependency expressed through constructor parameter 0; nested exception is org.springframework.beans.factory.UnsatisfiedDependencyException: Error creating bean with name 'mediaFileServiceImpl' defined in file [E:\z-model\spring-cloud\spring-cloud\spring-cloud-media\spring-cloud-media-service\target\classes\com\x\media\service\impl\MediaFileServiceImpl.class]: Unsatisfied dependency expressed through constructor parameter 2; nested exception is org.springframework.beans.factory.BeanCreationException: Error creating bean with name 'minioClient' defined in class path resource [com/x/media/config/MinioConfig.class]: Bean instantiation via factory method failed; nested exception is org.springframework.beans.BeanInstantiationException: Failed to instantiate [io.minio.MinioClient]: Factory method 'minioClient' threw exception; nested exception is java.lang.ExceptionInInitializerError
2023-04-26 12:01:10,990 WARN [main][AbstractApplicationContext.java:554] - Exception encountered during context initialization - cancelling refresh attempt: org.springframework.beans.factory.UnsatisfiedDependencyException: Error creating bean with name 'mediaFilesController' defined in file [E:\z-model\spring-cloud\spring-cloud\spring-cloud-media\spring-cloud-media-api\target\classes\com\x\media\api\MediaFilesController.class]: Unsatisfied dependency expressed through constructor parameter 0; nested exception is org.springframework.beans.factory.UnsatisfiedDependencyException: Error creating bean with name 'mediaFileServiceImpl' defined in file [E:\z-model\spring-cloud\spring-cloud\spring-cloud-media\spring-cloud-media-service\target\classes\com\x\media\service\impl\MediaFileServiceImpl.class]: Unsatisfied dependency expressed through constructor parameter 2; nested exception is org.springframework.beans.factory.BeanCreationException: Error creating bean with name 'minioClient' defined in class path resource [com/x/media/config/MinioConfig.class]: Bean instantiation via factory method failed; nested exception is org.springframework.beans.BeanInstantiationException: Failed to instantiate [io.minio.MinioClient]: Factory method 'minioClient' threw exception; nested exception is java.lang.ExceptionInInitializerError
2023-04-26 12:01:10,990 INFO [main][DruidDataSource.java:2071] - {dataSource-1} closing ...
2023-04-26 12:01:10,990 INFO [main][DruidDataSource.java:2071] - {dataSource-1} closing ...
2023-04-26 12:01:10,991 INFO [main][DruidDataSource.java:2144] - {dataSource-1} closed
2023-04-26 12:01:10,991 INFO [main][DruidDataSource.java:2144] - {dataSource-1} closed
2023-04-26 12:01:10,992 INFO [main][DirectJDKLog.java:173] - Stopping service [Tomcat]
2023-04-26 12:01:10,992 INFO [main][DirectJDKLog.java:173] - Stopping service [Tomcat]
2023-04-26 12:01:11,000 INFO [main][ConditionEvaluationReportLoggingListener.java:142] - 

Error starting ApplicationContext. To display the conditions report re-run your application with 'debug' enabled.
2023-04-26 12:01:11,000 INFO [main][ConditionEvaluationReportLoggingListener.java:142] - 

Error starting ApplicationContext. To display the conditions report re-run your application with 'debug' enabled.
2023-04-26 12:01:11,009 ERROR [main][LoggingFailureAnalysisReporter.java:42] - 

***************************
APPLICATION FAILED TO START
***************************

Description:

An attempt was made to call the method kotlin.collections.ArraysKt.copyInto([B[BIII)[B but it does not exist. Its class, kotlin.collections.ArraysKt, is available from the following locations:

    jar:file:/D:/respository/org/jetbrains/kotlin/kotlin-stdlib/1.2.71/kotlin-stdlib-1.2.71.jar!/kotlin/collections/ArraysKt.class

It was loaded from the following location:

    file:/D:/respository/org/jetbrains/kotlin/kotlin-stdlib/1.2.71/kotlin-stdlib-1.2.71.jar


Action:

Correct the classpath of your application so that it contains a single, compatible version of kotlin.collections.ArraysKt

2023-04-26 12:01:11,009 ERROR [main][LoggingFailureAnalysisReporter.java:42] - 

***************************
APPLICATION FAILED TO START
***************************

Description:

An attempt was made to call the method kotlin.collections.ArraysKt.copyInto([B[BIII)[B but it does not exist. Its class, kotlin.collections.ArraysKt, is available from the following locations:

    jar:file:/D:/respository/org/jetbrains/kotlin/kotlin-stdlib/1.2.71/kotlin-stdlib-1.2.71.jar!/kotlin/collections/ArraysKt.class

It was loaded from the following location:

    file:/D:/respository/org/jetbrains/kotlin/kotlin-stdlib/1.2.71/kotlin-stdlib-1.2.71.jar


Action:

Correct the classpath of your application so that it contains a single, compatible version of kotlin.collections.ArraysKt

2023-04-26 12:01:55,874 INFO [main][SpringApplication.java:679] - The following profiles are active: dev
2023-04-26 12:01:55,874 INFO [main][SpringApplication.java:679] - The following profiles are active: dev
2023-04-26 12:01:56,395 DEBUG [main][LogFactory.java:105] - Logging initialized using 'class org.apache.ibatis.logging.slf4j.Slf4jImpl' adapter.
2023-04-26 12:01:56,395 DEBUG [main][LogFactory.java:105] - Logging initialized using 'class org.apache.ibatis.logging.slf4j.Slf4jImpl' adapter.
2023-04-26 12:01:56,450 INFO [main][GenericScope.java:294] - BeanFactory id=8581dc16-4e05-3a88-a35a-505d57f8acf2
2023-04-26 12:01:56,450 INFO [main][GenericScope.java:294] - BeanFactory id=8581dc16-4e05-3a88-a35a-505d57f8acf2
2023-04-26 12:01:56,486 INFO [main][PostProcessorRegistrationDelegate.java:330] - Bean 'org.springframework.transaction.annotation.ProxyTransactionManagementConfiguration' of type [org.springframework.transaction.annotation.ProxyTransactionManagementConfiguration$$EnhancerBySpringCGLIB$$69faa84f] is not eligible for getting processed by all BeanPostProcessors (for example: not eligible for auto-proxying)
2023-04-26 12:01:56,486 INFO [main][PostProcessorRegistrationDelegate.java:330] - Bean 'org.springframework.transaction.annotation.ProxyTransactionManagementConfiguration' of type [org.springframework.transaction.annotation.ProxyTransactionManagementConfiguration$$EnhancerBySpringCGLIB$$69faa84f] is not eligible for getting processed by all BeanPostProcessors (for example: not eligible for auto-proxying)
2023-04-26 12:01:56,498 INFO [main][PostProcessorRegistrationDelegate.java:330] - Bean 'org.springframework.cloud.autoconfigure.ConfigurationPropertiesRebinderAutoConfiguration' of type [org.springframework.cloud.autoconfigure.ConfigurationPropertiesRebinderAutoConfiguration$$EnhancerBySpringCGLIB$$8614ab4c] is not eligible for getting processed by all BeanPostProcessors (for example: not eligible for auto-proxying)
2023-04-26 12:01:56,498 INFO [main][PostProcessorRegistrationDelegate.java:330] - Bean 'org.springframework.cloud.autoconfigure.ConfigurationPropertiesRebinderAutoConfiguration' of type [org.springframework.cloud.autoconfigure.ConfigurationPropertiesRebinderAutoConfiguration$$EnhancerBySpringCGLIB$$8614ab4c] is not eligible for getting processed by all BeanPostProcessors (for example: not eligible for auto-proxying)
2023-04-26 12:01:56,736 INFO [main][TomcatWebServer.java:90] - Tomcat initialized with port(s): 63050 (http)
2023-04-26 12:01:56,736 INFO [main][TomcatWebServer.java:90] - Tomcat initialized with port(s): 63050 (http)
2023-04-26 12:01:56,744 INFO [main][DirectJDKLog.java:173] - Initializing ProtocolHandler ["http-nio-63050"]
2023-04-26 12:01:56,744 INFO [main][DirectJDKLog.java:173] - Initializing ProtocolHandler ["http-nio-63050"]
2023-04-26 12:01:56,748 INFO [main][DirectJDKLog.java:173] - Starting service [Tomcat]
2023-04-26 12:01:56,748 INFO [main][DirectJDKLog.java:173] - Starting service [Tomcat]
2023-04-26 12:01:56,749 INFO [main][DirectJDKLog.java:173] - Starting Servlet Engine: Apache Tomcat/9.0.12
2023-04-26 12:01:56,749 INFO [main][DirectJDKLog.java:173] - Starting Servlet Engine: Apache Tomcat/9.0.12
2023-04-26 12:01:56,755 INFO [main][DirectJDKLog.java:173] - The APR based Apache Tomcat Native library which allows optimal performance in production environments was not found on the java.library.path: [D:\software\tools\Java\jdk8\bin;C:\WINDOWS\Sun\Java\bin;C:\WINDOWS\system32;C:\WINDOWS;C:\Program Files (x86)\Common Files\Oracle\Java\javapath;D:\software\tools\python\env\Scripts\;D:\software\tools\python\env\;D:\software\Vmware\bin\;C:\WINDOWS\system32;C:\WINDOWS;C:\WINDOWS\System32\Wbem;C:\WINDOWS\System32\WindowsPowerShell\v1.0\;C:\WINDOWS\System32\OpenSSH\;D:\software\Bandizip\;D:\software\tools\Java\jdk8\bin;D:\software\tools\Java\jdk8\jre\bin;D:\software\tools\apache-maven-3.8.6\bin;D:\software\Git\cmd;D:\software\mysql5.7\bin;D:\software\mysql8\bin;D:\software\Microsoft VS Code\bin;D:\software\tools\apache-jmeter-5.5\bin;D:\software\tools\Redis3;D:\software\tools\nodeJs\;C:\Users\hp\AppData\Local\Microsoft\WindowsApps;;D:\software\Microsoft VS Code\bin;C:\Users\hp\AppData\Roaming\npm;.]
2023-04-26 12:01:56,755 INFO [main][DirectJDKLog.java:173] - The APR based Apache Tomcat Native library which allows optimal performance in production environments was not found on the java.library.path: [D:\software\tools\Java\jdk8\bin;C:\WINDOWS\Sun\Java\bin;C:\WINDOWS\system32;C:\WINDOWS;C:\Program Files (x86)\Common Files\Oracle\Java\javapath;D:\software\tools\python\env\Scripts\;D:\software\tools\python\env\;D:\software\Vmware\bin\;C:\WINDOWS\system32;C:\WINDOWS;C:\WINDOWS\System32\Wbem;C:\WINDOWS\System32\WindowsPowerShell\v1.0\;C:\WINDOWS\System32\OpenSSH\;D:\software\Bandizip\;D:\software\tools\Java\jdk8\bin;D:\software\tools\Java\jdk8\jre\bin;D:\software\tools\apache-maven-3.8.6\bin;D:\software\Git\cmd;D:\software\mysql5.7\bin;D:\software\mysql8\bin;D:\software\Microsoft VS Code\bin;D:\software\tools\apache-jmeter-5.5\bin;D:\software\tools\Redis3;D:\software\tools\nodeJs\;C:\Users\hp\AppData\Local\Microsoft\WindowsApps;;D:\software\Microsoft VS Code\bin;C:\Users\hp\AppData\Roaming\npm;.]
2023-04-26 12:01:56,851 INFO [main][DirectJDKLog.java:173] - Initializing Spring embedded WebApplicationContext
2023-04-26 12:01:56,851 INFO [main][DirectJDKLog.java:173] - Initializing Spring embedded WebApplicationContext
2023-04-26 12:01:56,851 INFO [main][ServletWebServerApplicationContext.java:285] - Root WebApplicationContext: initialization completed in 970 ms
2023-04-26 12:01:56,851 INFO [main][ServletWebServerApplicationContext.java:285] - Root WebApplicationContext: initialization completed in 970 ms
2023-04-26 12:01:56,872 INFO [main][ServletRegistrationBean.java:186] - Servlet dispatcherServlet mapped to [/]
2023-04-26 12:01:56,872 INFO [main][ServletRegistrationBean.java:186] - Servlet dispatcherServlet mapped to [/]
2023-04-26 12:01:56,875 INFO [main][AbstractFilterRegistrationBean.java:248] - Mapping filter: 'characterEncodingFilter' to: [/*]
2023-04-26 12:01:56,875 INFO [main][AbstractFilterRegistrationBean.java:248] - Mapping filter: 'characterEncodingFilter' to: [/*]
2023-04-26 12:01:56,876 INFO [main][AbstractFilterRegistrationBean.java:248] - Mapping filter: 'hiddenHttpMethodFilter' to: [/*]
2023-04-26 12:01:56,876 INFO [main][AbstractFilterRegistrationBean.java:248] - Mapping filter: 'hiddenHttpMethodFilter' to: [/*]
2023-04-26 12:01:56,876 INFO [main][AbstractFilterRegistrationBean.java:248] - Mapping filter: 'formContentFilter' to: [/*]
2023-04-26 12:01:56,876 INFO [main][AbstractFilterRegistrationBean.java:248] - Mapping filter: 'formContentFilter' to: [/*]
2023-04-26 12:01:56,876 INFO [main][AbstractFilterRegistrationBean.java:248] - Mapping filter: 'requestContextFilter' to: [/*]
2023-04-26 12:01:56,876 INFO [main][AbstractFilterRegistrationBean.java:248] - Mapping filter: 'requestContextFilter' to: [/*]
2023-04-26 12:01:56,876 INFO [main][AbstractFilterRegistrationBean.java:248] - Mapping filter: 'corsFilter' to: [/*]
2023-04-26 12:01:56,876 INFO [main][AbstractFilterRegistrationBean.java:248] - Mapping filter: 'corsFilter' to: [/*]
2023-04-26 12:01:56,922 INFO [main][DruidDataSourceAutoConfigure.java:56] - Init DruidDataSource
2023-04-26 12:01:56,922 INFO [main][DruidDataSourceAutoConfigure.java:56] - Init DruidDataSource
2023-04-26 12:01:56,986 INFO [main][DruidDataSource.java:998] - {dataSource-1} inited
2023-04-26 12:01:56,986 INFO [main][DruidDataSource.java:998] - {dataSource-1} inited
2023-04-26 12:01:57,032 DEBUG [main][Logger.java:49] - Registered plugin: 'com.baomidou.mybatisplus.extension.plugins.MybatisPlusInterceptor@20a7953c'
2023-04-26 12:01:57,032 DEBUG [main][Logger.java:49] - Registered plugin: 'com.baomidou.mybatisplus.extension.plugins.MybatisPlusInterceptor@20a7953c'
2023-04-26 12:01:57,033 DEBUG [main][Logger.java:49] - Property 'mapperLocations' was not specified.
2023-04-26 12:01:57,033 DEBUG [main][Logger.java:49] - Property 'mapperLocations' was not specified.
2023-04-26 12:01:57,395 DEBUG [main][MybatisConfiguration.java:128] - addMappedStatement: com.x.media.mapper.MediaFilesMapper.insert
2023-04-26 12:01:57,395 DEBUG [main][MybatisConfiguration.java:128] - addMappedStatement: com.x.media.mapper.MediaFilesMapper.insert
2023-04-26 12:01:57,399 DEBUG [main][MybatisConfiguration.java:128] - addMappedStatement: com.x.media.mapper.MediaFilesMapper.delete
2023-04-26 12:01:57,399 DEBUG [main][MybatisConfiguration.java:128] - addMappedStatement: com.x.media.mapper.MediaFilesMapper.delete
2023-04-26 12:01:57,401 DEBUG [main][MybatisConfiguration.java:128] - addMappedStatement: com.x.media.mapper.MediaFilesMapper.deleteByMap
2023-04-26 12:01:57,401 DEBUG [main][MybatisConfiguration.java:128] - addMappedStatement: com.x.media.mapper.MediaFilesMapper.deleteByMap
2023-04-26 12:01:57,414 DEBUG [main][MybatisConfiguration.java:128] - addMappedStatement: com.x.media.mapper.MediaFilesMapper.deleteById
2023-04-26 12:01:57,414 DEBUG [main][MybatisConfiguration.java:128] - addMappedStatement: com.x.media.mapper.MediaFilesMapper.deleteById
2023-04-26 12:01:57,416 DEBUG [main][MybatisConfiguration.java:128] - addMappedStatement: com.x.media.mapper.MediaFilesMapper.deleteBatchIds
2023-04-26 12:01:57,416 DEBUG [main][MybatisConfiguration.java:128] - addMappedStatement: com.x.media.mapper.MediaFilesMapper.deleteBatchIds
2023-04-26 12:01:57,419 DEBUG [main][MybatisConfiguration.java:128] - addMappedStatement: com.x.media.mapper.MediaFilesMapper.update
2023-04-26 12:01:57,419 DEBUG [main][MybatisConfiguration.java:128] - addMappedStatement: com.x.media.mapper.MediaFilesMapper.update
2023-04-26 12:01:57,422 DEBUG [main][MybatisConfiguration.java:128] - addMappedStatement: com.x.media.mapper.MediaFilesMapper.updateById
2023-04-26 12:01:57,422 DEBUG [main][MybatisConfiguration.java:128] - addMappedStatement: com.x.media.mapper.MediaFilesMapper.updateById
2023-04-26 12:01:57,423 DEBUG [main][MybatisConfiguration.java:128] - addMappedStatement: com.x.media.mapper.MediaFilesMapper.selectById
2023-04-26 12:01:57,423 DEBUG [main][MybatisConfiguration.java:128] - addMappedStatement: com.x.media.mapper.MediaFilesMapper.selectById
2023-04-26 12:01:57,424 DEBUG [main][MybatisConfiguration.java:128] - addMappedStatement: com.x.media.mapper.MediaFilesMapper.selectBatchIds
2023-04-26 12:01:57,424 DEBUG [main][MybatisConfiguration.java:128] - addMappedStatement: com.x.media.mapper.MediaFilesMapper.selectBatchIds
2023-04-26 12:01:57,425 DEBUG [main][MybatisConfiguration.java:128] - addMappedStatement: com.x.media.mapper.MediaFilesMapper.selectByMap
2023-04-26 12:01:57,425 DEBUG [main][MybatisConfiguration.java:128] - addMappedStatement: com.x.media.mapper.MediaFilesMapper.selectByMap
2023-04-26 12:01:57,427 DEBUG [main][MybatisConfiguration.java:128] - addMappedStatement: com.x.media.mapper.MediaFilesMapper.selectOne
2023-04-26 12:01:57,427 DEBUG [main][MybatisConfiguration.java:128] - addMappedStatement: com.x.media.mapper.MediaFilesMapper.selectOne
2023-04-26 12:01:57,429 DEBUG [main][MybatisConfiguration.java:128] - addMappedStatement: com.x.media.mapper.MediaFilesMapper.selectCount
2023-04-26 12:01:57,429 DEBUG [main][MybatisConfiguration.java:128] - addMappedStatement: com.x.media.mapper.MediaFilesMapper.selectCount
2023-04-26 12:01:57,430 DEBUG [main][MybatisConfiguration.java:128] - addMappedStatement: com.x.media.mapper.MediaFilesMapper.selectMaps
2023-04-26 12:01:57,430 DEBUG [main][MybatisConfiguration.java:128] - addMappedStatement: com.x.media.mapper.MediaFilesMapper.selectMaps
2023-04-26 12:01:57,432 DEBUG [main][MybatisConfiguration.java:128] - addMappedStatement: com.x.media.mapper.MediaFilesMapper.selectMapsPage
2023-04-26 12:01:57,432 DEBUG [main][MybatisConfiguration.java:128] - addMappedStatement: com.x.media.mapper.MediaFilesMapper.selectMapsPage
2023-04-26 12:01:57,433 DEBUG [main][MybatisConfiguration.java:128] - addMappedStatement: com.x.media.mapper.MediaFilesMapper.selectObjs
2023-04-26 12:01:57,433 DEBUG [main][MybatisConfiguration.java:128] - addMappedStatement: com.x.media.mapper.MediaFilesMapper.selectObjs
2023-04-26 12:01:57,434 DEBUG [main][MybatisConfiguration.java:128] - addMappedStatement: com.x.media.mapper.MediaFilesMapper.selectList
2023-04-26 12:01:57,434 DEBUG [main][MybatisConfiguration.java:128] - addMappedStatement: com.x.media.mapper.MediaFilesMapper.selectList
2023-04-26 12:01:57,437 DEBUG [main][MybatisConfiguration.java:128] - addMappedStatement: com.x.media.mapper.MediaFilesMapper.selectPage
2023-04-26 12:01:57,437 DEBUG [main][MybatisConfiguration.java:128] - addMappedStatement: com.x.media.mapper.MediaFilesMapper.selectPage
2023-04-26 12:01:57,446 DEBUG [main][MybatisConfiguration.java:128] - addMappedStatement: com.x.media.mapper.MediaProcessMapper.insert
2023-04-26 12:01:57,446 DEBUG [main][MybatisConfiguration.java:128] - addMappedStatement: com.x.media.mapper.MediaProcessMapper.insert
2023-04-26 12:01:57,449 DEBUG [main][MybatisConfiguration.java:128] - addMappedStatement: com.x.media.mapper.MediaProcessMapper.delete
2023-04-26 12:01:57,449 DEBUG [main][MybatisConfiguration.java:128] - addMappedStatement: com.x.media.mapper.MediaProcessMapper.delete
2023-04-26 12:01:57,449 DEBUG [main][MybatisConfiguration.java:128] - addMappedStatement: com.x.media.mapper.MediaProcessMapper.deleteByMap
2023-04-26 12:01:57,449 DEBUG [main][MybatisConfiguration.java:128] - addMappedStatement: com.x.media.mapper.MediaProcessMapper.deleteByMap
2023-04-26 12:01:57,450 DEBUG [main][MybatisConfiguration.java:128] - addMappedStatement: com.x.media.mapper.MediaProcessMapper.deleteById
2023-04-26 12:01:57,450 DEBUG [main][MybatisConfiguration.java:128] - addMappedStatement: com.x.media.mapper.MediaProcessMapper.deleteById
2023-04-26 12:01:57,451 DEBUG [main][MybatisConfiguration.java:128] - addMappedStatement: com.x.media.mapper.MediaProcessMapper.deleteBatchIds
2023-04-26 12:01:57,451 DEBUG [main][MybatisConfiguration.java:128] - addMappedStatement: com.x.media.mapper.MediaProcessMapper.deleteBatchIds
2023-04-26 12:01:57,453 DEBUG [main][MybatisConfiguration.java:128] - addMappedStatement: com.x.media.mapper.MediaProcessMapper.update
2023-04-26 12:01:57,453 DEBUG [main][MybatisConfiguration.java:128] - addMappedStatement: com.x.media.mapper.MediaProcessMapper.update
2023-04-26 12:01:57,454 DEBUG [main][MybatisConfiguration.java:128] - addMappedStatement: com.x.media.mapper.MediaProcessMapper.updateById
2023-04-26 12:01:57,454 DEBUG [main][MybatisConfiguration.java:128] - addMappedStatement: com.x.media.mapper.MediaProcessMapper.updateById
2023-04-26 12:01:57,454 DEBUG [main][MybatisConfiguration.java:128] - addMappedStatement: com.x.media.mapper.MediaProcessMapper.selectById
2023-04-26 12:01:57,454 DEBUG [main][MybatisConfiguration.java:128] - addMappedStatement: com.x.media.mapper.MediaProcessMapper.selectById
2023-04-26 12:01:57,455 DEBUG [main][MybatisConfiguration.java:128] - addMappedStatement: com.x.media.mapper.MediaProcessMapper.selectBatchIds
2023-04-26 12:01:57,455 DEBUG [main][MybatisConfiguration.java:128] - addMappedStatement: com.x.media.mapper.MediaProcessMapper.selectBatchIds
2023-04-26 12:01:57,456 DEBUG [main][MybatisConfiguration.java:128] - addMappedStatement: com.x.media.mapper.MediaProcessMapper.selectByMap
2023-04-26 12:01:57,456 DEBUG [main][MybatisConfiguration.java:128] - addMappedStatement: com.x.media.mapper.MediaProcessMapper.selectByMap
2023-04-26 12:01:57,458 DEBUG [main][MybatisConfiguration.java:128] - addMappedStatement: com.x.media.mapper.MediaProcessMapper.selectOne
2023-04-26 12:01:57,458 DEBUG [main][MybatisConfiguration.java:128] - addMappedStatement: com.x.media.mapper.MediaProcessMapper.selectOne
2023-04-26 12:01:57,459 DEBUG [main][MybatisConfiguration.java:128] - addMappedStatement: com.x.media.mapper.MediaProcessMapper.selectCount
2023-04-26 12:01:57,459 DEBUG [main][MybatisConfiguration.java:128] - addMappedStatement: com.x.media.mapper.MediaProcessMapper.selectCount
2023-04-26 12:01:57,461 DEBUG [main][MybatisConfiguration.java:128] - addMappedStatement: com.x.media.mapper.MediaProcessMapper.selectMaps
2023-04-26 12:01:57,461 DEBUG [main][MybatisConfiguration.java:128] - addMappedStatement: com.x.media.mapper.MediaProcessMapper.selectMaps
2023-04-26 12:01:57,462 DEBUG [main][MybatisConfiguration.java:128] - addMappedStatement: com.x.media.mapper.MediaProcessMapper.selectMapsPage
2023-04-26 12:01:57,462 DEBUG [main][MybatisConfiguration.java:128] - addMappedStatement: com.x.media.mapper.MediaProcessMapper.selectMapsPage
2023-04-26 12:01:57,463 DEBUG [main][MybatisConfiguration.java:128] - addMappedStatement: com.x.media.mapper.MediaProcessMapper.selectObjs
2023-04-26 12:01:57,463 DEBUG [main][MybatisConfiguration.java:128] - addMappedStatement: com.x.media.mapper.MediaProcessMapper.selectObjs
2023-04-26 12:01:57,465 DEBUG [main][MybatisConfiguration.java:128] - addMappedStatement: com.x.media.mapper.MediaProcessMapper.selectList
2023-04-26 12:01:57,465 DEBUG [main][MybatisConfiguration.java:128] - addMappedStatement: com.x.media.mapper.MediaProcessMapper.selectList
2023-04-26 12:01:57,466 DEBUG [main][MybatisConfiguration.java:128] - addMappedStatement: com.x.media.mapper.MediaProcessMapper.selectPage
2023-04-26 12:01:57,466 DEBUG [main][MybatisConfiguration.java:128] - addMappedStatement: com.x.media.mapper.MediaProcessMapper.selectPage
2023-04-26 12:01:57,501 WARN [main][AbstractApplicationContext.java:554] - Exception encountered during context initialization - cancelling refresh attempt: org.springframework.beans.factory.UnsatisfiedDependencyException: Error creating bean with name 'mediaFilesController' defined in file [E:\z-model\spring-cloud\spring-cloud\spring-cloud-media\spring-cloud-media-api\target\classes\com\x\media\api\MediaFilesController.class]: Unsatisfied dependency expressed through constructor parameter 0; nested exception is org.springframework.beans.factory.UnsatisfiedDependencyException: Error creating bean with name 'mediaFileServiceImpl' defined in file [E:\z-model\spring-cloud\spring-cloud\spring-cloud-media\spring-cloud-media-service\target\classes\com\x\media\service\impl\MediaFileServiceImpl.class]: Unsatisfied dependency expressed through constructor parameter 2; nested exception is org.springframework.beans.factory.BeanCreationException: Error creating bean with name 'minioClient' defined in class path resource [com/x/media/config/MinioConfig.class]: Bean instantiation via factory method failed; nested exception is org.springframework.beans.BeanInstantiationException: Failed to instantiate [io.minio.MinioClient]: Factory method 'minioClient' threw exception; nested exception is java.lang.ExceptionInInitializerError
2023-04-26 12:01:57,501 WARN [main][AbstractApplicationContext.java:554] - Exception encountered during context initialization - cancelling refresh attempt: org.springframework.beans.factory.UnsatisfiedDependencyException: Error creating bean with name 'mediaFilesController' defined in file [E:\z-model\spring-cloud\spring-cloud\spring-cloud-media\spring-cloud-media-api\target\classes\com\x\media\api\MediaFilesController.class]: Unsatisfied dependency expressed through constructor parameter 0; nested exception is org.springframework.beans.factory.UnsatisfiedDependencyException: Error creating bean with name 'mediaFileServiceImpl' defined in file [E:\z-model\spring-cloud\spring-cloud\spring-cloud-media\spring-cloud-media-service\target\classes\com\x\media\service\impl\MediaFileServiceImpl.class]: Unsatisfied dependency expressed through constructor parameter 2; nested exception is org.springframework.beans.factory.BeanCreationException: Error creating bean with name 'minioClient' defined in class path resource [com/x/media/config/MinioConfig.class]: Bean instantiation via factory method failed; nested exception is org.springframework.beans.BeanInstantiationException: Failed to instantiate [io.minio.MinioClient]: Factory method 'minioClient' threw exception; nested exception is java.lang.ExceptionInInitializerError
2023-04-26 12:01:57,501 INFO [main][DruidDataSource.java:2071] - {dataSource-1} closing ...
2023-04-26 12:01:57,501 INFO [main][DruidDataSource.java:2071] - {dataSource-1} closing ...
2023-04-26 12:01:57,501 INFO [main][DruidDataSource.java:2144] - {dataSource-1} closed
2023-04-26 12:01:57,501 INFO [main][DruidDataSource.java:2144] - {dataSource-1} closed
2023-04-26 12:01:57,502 INFO [main][DirectJDKLog.java:173] - Stopping service [Tomcat]
2023-04-26 12:01:57,502 INFO [main][DirectJDKLog.java:173] - Stopping service [Tomcat]
2023-04-26 12:01:57,510 INFO [main][ConditionEvaluationReportLoggingListener.java:142] - 

Error starting ApplicationContext. To display the conditions report re-run your application with 'debug' enabled.
2023-04-26 12:01:57,510 INFO [main][ConditionEvaluationReportLoggingListener.java:142] - 

Error starting ApplicationContext. To display the conditions report re-run your application with 'debug' enabled.
2023-04-26 12:01:57,515 ERROR [main][LoggingFailureAnalysisReporter.java:42] - 

***************************
APPLICATION FAILED TO START
***************************

Description:

An attempt was made to call the method kotlin.collections.ArraysKt.copyInto([B[BIII)[B but it does not exist. Its class, kotlin.collections.ArraysKt, is available from the following locations:

    jar:file:/D:/respository/org/jetbrains/kotlin/kotlin-stdlib/1.2.71/kotlin-stdlib-1.2.71.jar!/kotlin/collections/ArraysKt.class

It was loaded from the following location:

    file:/D:/respository/org/jetbrains/kotlin/kotlin-stdlib/1.2.71/kotlin-stdlib-1.2.71.jar


Action:

Correct the classpath of your application so that it contains a single, compatible version of kotlin.collections.ArraysKt

2023-04-26 12:01:57,515 ERROR [main][LoggingFailureAnalysisReporter.java:42] - 

***************************
APPLICATION FAILED TO START
***************************

Description:

An attempt was made to call the method kotlin.collections.ArraysKt.copyInto([B[BIII)[B but it does not exist. Its class, kotlin.collections.ArraysKt, is available from the following locations:

    jar:file:/D:/respository/org/jetbrains/kotlin/kotlin-stdlib/1.2.71/kotlin-stdlib-1.2.71.jar!/kotlin/collections/ArraysKt.class

It was loaded from the following location:

    file:/D:/respository/org/jetbrains/kotlin/kotlin-stdlib/1.2.71/kotlin-stdlib-1.2.71.jar


Action:

Correct the classpath of your application so that it contains a single, compatible version of kotlin.collections.ArraysKt

